{"D:\\CSE412_Project\\Camellia\\frontend\\src\\setupTests.js": {"path":"D:\\CSE412_Project\\Camellia\\frontend\\src\\setupTests.js","statementMap":{},"fnMap":{},"branchMap":{},"s":{},"f":{},"b":{}}
,"D:\\CSE412_Project\\Camellia\\frontend\\src\\api\\admin.js": {"path":"D:\\CSE412_Project\\Camellia\\frontend\\src\\api\\admin.js","statementMap":{"0":{"start":{"line":3,"column":30},"end":{"line":3,"column":71}},"1":{"start":{"line":3,"column":45},"end":{"line":3,"column":71}},"2":{"start":{"line":4,"column":30},"end":{"line":4,"column":75}},"3":{"start":{"line":4,"column":45},"end":{"line":4,"column":75}},"4":{"start":{"line":5,"column":33},"end":{"line":5,"column":85}},"5":{"start":{"line":5,"column":45},"end":{"line":5,"column":85}},"6":{"start":{"line":6,"column":37},"end":{"line":7,"column":75}},"7":{"start":{"line":7,"column":2},"end":{"line":7,"column":75}},"8":{"start":{"line":8,"column":31},"end":{"line":8,"column":71}},"9":{"start":{"line":8,"column":46},"end":{"line":8,"column":71}},"10":{"start":{"line":9,"column":33},"end":{"line":10,"column":50}},"11":{"start":{"line":10,"column":2},"end":{"line":10,"column":50}},"12":{"start":{"line":12,"column":32},"end":{"line":12,"column":74}},"13":{"start":{"line":12,"column":45},"end":{"line":12,"column":74}},"14":{"start":{"line":13,"column":35},"end":{"line":13,"column":80}},"15":{"start":{"line":13,"column":45},"end":{"line":13,"column":80}},"16":{"start":{"line":15,"column":35},"end":{"line":16,"column":85}},"17":{"start":{"line":16,"column":2},"end":{"line":16,"column":85}},"18":{"start":{"line":17,"column":30},"end":{"line":18,"column":69}},"19":{"start":{"line":18,"column":2},"end":{"line":18,"column":69}},"20":{"start":{"line":20,"column":31},"end":{"line":20,"column":79}},"21":{"start":{"line":20,"column":46},"end":{"line":20,"column":79}},"22":{"start":{"line":21,"column":31},"end":{"line":21,"column":75}},"23":{"start":{"line":21,"column":45},"end":{"line":21,"column":75}},"24":{"start":{"line":22,"column":31},"end":{"line":22,"column":80}},"25":{"start":{"line":22,"column":45},"end":{"line":22,"column":80}},"26":{"start":{"line":23,"column":31},"end":{"line":23,"column":77}},"27":{"start":{"line":23,"column":45},"end":{"line":23,"column":77}},"28":{"start":{"line":25,"column":31},"end":{"line":25,"column":70}},"29":{"start":{"line":25,"column":45},"end":{"line":25,"column":70}},"30":{"start":{"line":26,"column":31},"end":{"line":26,"column":77}},"31":{"start":{"line":26,"column":45},"end":{"line":26,"column":77}},"32":{"start":{"line":27,"column":31},"end":{"line":27,"column":82}},"33":{"start":{"line":27,"column":45},"end":{"line":27,"column":82}},"34":{"start":{"line":28,"column":31},"end":{"line":28,"column":79}},"35":{"start":{"line":28,"column":45},"end":{"line":28,"column":79}},"36":{"start":{"line":30,"column":36},"end":{"line":30,"column":70}},"37":{"start":{"line":30,"column":44},"end":{"line":30,"column":70}},"38":{"start":{"line":31,"column":36},"end":{"line":31,"column":76}},"39":{"start":{"line":31,"column":44},"end":{"line":31,"column":76}},"40":{"start":{"line":32,"column":36},"end":{"line":32,"column":79}},"41":{"start":{"line":32,"column":44},"end":{"line":32,"column":79}},"42":{"start":{"line":34,"column":27},"end":{"line":40,"column":1}},"43":{"start":{"line":35,"column":19},"end":{"line":35,"column":33}},"44":{"start":{"line":36,"column":2},"end":{"line":36,"column":33}},"45":{"start":{"line":37,"column":2},"end":{"line":39,"column":5}},"46":{"start":{"line":41,"column":35},"end":{"line":41,"column":87}},"47":{"start":{"line":41,"column":44},"end":{"line":41,"column":87}},"48":{"start":{"line":44,"column":35},"end":{"line":45,"column":78}},"49":{"start":{"line":45,"column":2},"end":{"line":45,"column":78}}},"fnMap":{"0":{"name":"(anonymous_0)","decl":{"start":{"line":3,"column":30},"end":{"line":3,"column":31}},"loc":{"start":{"line":3,"column":45},"end":{"line":3,"column":71}},"line":3},"1":{"name":"(anonymous_1)","decl":{"start":{"line":4,"column":30},"end":{"line":4,"column":31}},"loc":{"start":{"line":4,"column":45},"end":{"line":4,"column":75}},"line":4},"2":{"name":"(anonymous_2)","decl":{"start":{"line":5,"column":33},"end":{"line":5,"column":34}},"loc":{"start":{"line":5,"column":45},"end":{"line":5,"column":85}},"line":5},"3":{"name":"(anonymous_3)","decl":{"start":{"line":6,"column":37},"end":{"line":6,"column":38}},"loc":{"start":{"line":7,"column":2},"end":{"line":7,"column":75}},"line":7},"4":{"name":"(anonymous_4)","decl":{"start":{"line":8,"column":31},"end":{"line":8,"column":32}},"loc":{"start":{"line":8,"column":46},"end":{"line":8,"column":71}},"line":8},"5":{"name":"(anonymous_5)","decl":{"start":{"line":9,"column":33},"end":{"line":9,"column":34}},"loc":{"start":{"line":10,"column":2},"end":{"line":10,"column":50}},"line":10},"6":{"name":"(anonymous_6)","decl":{"start":{"line":12,"column":32},"end":{"line":12,"column":33}},"loc":{"start":{"line":12,"column":45},"end":{"line":12,"column":74}},"line":12},"7":{"name":"(anonymous_7)","decl":{"start":{"line":13,"column":35},"end":{"line":13,"column":36}},"loc":{"start":{"line":13,"column":45},"end":{"line":13,"column":80}},"line":13},"8":{"name":"(anonymous_8)","decl":{"start":{"line":15,"column":35},"end":{"line":15,"column":36}},"loc":{"start":{"line":16,"column":2},"end":{"line":16,"column":85}},"line":16},"9":{"name":"(anonymous_9)","decl":{"start":{"line":17,"column":30},"end":{"line":17,"column":31}},"loc":{"start":{"line":18,"column":2},"end":{"line":18,"column":69}},"line":18},"10":{"name":"(anonymous_10)","decl":{"start":{"line":20,"column":31},"end":{"line":20,"column":32}},"loc":{"start":{"line":20,"column":46},"end":{"line":20,"column":79}},"line":20},"11":{"name":"(anonymous_11)","decl":{"start":{"line":21,"column":31},"end":{"line":21,"column":32}},"loc":{"start":{"line":21,"column":45},"end":{"line":21,"column":75}},"line":21},"12":{"name":"(anonymous_12)","decl":{"start":{"line":22,"column":31},"end":{"line":22,"column":32}},"loc":{"start":{"line":22,"column":45},"end":{"line":22,"column":80}},"line":22},"13":{"name":"(anonymous_13)","decl":{"start":{"line":23,"column":31},"end":{"line":23,"column":32}},"loc":{"start":{"line":23,"column":45},"end":{"line":23,"column":77}},"line":23},"14":{"name":"(anonymous_14)","decl":{"start":{"line":25,"column":31},"end":{"line":25,"column":32}},"loc":{"start":{"line":25,"column":45},"end":{"line":25,"column":70}},"line":25},"15":{"name":"(anonymous_15)","decl":{"start":{"line":26,"column":31},"end":{"line":26,"column":32}},"loc":{"start":{"line":26,"column":45},"end":{"line":26,"column":77}},"line":26},"16":{"name":"(anonymous_16)","decl":{"start":{"line":27,"column":31},"end":{"line":27,"column":32}},"loc":{"start":{"line":27,"column":45},"end":{"line":27,"column":82}},"line":27},"17":{"name":"(anonymous_17)","decl":{"start":{"line":28,"column":31},"end":{"line":28,"column":32}},"loc":{"start":{"line":28,"column":45},"end":{"line":28,"column":79}},"line":28},"18":{"name":"(anonymous_18)","decl":{"start":{"line":30,"column":36},"end":{"line":30,"column":37}},"loc":{"start":{"line":30,"column":44},"end":{"line":30,"column":70}},"line":30},"19":{"name":"(anonymous_19)","decl":{"start":{"line":31,"column":36},"end":{"line":31,"column":37}},"loc":{"start":{"line":31,"column":44},"end":{"line":31,"column":76}},"line":31},"20":{"name":"(anonymous_20)","decl":{"start":{"line":32,"column":36},"end":{"line":32,"column":37}},"loc":{"start":{"line":32,"column":44},"end":{"line":32,"column":79}},"line":32},"21":{"name":"(anonymous_21)","decl":{"start":{"line":34,"column":27},"end":{"line":34,"column":28}},"loc":{"start":{"line":34,"column":37},"end":{"line":40,"column":1}},"line":34},"22":{"name":"(anonymous_22)","decl":{"start":{"line":41,"column":35},"end":{"line":41,"column":36}},"loc":{"start":{"line":41,"column":44},"end":{"line":41,"column":87}},"line":41},"23":{"name":"(anonymous_23)","decl":{"start":{"line":44,"column":35},"end":{"line":44,"column":36}},"loc":{"start":{"line":45,"column":2},"end":{"line":45,"column":78}},"line":45}},"branchMap":{"0":{"loc":{"start":{"line":16,"column":52},"end":{"line":16,"column":82}},"type":"cond-expr","locations":[{"start":{"line":16,"column":64},"end":{"line":16,"column":77}},{"start":{"line":16,"column":80},"end":{"line":16,"column":82}}],"line":16}},"s":{"0":1,"1":2,"2":1,"3":2,"4":1,"5":1,"6":1,"7":1,"8":1,"9":2,"10":1,"11":3,"12":1,"13":1,"14":1,"15":1,"16":1,"17":3,"18":1,"19":2,"20":1,"21":1,"22":1,"23":2,"24":1,"25":2,"26":1,"27":2,"28":1,"29":1,"30":1,"31":1,"32":1,"33":1,"34":1,"35":1,"36":1,"37":1,"38":1,"39":1,"40":1,"41":1,"42":1,"43":1,"44":1,"45":1,"46":1,"47":1,"48":1,"49":2},"f":{"0":2,"1":2,"2":1,"3":1,"4":2,"5":3,"6":1,"7":1,"8":3,"9":2,"10":1,"11":2,"12":2,"13":2,"14":1,"15":1,"16":1,"17":1,"18":1,"19":1,"20":1,"21":1,"22":1,"23":2},"b":{"0":[1,2]},"_coverageSchema":"1a1c01bbd47fc00a2c39e90264f33305004495a9","hash":"e686ce75fe6e870317bf32c3e10967c84596eae8"}
,"D:\\CSE412_Project\\Camellia\\frontend\\src\\api\\auth.js": {"path":"D:\\CSE412_Project\\Camellia\\frontend\\src\\api\\auth.js","statementMap":{"0":{"start":{"line":4,"column":24},"end":{"line":4,"column":69}},"1":{"start":{"line":4,"column":34},"end":{"line":4,"column":69}},"2":{"start":{"line":9,"column":21},"end":{"line":17,"column":1}},"3":{"start":{"line":10,"column":18},"end":{"line":12,"column":40}},"4":{"start":{"line":13,"column":14},"end":{"line":13,"column":55}},"5":{"start":{"line":14,"column":2},"end":{"line":14,"column":50}},"6":{"start":{"line":14,"column":34},"end":{"line":14,"column":50}},"7":{"start":{"line":15,"column":2},"end":{"line":15,"column":33}},"8":{"start":{"line":16,"column":2},"end":{"line":16,"column":18}},"9":{"start":{"line":19,"column":36},"end":{"line":23,"column":1}},"10":{"start":{"line":20,"column":14},"end":{"line":20,"column":72}},"11":{"start":{"line":21,"column":2},"end":{"line":21,"column":33}},"12":{"start":{"line":22,"column":2},"end":{"line":22,"column":18}},"13":{"start":{"line":25,"column":22},"end":{"line":28,"column":1}},"14":{"start":{"line":26,"column":2},"end":{"line":26,"column":21}},"15":{"start":{"line":27,"column":2},"end":{"line":27,"column":72}},"16":{"start":{"line":27,"column":8},"end":{"line":27,"column":42}},"17":{"start":{"line":30,"column":21},"end":{"line":30,"column":49}},"18":{"start":{"line":30,"column":27},"end":{"line":30,"column":49}},"19":{"start":{"line":31,"column":29},"end":{"line":31,"column":92}},"20":{"start":{"line":31,"column":43},"end":{"line":31,"column":92}},"21":{"start":{"line":34,"column":29},"end":{"line":34,"column":69}},"22":{"start":{"line":34,"column":39},"end":{"line":34,"column":69}},"23":{"start":{"line":35,"column":29},"end":{"line":35,"column":75}},"24":{"start":{"line":35,"column":39},"end":{"line":35,"column":75}},"25":{"start":{"line":38,"column":35},"end":{"line":38,"column":112}},"26":{"start":{"line":38,"column":51},"end":{"line":38,"column":112}},"27":{"start":{"line":39,"column":39},"end":{"line":40,"column":78}},"28":{"start":{"line":40,"column":2},"end":{"line":40,"column":78}},"29":{"start":{"line":43,"column":30},"end":{"line":43,"column":66}},"30":{"start":{"line":43,"column":36},"end":{"line":43,"column":66}},"31":{"start":{"line":44,"column":37},"end":{"line":44,"column":94}},"32":{"start":{"line":44,"column":47},"end":{"line":44,"column":94}},"33":{"start":{"line":45,"column":32},"end":{"line":45,"column":92}},"34":{"start":{"line":45,"column":46},"end":{"line":45,"column":92}},"35":{"start":{"line":48,"column":30},"end":{"line":48,"column":95}},"36":{"start":{"line":48,"column":46},"end":{"line":48,"column":95}},"37":{"start":{"line":49,"column":30},"end":{"line":49,"column":83}},"38":{"start":{"line":49,"column":41},"end":{"line":49,"column":83}}},"fnMap":{"0":{"name":"(anonymous_0)","decl":{"start":{"line":4,"column":24},"end":{"line":4,"column":25}},"loc":{"start":{"line":4,"column":34},"end":{"line":4,"column":69}},"line":4},"1":{"name":"(anonymous_1)","decl":{"start":{"line":9,"column":21},"end":{"line":9,"column":22}},"loc":{"start":{"line":9,"column":53},"end":{"line":17,"column":1}},"line":9},"2":{"name":"(anonymous_2)","decl":{"start":{"line":19,"column":36},"end":{"line":19,"column":37}},"loc":{"start":{"line":19,"column":63},"end":{"line":23,"column":1}},"line":19},"3":{"name":"(anonymous_3)","decl":{"start":{"line":25,"column":22},"end":{"line":25,"column":23}},"loc":{"start":{"line":25,"column":34},"end":{"line":28,"column":1}},"line":25},"4":{"name":"(anonymous_4)","decl":{"start":{"line":30,"column":21},"end":{"line":30,"column":22}},"loc":{"start":{"line":30,"column":27},"end":{"line":30,"column":49}},"line":30},"5":{"name":"(anonymous_5)","decl":{"start":{"line":31,"column":29},"end":{"line":31,"column":30}},"loc":{"start":{"line":31,"column":43},"end":{"line":31,"column":92}},"line":31},"6":{"name":"(anonymous_6)","decl":{"start":{"line":34,"column":29},"end":{"line":34,"column":30}},"loc":{"start":{"line":34,"column":39},"end":{"line":34,"column":69}},"line":34},"7":{"name":"(anonymous_7)","decl":{"start":{"line":35,"column":29},"end":{"line":35,"column":30}},"loc":{"start":{"line":35,"column":39},"end":{"line":35,"column":75}},"line":35},"8":{"name":"(anonymous_8)","decl":{"start":{"line":38,"column":35},"end":{"line":38,"column":36}},"loc":{"start":{"line":38,"column":51},"end":{"line":38,"column":112}},"line":38},"9":{"name":"(anonymous_9)","decl":{"start":{"line":39,"column":39},"end":{"line":39,"column":40}},"loc":{"start":{"line":40,"column":2},"end":{"line":40,"column":78}},"line":40},"10":{"name":"(anonymous_10)","decl":{"start":{"line":43,"column":30},"end":{"line":43,"column":31}},"loc":{"start":{"line":43,"column":36},"end":{"line":43,"column":66}},"line":43},"11":{"name":"(anonymous_11)","decl":{"start":{"line":44,"column":37},"end":{"line":44,"column":38}},"loc":{"start":{"line":44,"column":47},"end":{"line":44,"column":94}},"line":44},"12":{"name":"(anonymous_12)","decl":{"start":{"line":45,"column":32},"end":{"line":45,"column":33}},"loc":{"start":{"line":45,"column":46},"end":{"line":45,"column":92}},"line":45},"13":{"name":"(anonymous_13)","decl":{"start":{"line":48,"column":30},"end":{"line":48,"column":31}},"loc":{"start":{"line":48,"column":46},"end":{"line":48,"column":95}},"line":48},"14":{"name":"(anonymous_14)","decl":{"start":{"line":49,"column":30},"end":{"line":49,"column":31}},"loc":{"start":{"line":49,"column":41},"end":{"line":49,"column":83}},"line":49}},"branchMap":{"0":{"loc":{"start":{"line":10,"column":18},"end":{"line":12,"column":40}},"type":"cond-expr","locations":[{"start":{"line":11,"column":6},"end":{"line":11,"column":37}},{"start":{"line":12,"column":6},"end":{"line":12,"column":40}}],"line":10},"1":{"loc":{"start":{"line":14,"column":2},"end":{"line":14,"column":50}},"type":"if","locations":[{"start":{"line":14,"column":2},"end":{"line":14,"column":50}},{"start":{},"end":{}}],"line":14}},"s":{"0":1,"1":2,"2":1,"3":4,"4":4,"5":3,"6":1,"7":2,"8":2,"9":1,"10":2,"11":1,"12":1,"13":1,"14":2,"15":2,"16":2,"17":1,"18":2,"19":1,"20":2,"21":1,"22":1,"23":1,"24":1,"25":1,"26":2,"27":1,"28":2,"29":1,"30":1,"31":1,"32":2,"33":1,"34":2,"35":1,"36":2,"37":1,"38":2},"f":{"0":2,"1":4,"2":2,"3":2,"4":2,"5":2,"6":1,"7":1,"8":2,"9":2,"10":1,"11":2,"12":2,"13":2,"14":2},"b":{"0":[3,1],"1":[1,2]},"_coverageSchema":"1a1c01bbd47fc00a2c39e90264f33305004495a9","hash":"4a62dccbd35bba997b826dda1254cb93e9a5fef1"}
,"D:\\CSE412_Project\\Camellia\\frontend\\src\\api\\cart.js": {"path":"D:\\CSE412_Project\\Camellia\\frontend\\src\\api\\cart.js","statementMap":{"0":{"start":{"line":6,"column":23},"end":{"line":6,"column":48}},"1":{"start":{"line":6,"column":29},"end":{"line":6,"column":48}},"2":{"start":{"line":8,"column":25},"end":{"line":9,"column":56}},"3":{"start":{"line":9,"column":2},"end":{"line":9,"column":56}},"4":{"start":{"line":12,"column":30},"end":{"line":13,"column":51}},"5":{"start":{"line":13,"column":2},"end":{"line":13,"column":51}},"6":{"start":{"line":16,"column":30},"end":{"line":16,"column":82}},"7":{"start":{"line":16,"column":46},"end":{"line":16,"column":82}},"8":{"start":{"line":20,"column":24},"end":{"line":21,"column":105}},"9":{"start":{"line":21,"column":2},"end":{"line":21,"column":105}},"10":{"start":{"line":23,"column":25},"end":{"line":23,"column":52}},"11":{"start":{"line":23,"column":31},"end":{"line":23,"column":52}},"12":{"start":{"line":25,"column":29},"end":{"line":26,"column":122}},"13":{"start":{"line":26,"column":2},"end":{"line":26,"column":122}},"14":{"start":{"line":30,"column":32},"end":{"line":31,"column":57}},"15":{"start":{"line":31,"column":2},"end":{"line":31,"column":57}}},"fnMap":{"0":{"name":"(anonymous_0)","decl":{"start":{"line":6,"column":23},"end":{"line":6,"column":24}},"loc":{"start":{"line":6,"column":29},"end":{"line":6,"column":48}},"line":6},"1":{"name":"(anonymous_1)","decl":{"start":{"line":8,"column":25},"end":{"line":8,"column":26}},"loc":{"start":{"line":9,"column":2},"end":{"line":9,"column":56}},"line":9},"2":{"name":"(anonymous_2)","decl":{"start":{"line":12,"column":30},"end":{"line":12,"column":31}},"loc":{"start":{"line":13,"column":2},"end":{"line":13,"column":51}},"line":13},"3":{"name":"(anonymous_3)","decl":{"start":{"line":16,"column":30},"end":{"line":16,"column":31}},"loc":{"start":{"line":16,"column":46},"end":{"line":16,"column":82}},"line":16},"4":{"name":"(anonymous_4)","decl":{"start":{"line":20,"column":24},"end":{"line":20,"column":25}},"loc":{"start":{"line":21,"column":2},"end":{"line":21,"column":105}},"line":21},"5":{"name":"(anonymous_5)","decl":{"start":{"line":23,"column":25},"end":{"line":23,"column":26}},"loc":{"start":{"line":23,"column":31},"end":{"line":23,"column":52}},"line":23},"6":{"name":"(anonymous_6)","decl":{"start":{"line":25,"column":29},"end":{"line":25,"column":30}},"loc":{"start":{"line":26,"column":2},"end":{"line":26,"column":122}},"line":26},"7":{"name":"(anonymous_7)","decl":{"start":{"line":30,"column":32},"end":{"line":30,"column":33}},"loc":{"start":{"line":31,"column":2},"end":{"line":31,"column":57}},"line":31}},"branchMap":{"0":{"loc":{"start":{"line":8,"column":37},"end":{"line":8,"column":49}},"type":"default-arg","locations":[{"start":{"line":8,"column":48},"end":{"line":8,"column":49}}],"line":8},"1":{"loc":{"start":{"line":21,"column":79},"end":{"line":21,"column":102}},"type":"binary-expr","locations":[{"start":{"line":21,"column":79},"end":{"line":21,"column":89}},{"start":{"line":21,"column":93},"end":{"line":21,"column":102}}],"line":21},"2":{"loc":{"start":{"line":26,"column":96},"end":{"line":26,"column":119}},"type":"binary-expr","locations":[{"start":{"line":26,"column":96},"end":{"line":26,"column":106}},{"start":{"line":26,"column":110},"end":{"line":26,"column":119}}],"line":26}},"s":{"0":1,"1":3,"2":1,"3":5,"4":1,"5":4,"6":1,"7":4,"8":1,"9":4,"10":1,"11":2,"12":1,"13":4,"14":1,"15":2},"f":{"0":3,"1":5,"2":4,"3":4,"4":4,"5":2,"6":4,"7":2},"b":{"0":[1],"1":[4,3],"2":[4,3]},"_coverageSchema":"1a1c01bbd47fc00a2c39e90264f33305004495a9","hash":"d165dbbb96903754e6df8c11b7c721f9a40e1495"}
,"D:\\CSE412_Project\\Camellia\\frontend\\src\\api\\chat.js": {"path":"D:\\CSE412_Project\\Camellia\\frontend\\src\\api\\chat.js","statementMap":{"0":{"start":{"line":3,"column":20},"end":{"line":3,"column":43}},"1":{"start":{"line":5,"column":26},"end":{"line":5,"column":95}},"2":{"start":{"line":5,"column":32},"end":{"line":5,"column":95}},"3":{"start":{"line":8,"column":11},"end":{"line":8,"column":44}},"4":{"start":{"line":9,"column":2},"end":{"line":12,"column":3}},"5":{"start":{"line":10,"column":4},"end":{"line":10,"column":29}},"6":{"start":{"line":11,"column":4},"end":{"line":11,"column":42}},"7":{"start":{"line":13,"column":2},"end":{"line":13,"column":12}},"8":{"start":{"line":20,"column":13},"end":{"line":20,"column":32}},"9":{"start":{"line":21,"column":2},"end":{"line":21,"column":40}},"10":{"start":{"line":22,"column":2},"end":{"line":22,"column":12}},"11":{"start":{"line":28,"column":2},"end":{"line":28,"column":47}},"12":{"start":{"line":35,"column":2},"end":{"line":35,"column":39}},"13":{"start":{"line":36,"column":2},"end":{"line":36,"column":56}},"14":{"start":{"line":39,"column":31},"end":{"line":40,"column":54}},"15":{"start":{"line":40,"column":2},"end":{"line":40,"column":54}},"16":{"start":{"line":42,"column":30},"end":{"line":43,"column":42}},"17":{"start":{"line":43,"column":2},"end":{"line":43,"column":42}},"18":{"start":{"line":45,"column":36},"end":{"line":46,"column":35}},"19":{"start":{"line":46,"column":2},"end":{"line":46,"column":35}}},"fnMap":{"0":{"name":"(anonymous_0)","decl":{"start":{"line":5,"column":26},"end":{"line":5,"column":27}},"loc":{"start":{"line":5,"column":32},"end":{"line":5,"column":95}},"line":5},"1":{"name":"getSessionId","decl":{"start":{"line":7,"column":16},"end":{"line":7,"column":28}},"loc":{"start":{"line":7,"column":31},"end":{"line":14,"column":1}},"line":7},"2":{"name":"startNewSession","decl":{"start":{"line":19,"column":16},"end":{"line":19,"column":31}},"loc":{"start":{"line":19,"column":34},"end":{"line":23,"column":1}},"line":19},"3":{"name":"setActiveSessionId","decl":{"start":{"line":27,"column":16},"end":{"line":27,"column":34}},"loc":{"start":{"line":27,"column":46},"end":{"line":29,"column":1}},"line":27},"4":{"name":"resetChatSession","decl":{"start":{"line":34,"column":16},"end":{"line":34,"column":32}},"loc":{"start":{"line":34,"column":35},"end":{"line":37,"column":1}},"line":34},"5":{"name":"(anonymous_5)","decl":{"start":{"line":39,"column":31},"end":{"line":39,"column":32}},"loc":{"start":{"line":40,"column":2},"end":{"line":40,"column":54}},"line":40},"6":{"name":"(anonymous_6)","decl":{"start":{"line":42,"column":30},"end":{"line":42,"column":31}},"loc":{"start":{"line":43,"column":2},"end":{"line":43,"column":42}},"line":43},"7":{"name":"(anonymous_7)","decl":{"start":{"line":45,"column":36},"end":{"line":45,"column":37}},"loc":{"start":{"line":46,"column":2},"end":{"line":46,"column":35}},"line":46}},"branchMap":{"0":{"loc":{"start":{"line":9,"column":2},"end":{"line":12,"column":3}},"type":"if","locations":[{"start":{"line":9,"column":2},"end":{"line":12,"column":3}},{"start":{},"end":{}}],"line":9}},"s":{"0":1,"1":1,"2":10,"3":11,"4":11,"5":6,"6":6,"7":11,"8":4,"9":4,"10":4,"11":3,"12":5,"13":5,"14":1,"15":5,"16":1,"17":4,"18":1,"19":3},"f":{"0":10,"1":11,"2":4,"3":3,"4":5,"5":5,"6":4,"7":3},"b":{"0":[6,5]},"_coverageSchema":"1a1c01bbd47fc00a2c39e90264f33305004495a9","hash":"88b38d2866129dffca82d7fe09d5f86f1211cc10"}
,"D:\\CSE412_Project\\Camellia\\frontend\\src\\api\\client.js": {"path":"D:\\CSE412_Project\\Camellia\\frontend\\src\\api\\client.js","statementMap":{"0":{"start":{"line":7,"column":2},"end":{"line":7,"column":47}},"1":{"start":{"line":9,"column":15},"end":{"line":13,"column":2}},"2":{"start":{"line":15,"column":0},"end":{"line":19,"column":3}},"3":{"start":{"line":16,"column":16},"end":{"line":16,"column":32}},"4":{"start":{"line":17,"column":2},"end":{"line":17,"column":62}},"5":{"start":{"line":17,"column":13},"end":{"line":17,"column":62}},"6":{"start":{"line":18,"column":2},"end":{"line":18,"column":16}},"7":{"start":{"line":26,"column":21},"end":{"line":26,"column":25}},"8":{"start":{"line":29,"column":2},"end":{"line":39,"column":3}},"9":{"start":{"line":30,"column":4},"end":{"line":38,"column":9}},"10":{"start":{"line":33,"column":8},"end":{"line":33,"column":39}},"11":{"start":{"line":34,"column":8},"end":{"line":34,"column":30}},"12":{"start":{"line":37,"column":8},"end":{"line":37,"column":30}},"13":{"start":{"line":40,"column":2},"end":{"line":40,"column":24}},"14":{"start":{"line":43,"column":0},"end":{"line":74,"column":2}},"15":{"start":{"line":44,"column":16},"end":{"line":44,"column":24}},"16":{"start":{"line":46,"column":33},"end":{"line":46,"column":38}},"17":{"start":{"line":47,"column":19},"end":{"line":47,"column":35}},"18":{"start":{"line":48,"column":17},"end":{"line":48,"column":37}},"19":{"start":{"line":50,"column":27},"end":{"line":50,"column":60}},"20":{"start":{"line":52,"column":4},"end":{"line":63,"column":5}},"21":{"start":{"line":53,"column":6},"end":{"line":53,"column":29}},"22":{"start":{"line":54,"column":6},"end":{"line":62,"column":7}},"23":{"start":{"line":55,"column":25},"end":{"line":55,"column":51}},"24":{"start":{"line":56,"column":8},"end":{"line":56,"column":60}},"25":{"start":{"line":57,"column":8},"end":{"line":57,"column":30}},"26":{"start":{"line":59,"column":8},"end":{"line":59,"column":27}},"27":{"start":{"line":60,"column":8},"end":{"line":60,"column":61}},"28":{"start":{"line":61,"column":8},"end":{"line":61,"column":37}},"29":{"start":{"line":67,"column":4},"end":{"line":70,"column":5}},"30":{"start":{"line":68,"column":6},"end":{"line":68,"column":25}},"31":{"start":{"line":69,"column":6},"end":{"line":69,"column":59}},"32":{"start":{"line":72,"column":4},"end":{"line":72,"column":33}}},"fnMap":{"0":{"name":"(anonymous_0)","decl":{"start":{"line":15,"column":32},"end":{"line":15,"column":33}},"loc":{"start":{"line":15,"column":44},"end":{"line":19,"column":1}},"line":15},"1":{"name":"refreshAccessToken","decl":{"start":{"line":28,"column":22},"end":{"line":28,"column":40}},"loc":{"start":{"line":28,"column":43},"end":{"line":41,"column":1}},"line":28},"2":{"name":"(anonymous_2)","decl":{"start":{"line":32,"column":12},"end":{"line":32,"column":13}},"loc":{"start":{"line":32,"column":21},"end":{"line":35,"column":7}},"line":32},"3":{"name":"(anonymous_3)","decl":{"start":{"line":36,"column":15},"end":{"line":36,"column":16}},"loc":{"start":{"line":36,"column":21},"end":{"line":38,"column":7}},"line":36},"4":{"name":"(anonymous_4)","decl":{"start":{"line":44,"column":2},"end":{"line":44,"column":3}},"loc":{"start":{"line":44,"column":16},"end":{"line":44,"column":24}},"line":44},"5":{"name":"(anonymous_5)","decl":{"start":{"line":45,"column":2},"end":{"line":45,"column":3}},"loc":{"start":{"line":45,"column":19},"end":{"line":73,"column":3}},"line":45}},"branchMap":{"0":{"loc":{"start":{"line":7,"column":2},"end":{"line":7,"column":47}},"type":"binary-expr","locations":[{"start":{"line":7,"column":2},"end":{"line":7,"column":37}},{"start":{"line":7,"column":41},"end":{"line":7,"column":47}}],"line":7},"1":{"loc":{"start":{"line":17,"column":2},"end":{"line":17,"column":62}},"type":"if","locations":[{"start":{"line":17,"column":2},"end":{"line":17,"column":62}},{"start":{},"end":{}}],"line":17},"2":{"loc":{"start":{"line":29,"column":2},"end":{"line":39,"column":3}},"type":"if","locations":[{"start":{"line":29,"column":2},"end":{"line":39,"column":3}},{"start":{},"end":{}}],"line":29},"3":{"loc":{"start":{"line":52,"column":4},"end":{"line":63,"column":5}},"type":"if","locations":[{"start":{"line":52,"column":4},"end":{"line":63,"column":5}},{"start":{},"end":{}}],"line":52},"4":{"loc":{"start":{"line":52,"column":8},"end":{"line":52,"column":89}},"type":"binary-expr","locations":[{"start":{"line":52,"column":8},"end":{"line":52,"column":22}},{"start":{"line":52,"column":26},"end":{"line":52,"column":50}},{"start":{"line":52,"column":54},"end":{"line":52,"column":70}},{"start":{"line":52,"column":74},"end":{"line":52,"column":89}}],"line":52},"5":{"loc":{"start":{"line":67,"column":4},"end":{"line":70,"column":5}},"type":"if","locations":[{"start":{"line":67,"column":4},"end":{"line":70,"column":5}},{"start":{},"end":{}}],"line":67},"6":{"loc":{"start":{"line":67,"column":8},"end":{"line":67,"column":42}},"type":"binary-expr","locations":[{"start":{"line":67,"column":8},"end":{"line":67,"column":22}},{"start":{"line":67,"column":26},"end":{"line":67,"column":42}}],"line":67}},"s":{"0":1,"1":1,"2":1,"3":5,"4":5,"5":4,"6":5,"7":1,"8":14,"9":13,"10":10,"11":10,"12":13,"13":14,"14":1,"15":3,"16":17,"17":17,"18":17,"19":17,"20":17,"21":6,"22":6,"23":6,"24":4,"25":4,"26":2,"27":2,"28":2,"29":11,"30":3,"31":3,"32":11},"f":{"0":5,"1":14,"2":10,"3":13,"4":3,"5":17},"b":{"0":[1,1],"1":[4,1],"2":[13,1],"3":[6,11],"4":[17,13,10,9],"5":[3,8],"6":[11,7]},"_coverageSchema":"1a1c01bbd47fc00a2c39e90264f33305004495a9","hash":"9e7cc09ab6fe1f40894049bc8ed6931fc6a7c03d"}
,"D:\\CSE412_Project\\Camellia\\frontend\\src\\api\\coupons.js": {"path":"D:\\CSE412_Project\\Camellia\\frontend\\src\\api\\coupons.js","statementMap":{"0":{"start":{"line":5,"column":30},"end":{"line":6,"column":80}},"1":{"start":{"line":6,"column":2},"end":{"line":6,"column":80}},"2":{"start":{"line":9,"column":29},"end":{"line":9,"column":81}},"3":{"start":{"line":9,"column":41},"end":{"line":9,"column":81}},"4":{"start":{"line":10,"column":30},"end":{"line":10,"column":76}},"5":{"start":{"line":10,"column":42},"end":{"line":10,"column":76}},"6":{"start":{"line":11,"column":30},"end":{"line":11,"column":77}},"7":{"start":{"line":11,"column":42},"end":{"line":11,"column":77}},"8":{"start":{"line":12,"column":30},"end":{"line":12,"column":84}},"9":{"start":{"line":12,"column":44},"end":{"line":12,"column":84}},"10":{"start":{"line":13,"column":30},"end":{"line":13,"column":79}},"11":{"start":{"line":13,"column":42},"end":{"line":13,"column":79}},"12":{"start":{"line":14,"column":31},"end":{"line":15,"column":59}},"13":{"start":{"line":15,"column":2},"end":{"line":15,"column":59}}},"fnMap":{"0":{"name":"(anonymous_0)","decl":{"start":{"line":5,"column":30},"end":{"line":5,"column":31}},"loc":{"start":{"line":6,"column":2},"end":{"line":6,"column":80}},"line":6},"1":{"name":"(anonymous_1)","decl":{"start":{"line":9,"column":29},"end":{"line":9,"column":30}},"loc":{"start":{"line":9,"column":41},"end":{"line":9,"column":81}},"line":9},"2":{"name":"(anonymous_2)","decl":{"start":{"line":10,"column":30},"end":{"line":10,"column":31}},"loc":{"start":{"line":10,"column":42},"end":{"line":10,"column":76}},"line":10},"3":{"name":"(anonymous_3)","decl":{"start":{"line":11,"column":30},"end":{"line":11,"column":31}},"loc":{"start":{"line":11,"column":42},"end":{"line":11,"column":77}},"line":11},"4":{"name":"(anonymous_4)","decl":{"start":{"line":12,"column":30},"end":{"line":12,"column":31}},"loc":{"start":{"line":12,"column":44},"end":{"line":12,"column":84}},"line":12},"5":{"name":"(anonymous_5)","decl":{"start":{"line":13,"column":30},"end":{"line":13,"column":31}},"loc":{"start":{"line":13,"column":42},"end":{"line":13,"column":79}},"line":13},"6":{"name":"(anonymous_6)","decl":{"start":{"line":14,"column":31},"end":{"line":14,"column":32}},"loc":{"start":{"line":15,"column":2},"end":{"line":15,"column":59}},"line":15}},"branchMap":{},"s":{"0":1,"1":5,"2":1,"3":4,"4":1,"5":4,"6":1,"7":4,"8":1,"9":4,"10":1,"11":4,"12":1,"13":4},"f":{"0":5,"1":4,"2":4,"3":4,"4":4,"5":4,"6":4},"b":{},"_coverageSchema":"1a1c01bbd47fc00a2c39e90264f33305004495a9","hash":"65548f80b32d7dfb2bbd34dbb5e9a0867711d4b6"}
,"D:\\CSE412_Project\\Camellia\\frontend\\src\\api\\notifications.js": {"path":"D:\\CSE412_Project\\Camellia\\frontend\\src\\api\\notifications.js","statementMap":{"0":{"start":{"line":3,"column":32},"end":{"line":3,"column":66}},"1":{"start":{"line":3,"column":38},"end":{"line":3,"column":66}},"2":{"start":{"line":5,"column":26},"end":{"line":5,"column":75}},"3":{"start":{"line":5,"column":34},"end":{"line":5,"column":75}},"4":{"start":{"line":7,"column":29},"end":{"line":7,"column":74}},"5":{"start":{"line":7,"column":35},"end":{"line":7,"column":74}}},"fnMap":{"0":{"name":"(anonymous_0)","decl":{"start":{"line":3,"column":32},"end":{"line":3,"column":33}},"loc":{"start":{"line":3,"column":38},"end":{"line":3,"column":66}},"line":3},"1":{"name":"(anonymous_1)","decl":{"start":{"line":5,"column":26},"end":{"line":5,"column":27}},"loc":{"start":{"line":5,"column":34},"end":{"line":5,"column":75}},"line":5},"2":{"name":"(anonymous_2)","decl":{"start":{"line":7,"column":29},"end":{"line":7,"column":30}},"loc":{"start":{"line":7,"column":35},"end":{"line":7,"column":74}},"line":7}},"branchMap":{},"s":{"0":1,"1":5,"2":1,"3":6,"4":1,"5":5},"f":{"0":5,"1":6,"2":5},"b":{},"_coverageSchema":"1a1c01bbd47fc00a2c39e90264f33305004495a9","hash":"cdb784e6bea1b8335ad949767882cbadd77875fd"}
,"D:\\CSE412_Project\\Camellia\\frontend\\src\\api\\products.js": {"path":"D:\\CSE412_Project\\Camellia\\frontend\\src\\api\\products.js","statementMap":{"0":{"start":{"line":3,"column":27},"end":{"line":3,"column":79}},"1":{"start":{"line":3,"column":44},"end":{"line":3,"column":79}},"2":{"start":{"line":4,"column":29},"end":{"line":4,"column":60}},"3":{"start":{"line":4,"column":35},"end":{"line":4,"column":60}},"4":{"start":{"line":5,"column":30},"end":{"line":5,"column":67}},"5":{"start":{"line":5,"column":38},"end":{"line":5,"column":67}},"6":{"start":{"line":6,"column":34},"end":{"line":7,"column":77}},"7":{"start":{"line":7,"column":2},"end":{"line":7,"column":77}},"8":{"start":{"line":8,"column":30},"end":{"line":9,"column":59}},"9":{"start":{"line":9,"column":2},"end":{"line":9,"column":59}}},"fnMap":{"0":{"name":"(anonymous_0)","decl":{"start":{"line":3,"column":27},"end":{"line":3,"column":28}},"loc":{"start":{"line":3,"column":44},"end":{"line":3,"column":79}},"line":3},"1":{"name":"(anonymous_1)","decl":{"start":{"line":4,"column":29},"end":{"line":4,"column":30}},"loc":{"start":{"line":4,"column":35},"end":{"line":4,"column":60}},"line":4},"2":{"name":"(anonymous_2)","decl":{"start":{"line":5,"column":30},"end":{"line":5,"column":31}},"loc":{"start":{"line":5,"column":38},"end":{"line":5,"column":67}},"line":5},"3":{"name":"(anonymous_3)","decl":{"start":{"line":6,"column":34},"end":{"line":6,"column":35}},"loc":{"start":{"line":7,"column":2},"end":{"line":7,"column":77}},"line":7},"4":{"name":"(anonymous_4)","decl":{"start":{"line":8,"column":30},"end":{"line":8,"column":31}},"loc":{"start":{"line":9,"column":2},"end":{"line":9,"column":59}},"line":9}},"branchMap":{"0":{"loc":{"start":{"line":3,"column":28},"end":{"line":3,"column":39}},"type":"default-arg","locations":[{"start":{"line":3,"column":37},"end":{"line":3,"column":39}}],"line":3},"1":{"loc":{"start":{"line":6,"column":46},"end":{"line":6,"column":55}},"type":"default-arg","locations":[{"start":{"line":6,"column":54},"end":{"line":6,"column":55}}],"line":6}},"s":{"0":0,"1":0,"2":0,"3":0,"4":0,"5":0,"6":0,"7":0,"8":0,"9":0},"f":{"0":0,"1":0,"2":0,"3":0,"4":0},"b":{"0":[0],"1":[0]}}
,"D:\\CSE412_Project\\Camellia\\frontend\\src\\api\\settings.js": {"path":"D:\\CSE412_Project\\Camellia\\frontend\\src\\api\\settings.js","statementMap":{"0":{"start":{"line":5,"column":26},"end":{"line":5,"column":63}},"1":{"start":{"line":5,"column":32},"end":{"line":5,"column":63}}},"fnMap":{"0":{"name":"(anonymous_0)","decl":{"start":{"line":5,"column":26},"end":{"line":5,"column":27}},"loc":{"start":{"line":5,"column":32},"end":{"line":5,"column":63}},"line":5}},"branchMap":{},"s":{"0":0,"1":0},"f":{"0":0},"b":{}}
,"D:\\CSE412_Project\\Camellia\\frontend\\src\\api\\tokenStore.js": {"path":"D:\\CSE412_Project\\Camellia\\frontend\\src\\api\\tokenStore.js","statementMap":{"0":{"start":{"line":5,"column":18},"end":{"line":5,"column":22}},"1":{"start":{"line":7,"column":30},"end":{"line":7,"column":47}},"2":{"start":{"line":7,"column":36},"end":{"line":7,"column":47}},"3":{"start":{"line":8,"column":30},"end":{"line":8,"column":65}},"4":{"start":{"line":8,"column":43},"end":{"line":8,"column":63}},"5":{"start":{"line":9,"column":32},"end":{"line":9,"column":61}},"6":{"start":{"line":9,"column":40},"end":{"line":9,"column":59}}},"fnMap":{"0":{"name":"(anonymous_0)","decl":{"start":{"line":7,"column":30},"end":{"line":7,"column":31}},"loc":{"start":{"line":7,"column":36},"end":{"line":7,"column":47}},"line":7},"1":{"name":"(anonymous_1)","decl":{"start":{"line":8,"column":30},"end":{"line":8,"column":31}},"loc":{"start":{"line":8,"column":41},"end":{"line":8,"column":65}},"line":8},"2":{"name":"(anonymous_2)","decl":{"start":{"line":9,"column":32},"end":{"line":9,"column":33}},"loc":{"start":{"line":9,"column":38},"end":{"line":9,"column":61}},"line":9}},"branchMap":{},"s":{"0":0,"1":0,"2":0,"3":0,"4":0,"5":0,"6":0},"f":{"0":0,"1":0,"2":0},"b":{}}
,"D:\\CSE412_Project\\Camellia\\frontend\\src\\api\\wishlist.js": {"path":"D:\\CSE412_Project\\Camellia\\frontend\\src\\api\\wishlist.js","statementMap":{"0":{"start":{"line":3,"column":27},"end":{"line":3,"column":56}},"1":{"start":{"line":3,"column":33},"end":{"line":3,"column":56}},"2":{"start":{"line":5,"column":29},"end":{"line":6,"column":41}},"3":{"start":{"line":6,"column":2},"end":{"line":6,"column":41}},"4":{"start":{"line":8,"column":34},"end":{"line":9,"column":41}},"5":{"start":{"line":9,"column":2},"end":{"line":9,"column":41}},"6":{"start":{"line":11,"column":29},"end":{"line":11,"column":67}},"7":{"start":{"line":11,"column":35},"end":{"line":11,"column":67}}},"fnMap":{"0":{"name":"(anonymous_0)","decl":{"start":{"line":3,"column":27},"end":{"line":3,"column":28}},"loc":{"start":{"line":3,"column":33},"end":{"line":3,"column":56}},"line":3},"1":{"name":"(anonymous_1)","decl":{"start":{"line":5,"column":29},"end":{"line":5,"column":30}},"loc":{"start":{"line":6,"column":2},"end":{"line":6,"column":41}},"line":6},"2":{"name":"(anonymous_2)","decl":{"start":{"line":8,"column":34},"end":{"line":8,"column":35}},"loc":{"start":{"line":9,"column":2},"end":{"line":9,"column":41}},"line":9},"3":{"name":"(anonymous_3)","decl":{"start":{"line":11,"column":29},"end":{"line":11,"column":30}},"loc":{"start":{"line":11,"column":35},"end":{"line":11,"column":67}},"line":11}},"branchMap":{},"s":{"0":0,"1":0,"2":0,"3":0,"4":0,"5":0,"6":0,"7":0},"f":{"0":0,"1":0,"2":0,"3":0},"b":{}}
,"D:\\CSE412_Project\\Camellia\\frontend\\src\\components\\ScrollToTop.jsx": {"path":"D:\\CSE412_Project\\Camellia\\frontend\\src\\components\\ScrollToTop.jsx","statementMap":{"0":{"start":{"line":5,"column":30},"end":{"line":5,"column":43}},"1":{"start":{"line":7,"column":2},"end":{"line":10,"column":17}},"2":{"start":{"line":8,"column":4},"end":{"line":8,"column":32}},"3":{"start":{"line":8,"column":25},"end":{"line":8,"column":32}},"4":{"start":{"line":9,"column":4},"end":{"line":9,"column":26}},"5":{"start":{"line":12,"column":2},"end":{"line":12,"column":14}}},"fnMap":{"0":{"name":"ScrollToTop","decl":{"start":{"line":4,"column":24},"end":{"line":4,"column":35}},"loc":{"start":{"line":4,"column":38},"end":{"line":13,"column":1}},"line":4},"1":{"name":"(anonymous_1)","decl":{"start":{"line":7,"column":12},"end":{"line":7,"column":13}},"loc":{"start":{"line":7,"column":18},"end":{"line":10,"column":3}},"line":7}},"branchMap":{"0":{"loc":{"start":{"line":8,"column":4},"end":{"line":8,"column":32}},"type":"if","locations":[{"start":{"line":8,"column":4},"end":{"line":8,"column":32}},{"start":{},"end":{}}],"line":8}},"s":{"0":0,"1":0,"2":0,"3":0,"4":0,"5":0},"f":{"0":0,"1":0},"b":{"0":[0,0]}}
,"D:\\CSE412_Project\\Camellia\\frontend\\src\\data\\cities.js": {"path":"D:\\CSE412_Project\\Camellia\\frontend\\src\\data\\cities.js","statementMap":{"0":{"start":{"line":3,"column":23},"end":{"line":67,"column":1}}},"fnMap":{},"branchMap":{},"s":{"0":0},"f":{},"b":{}}
,"D:\\CSE412_Project\\Camellia\\frontend\\src\\data\\districts.js": {"path":"D:\\CSE412_Project\\Camellia\\frontend\\src\\data\\districts.js","statementMap":{"0":{"start":{"line":3,"column":25},"end":{"line":67,"column":1}}},"fnMap":{},"branchMap":{},"s":{"0":0},"f":{},"b":{}}
,"D:\\CSE412_Project\\Camellia\\frontend\\src\\i18n\\index.js": {"path":"D:\\CSE412_Project\\Camellia\\frontend\\src\\i18n\\index.js","statementMap":{"0":{"start":{"line":36,"column":27},"end":{"line":36,"column":46}},"1":{"start":{"line":38,"column":0},"end":{"line":56,"column":5}}},"fnMap":{},"branchMap":{},"s":{"0":0,"1":0},"f":{},"b":{}}
,"D:\\CSE412_Project\\Camellia\\frontend\\src\\utils\\formatPrice.js": {"path":"D:\\CSE412_Project\\Camellia\\frontend\\src\\utils\\formatPrice.js","statementMap":{"0":{"start":{"line":1,"column":27},"end":{"line":5,"column":4}},"1":{"start":{"line":2,"column":2},"end":{"line":5,"column":4}}},"fnMap":{"0":{"name":"(anonymous_0)","decl":{"start":{"line":1,"column":27},"end":{"line":1,"column":28}},"loc":{"start":{"line":2,"column":2},"end":{"line":5,"column":4}},"line":2}},"branchMap":{"0":{"loc":{"start":{"line":1,"column":46},"end":{"line":1,"column":58}},"type":"default-arg","locations":[{"start":{"line":1,"column":57},"end":{"line":1,"column":58}}],"line":1},"1":{"loc":{"start":{"line":2,"column":3},"end":{"line":2,"column":22}},"type":"binary-expr","locations":[{"start":{"line":2,"column":3},"end":{"line":2,"column":17}},{"start":{"line":2,"column":21},"end":{"line":2,"column":22}}],"line":2},"2":{"loc":{"start":{"line":2,"column":39},"end":{"line":2,"column":76}},"type":"cond-expr","locations":[{"start":{"line":2,"column":59},"end":{"line":2,"column":66}},{"start":{"line":2,"column":69},"end":{"line":2,"column":76}}],"line":2}},"s":{"0":0,"1":0},"f":{"0":0},"b":{"0":[0],"1":[0,0],"2":[0,0]}}
,"D:\\CSE412_Project\\Camellia\\frontend\\src\\utils\\localized.js": {"path":"D:\\CSE412_Project\\Camellia\\frontend\\src\\utils\\localized.js","statementMap":{"0":{"start":{"line":4,"column":25},"end":{"line":4,"column":82}},"1":{"start":{"line":4,"column":46},"end":{"line":4,"column":82}}},"fnMap":{"0":{"name":"(anonymous_0)","decl":{"start":{"line":4,"column":25},"end":{"line":4,"column":26}},"loc":{"start":{"line":4,"column":46},"end":{"line":4,"column":82}},"line":4}},"branchMap":{"0":{"loc":{"start":{"line":4,"column":46},"end":{"line":4,"column":82}},"type":"binary-expr","locations":[{"start":{"line":4,"column":46},"end":{"line":4,"column":63}},{"start":{"line":4,"column":67},"end":{"line":4,"column":76}},{"start":{"line":4,"column":80},"end":{"line":4,"column":82}}],"line":4}},"s":{"0":0,"1":0},"f":{"0":0},"b":{"0":[0,0,0]}}
,"D:\\CSE412_Project\\Camellia\\frontend\\src\\utils\\passwordRules.js": {"path":"D:\\CSE412_Project\\Camellia\\frontend\\src\\utils\\passwordRules.js","statementMap":{"0":{"start":{"line":1,"column":30},"end":{"line":7,"column":1}},"1":{"start":{"line":2,"column":62},"end":{"line":2,"column":75}},"2":{"start":{"line":3,"column":60},"end":{"line":3,"column":75}},"3":{"start":{"line":4,"column":60},"end":{"line":4,"column":75}},"4":{"start":{"line":5,"column":62},"end":{"line":5,"column":74}},"5":{"start":{"line":6,"column":64},"end":{"line":6,"column":84}},"6":{"start":{"line":9,"column":36},"end":{"line":10,"column":102}},"7":{"start":{"line":10,"column":2},"end":{"line":10,"column":102}},"8":{"start":{"line":10,"column":32},"end":{"line":10,"column":100}},"9":{"start":{"line":12,"column":32},"end":{"line":12,"column":102}},"10":{"start":{"line":12,"column":51},"end":{"line":12,"column":102}},"11":{"start":{"line":12,"column":82},"end":{"line":12,"column":101}}},"fnMap":{"0":{"name":"(anonymous_0)","decl":{"start":{"line":2,"column":55},"end":{"line":2,"column":56}},"loc":{"start":{"line":2,"column":62},"end":{"line":2,"column":75}},"line":2},"1":{"name":"(anonymous_1)","decl":{"start":{"line":3,"column":53},"end":{"line":3,"column":54}},"loc":{"start":{"line":3,"column":60},"end":{"line":3,"column":75}},"line":3},"2":{"name":"(anonymous_2)","decl":{"start":{"line":4,"column":53},"end":{"line":4,"column":54}},"loc":{"start":{"line":4,"column":60},"end":{"line":4,"column":75}},"line":4},"3":{"name":"(anonymous_3)","decl":{"start":{"line":5,"column":55},"end":{"line":5,"column":56}},"loc":{"start":{"line":5,"column":62},"end":{"line":5,"column":74}},"line":5},"4":{"name":"(anonymous_4)","decl":{"start":{"line":6,"column":57},"end":{"line":6,"column":58}},"loc":{"start":{"line":6,"column":64},"end":{"line":6,"column":84}},"line":6},"5":{"name":"(anonymous_5)","decl":{"start":{"line":9,"column":36},"end":{"line":9,"column":37}},"loc":{"start":{"line":10,"column":2},"end":{"line":10,"column":102}},"line":10},"6":{"name":"(anonymous_6)","decl":{"start":{"line":10,"column":21},"end":{"line":10,"column":22}},"loc":{"start":{"line":10,"column":32},"end":{"line":10,"column":100}},"line":10},"7":{"name":"(anonymous_7)","decl":{"start":{"line":12,"column":32},"end":{"line":12,"column":33}},"loc":{"start":{"line":12,"column":51},"end":{"line":12,"column":102}},"line":12},"8":{"name":"(anonymous_8)","decl":{"start":{"line":12,"column":72},"end":{"line":12,"column":73}},"loc":{"start":{"line":12,"column":82},"end":{"line":12,"column":101}},"line":12}},"branchMap":{"0":{"loc":{"start":{"line":9,"column":37},"end":{"line":9,"column":50}},"type":"default-arg","locations":[{"start":{"line":9,"column":48},"end":{"line":9,"column":50}}],"line":9},"1":{"loc":{"start":{"line":12,"column":33},"end":{"line":12,"column":46}},"type":"default-arg","locations":[{"start":{"line":12,"column":44},"end":{"line":12,"column":46}}],"line":12}},"s":{"0":0,"1":0,"2":0,"3":0,"4":0,"5":0,"6":0,"7":0,"8":0,"9":0,"10":0,"11":0},"f":{"0":0,"1":0,"2":0,"3":0,"4":0,"5":0,"6":0,"7":0,"8":0},"b":{"0":[0],"1":[0]}}
,"D:\\CSE412_Project\\Camellia\\frontend\\src\\utils\\securityQuestions.js": {"path":"D:\\CSE412_Project\\Camellia\\frontend\\src\\utils\\securityQuestions.js","statementMap":{"0":{"start":{"line":1,"column":34},"end":{"line":8,"column":1}}},"fnMap":{},"branchMap":{},"s":{"0":0},"f":{},"b":{}}
}
