TN:
SF:src\setupTests.js
FNF:0
FNH:0
LF:0
LH:0
BRF:0
BRH:0
end_of_record
TN:
SF:src\api\admin.js
FN:3,(anonymous_0)
FN:4,(anonymous_1)
FN:5,(anonymous_2)
FN:6,(anonymous_3)
FN:8,(anonymous_4)
FN:9,(anonymous_5)
FN:12,(anonymous_6)
FN:13,(anonymous_7)
FN:15,(anonymous_8)
FN:17,(anonymous_9)
FN:20,(anonymous_10)
FN:21,(anonymous_11)
FN:22,(anonymous_12)
FN:23,(anonymous_13)
FN:25,(anonymous_14)
FN:26,(anonymous_15)
FN:27,(anonymous_16)
FN:28,(anonymous_17)
FN:30,(anonymous_18)
FN:31,(anonymous_19)
FN:32,(anonymous_20)
FN:34,(anonymous_21)
FN:41,(anonymous_22)
FN:44,(anonymous_23)
FNF:24
FNH:24
FNDA:2,(anonymous_0)
FNDA:2,(anonymous_1)
FNDA:1,(anonymous_2)
FNDA:1,(anonymous_3)
FNDA:2,(anonymous_4)
FNDA:3,(anonymous_5)
FNDA:1,(anonymous_6)
FNDA:1,(anonymous_7)
FNDA:3,(anonymous_8)
FNDA:2,(anonymous_9)
FNDA:1,(anonymous_10)
FNDA:2,(anonymous_11)
FNDA:2,(anonymous_12)
FNDA:2,(anonymous_13)
FNDA:1,(anonymous_14)
FNDA:1,(anonymous_15)
FNDA:1,(anonymous_16)
FNDA:1,(anonymous_17)
FNDA:1,(anonymous_18)
FNDA:1,(anonymous_19)
FNDA:1,(anonymous_20)
FNDA:1,(anonymous_21)
FNDA:1,(anonymous_22)
FNDA:2,(anonymous_23)
DA:3,2
DA:4,2
DA:5,1
DA:6,1
DA:7,1
DA:8,2
DA:9,1
DA:10,3
DA:12,1
DA:13,1
DA:15,1
DA:16,3
DA:17,1
DA:18,2
DA:20,1
DA:21,2
DA:22,2
DA:23,2
DA:25,1
DA:26,1
DA:27,1
DA:28,1
DA:30,1
DA:31,1
DA:32,1
DA:34,1
DA:35,1
DA:36,1
DA:37,1
DA:41,1
DA:44,1
DA:45,2
LF:32
LH:32
BRDA:16,0,0,1
BRDA:16,0,1,2
BRF:2
BRH:2
end_of_record
TN:
SF:src\api\auth.js
FN:4,(anonymous_0)
FN:9,(anonymous_1)
FN:19,(anonymous_2)
FN:25,(anonymous_3)
FN:30,(anonymous_4)
FN:31,(anonymous_5)
FN:34,(anonymous_6)
FN:35,(anonymous_7)
FN:38,(anonymous_8)
FN:39,(anonymous_9)
FN:43,(anonymous_10)
FN:44,(anonymous_11)
FN:45,(anonymous_12)
FN:48,(anonymous_13)
FN:49,(anonymous_14)
FNF:15
FNH:15
FNDA:2,(anonymous_0)
FNDA:4,(anonymous_1)
FNDA:2,(anonymous_2)
FNDA:2,(anonymous_3)
FNDA:2,(anonymous_4)
FNDA:2,(anonymous_5)
FNDA:1,(anonymous_6)
FNDA:1,(anonymous_7)
FNDA:2,(anonymous_8)
FNDA:2,(anonymous_9)
FNDA:1,(anonymous_10)
FNDA:2,(anonymous_11)
FNDA:2,(anonymous_12)
FNDA:2,(anonymous_13)
FNDA:2,(anonymous_14)
DA:4,2
DA:9,1
DA:10,4
DA:13,4
DA:14,3
DA:15,2
DA:16,2
DA:19,1
DA:20,2
DA:21,1
DA:22,1
DA:25,1
DA:26,2
DA:27,2
DA:30,2
DA:31,2
DA:34,1
DA:35,1
DA:38,2
DA:39,1
DA:40,2
DA:43,1
DA:44,2
DA:45,2
DA:48,2
DA:49,2
LF:26
LH:26
BRDA:10,0,0,3
BRDA:10,0,1,1
BRDA:14,1,0,1
BRDA:14,1,1,2
BRF:4
BRH:4
end_of_record
TN:
SF:src\api\cart.js
FN:6,(anonymous_0)
FN:8,(anonymous_1)
FN:12,(anonymous_2)
FN:16,(anonymous_3)
FN:20,(anonymous_4)
FN:23,(anonymous_5)
FN:25,(anonymous_6)
FN:30,(anonymous_7)
FNF:8
FNH:8
FNDA:3,(anonymous_0)
FNDA:5,(anonymous_1)
FNDA:4,(anonymous_2)
FNDA:4,(anonymous_3)
FNDA:4,(anonymous_4)
FNDA:2,(anonymous_5)
FNDA:4,(anonymous_6)
FNDA:2,(anonymous_7)
DA:6,3
DA:8,1
DA:9,5
DA:12,1
DA:13,4
DA:16,4
DA:20,1
DA:21,4
DA:23,2
DA:25,1
DA:26,4
DA:30,1
DA:31,2
LF:13
LH:13
BRDA:8,0,0,1
BRDA:21,1,0,4
BRDA:21,1,1,3
BRDA:26,2,0,4
BRDA:26,2,1,3
BRF:5
BRH:5
end_of_record
TN:
SF:src\api\chat.js
FN:5,(anonymous_0)
FN:7,getSessionId
FN:19,startNewSession
FN:27,setActiveSessionId
FN:34,resetChatSession
FN:39,(anonymous_5)
FN:42,(anonymous_6)
FN:45,(anonymous_7)
FNF:8
FNH:8
FNDA:10,(anonymous_0)
FNDA:11,getSessionId
FNDA:4,startNewSession
FNDA:3,setActiveSessionId
FNDA:5,resetChatSession
FNDA:5,(anonymous_5)
FNDA:4,(anonymous_6)
FNDA:3,(anonymous_7)
DA:3,1
DA:5,10
DA:8,11
DA:9,11
DA:10,6
DA:11,6
DA:13,11
DA:20,4
DA:21,4
DA:22,4
DA:28,3
DA:35,5
DA:36,5
DA:39,1
DA:40,5
DA:42,1
DA:43,4
DA:45,1
DA:46,3
LF:19
LH:19
BRDA:9,0,0,6
BRDA:9,0,1,5
BRF:2
BRH:2
end_of_record
TN:
SF:src\api\client.js
FN:15,(anonymous_0)
FN:28,refreshAccessToken
FN:32,(anonymous_2)
FN:36,(anonymous_3)
FN:44,(anonymous_4)
FN:45,(anonymous_5)
FNF:6
FNH:6
FNDA:5,(anonymous_0)
FNDA:14,refreshAccessToken
FNDA:10,(anonymous_2)
FNDA:13,(anonymous_3)
FNDA:3,(anonymous_4)
FNDA:17,(anonymous_5)
DA:7,1
DA:9,1
DA:15,1
DA:16,5
DA:17,5
DA:18,5
DA:26,1
DA:29,14
DA:30,13
DA:33,10
DA:34,10
DA:37,13
DA:40,14
DA:43,1
DA:44,3
DA:46,17
DA:47,17
DA:48,17
DA:50,17
DA:52,17
DA:53,6
DA:54,6
DA:55,6
DA:56,4
DA:57,4
DA:59,2
DA:60,2
DA:61,2
DA:67,11
DA:68,3
DA:69,3
DA:72,11
LF:32
LH:32
BRDA:7,0,0,1
BRDA:7,0,1,1
BRDA:17,1,0,4
BRDA:17,1,1,1
BRDA:29,2,0,13
BRDA:29,2,1,1
BRDA:52,3,0,6
BRDA:52,3,1,11
BRDA:52,4,0,17
BRDA:52,4,1,13
BRDA:52,4,2,10
BRDA:52,4,3,9
BRDA:67,5,0,3
BRDA:67,5,1,8
BRDA:67,6,0,11
BRDA:67,6,1,7
BRF:16
BRH:16
end_of_record
TN:
SF:src\api\coupons.js
FN:5,(anonymous_0)
FN:9,(anonymous_1)
FN:10,(anonymous_2)
FN:11,(anonymous_3)
FN:12,(anonymous_4)
FN:13,(anonymous_5)
FN:14,(anonymous_6)
FNF:7
FNH:7
FNDA:5,(anonymous_0)
FNDA:4,(anonymous_1)
FNDA:4,(anonymous_2)
FNDA:4,(anonymous_3)
FNDA:4,(anonymous_4)
FNDA:4,(anonymous_5)
FNDA:4,(anonymous_6)
DA:5,1
DA:6,5
DA:9,4
DA:10,4
DA:11,4
DA:12,4
DA:13,4
DA:14,1
DA:15,4
LF:9
LH:9
BRF:0
BRH:0
end_of_record
TN:
SF:src\api\notifications.js
FN:3,(anonymous_0)
FN:5,(anonymous_1)
FN:7,(anonymous_2)
FNF:3
FNH:3
FNDA:5,(anonymous_0)
FNDA:6,(anonymous_1)
FNDA:5,(anonymous_2)
DA:3,5
DA:5,6
DA:7,5
LF:3
LH:3
BRF:0
BRH:0
end_of_record
TN:
SF:src\api\products.js
FN:3,(anonymous_0)
FN:4,(anonymous_1)
FN:5,(anonymous_2)
FN:6,(anonymous_3)
FN:8,(anonymous_4)
FNF:5
FNH:5
FNDA:2,(anonymous_0)
FNDA:1,(anonymous_1)
FNDA:1,(anonymous_2)
FNDA:2,(anonymous_3)
FNDA:2,(anonymous_4)
DA:3,2
DA:4,1
DA:5,1
DA:6,1
DA:7,2
DA:8,1
DA:9,2
LF:7
LH:7
BRDA:3,0,0,1
BRDA:6,1,0,1
BRF:2
BRH:2
end_of_record
TN:
SF:src\api\settings.js
FN:5,(anonymous_0)
FNF:1
FNH:1
FNDA:2,(anonymous_0)
DA:5,2
LF:1
LH:1
BRF:0
BRH:0
end_of_record
TN:
SF:src\api\tokenStore.js
FN:7,(anonymous_0)
FN:8,(anonymous_1)
FN:9,(anonymous_2)
FNF:3
FNH:3
FNDA:6,(anonymous_0)
FNDA:5,(anonymous_1)
FNDA:8,(anonymous_2)
DA:5,1
DA:7,6
DA:8,5
DA:9,8
LF:4
LH:4
BRF:0
BRH:0
end_of_record
TN:
SF:src\api\wishlist.js
FN:3,(anonymous_0)
FN:5,(anonymous_1)
FN:8,(anonymous_2)
FN:11,(anonymous_3)
FNF:4
FNH:4
FNDA:1,(anonymous_0)
FNDA:1,(anonymous_1)
FNDA:1,(anonymous_2)
FNDA:1,(anonymous_3)
DA:3,1
DA:5,1
DA:6,1
DA:8,1
DA:9,1
DA:11,1
LF:6
LH:6
BRF:0
BRH:0
end_of_record
TN:
SF:src\components\CategorySection.jsx
FN:6,CategorySection
FN:27,(anonymous_1)
FN:34,(anonymous_2)
FNF:3
FNH:0
FNDA:0,CategorySection
FNDA:0,(anonymous_1)
FNDA:0,(anonymous_2)
DA:7,0
DA:8,0
DA:9,0
DA:11,0
DA:28,0
DA:29,0
DA:30,0
DA:34,0
LF:8
LH:0
BRDA:9,0,0,0
BRDA:9,0,1,0
BRDA:9,1,0,0
BRDA:9,1,1,0
BRDA:9,1,2,0
BRDA:21,2,0,0
BRDA:21,2,1,0
BRDA:38,3,0,0
BRDA:38,3,1,0
BRF:9
BRH:0
end_of_record
TN:
SF:src\components\ChatWidget.jsx
FN:14,ChatWidget
FN:30,(anonymous_1)
FN:35,(anonymous_2)
FN:36,(anonymous_3)
FN:38,(anonymous_4)
FN:39,(anonymous_5)
FN:44,(anonymous_6)
FN:50,(anonymous_7)
FN:51,(anonymous_8)
FN:54,(anonymous_9)
FN:58,(anonymous_10)
FN:65,(anonymous_11)
FN:66,(anonymous_12)
FN:68,(anonymous_13)
FN:71,(anonymous_14)
FN:77,handleNewChat
FN:85,handleSelectConversation
FN:91,(anonymous_17)
FN:91,(anonymous_18)
FN:92,(anonymous_19)
FN:93,(anonymous_20)
FN:97,handleSend
FN:103,(anonymous_22)
FN:109,(anonymous_23)
FN:114,(anonymous_24)
FN:134,(anonymous_25)
FN:134,(anonymous_26)
FN:156,(anonymous_27)
FN:175,(anonymous_28)
FN:193,(anonymous_29)
FN:205,(anonymous_30)
FN:214,(anonymous_31)
FN:218,(anonymous_32)
FN:238,(anonymous_33)
FN:238,(anonymous_34)
FNF:35
FNH:0
FNDA:0,ChatWidget
FNDA:0,(anonymous_1)
FNDA:0,(anonymous_2)
FNDA:0,(anonymous_3)
FNDA:0,(anonymous_4)
FNDA:0,(anonymous_5)
FNDA:0,(anonymous_6)
FNDA:0,(anonymous_7)
FNDA:0,(anonymous_8)
FNDA:0,(anonymous_9)
FNDA:0,(anonymous_10)
FNDA:0,(anonymous_11)
FNDA:0,(anonymous_12)
FNDA:0,(anonymous_13)
FNDA:0,(anonymous_14)
FNDA:0,handleNewChat
FNDA:0,handleSelectConversation
FNDA:0,(anonymous_17)
FNDA:0,(anonymous_18)
FNDA:0,(anonymous_19)
FNDA:0,(anonymous_20)
FNDA:0,handleSend
FNDA:0,(anonymous_22)
FNDA:0,(anonymous_23)
FNDA:0,(anonymous_24)
FNDA:0,(anonymous_25)
FNDA:0,(anonymous_26)
FNDA:0,(anonymous_27)
FNDA:0,(anonymous_28)
FNDA:0,(anonymous_29)
FNDA:0,(anonymous_30)
FNDA:0,(anonymous_31)
FNDA:0,(anonymous_32)
FNDA:0,(anonymous_33)
FNDA:0,(anonymous_34)
DA:15,0
DA:16,0
DA:17,0
DA:18,0
DA:19,0
DA:20,0
DA:21,0
DA:22,0
DA:23,0
DA:24,0
DA:25,0
DA:26,0
DA:30,0
DA:31,0
DA:32,0
DA:33,0
DA:34,0
DA:36,0
DA:38,0
DA:39,0
DA:44,0
DA:45,0
DA:46,0
DA:47,0
DA:49,0
DA:50,0
DA:54,0
DA:55,0
DA:58,0
DA:59,0
DA:65,0
DA:66,0
DA:67,0
DA:68,0
DA:71,0
DA:72,0
DA:73,0
DA:78,0
DA:79,0
DA:80,0
DA:81,0
DA:82,0
DA:86,0
DA:87,0
DA:88,0
DA:89,0
DA:90,0
DA:91,0
DA:92,0
DA:93,0
DA:94,0
DA:98,0
DA:99,0
DA:100,0
DA:102,0
DA:103,0
DA:104,0
DA:105,0
DA:107,0
DA:108,0
DA:109,0
DA:112,0
DA:114,0
DA:119,0
DA:123,0
DA:125,0
DA:134,0
DA:156,0
DA:176,0
DA:193,0
DA:205,0
DA:215,0
DA:218,0
DA:238,0
DA:248,0
LF:75
LH:0
BRDA:45,0,0,0
BRDA:45,0,1,0
BRDA:72,1,0,0
BRDA:72,1,1,0
BRDA:86,2,0,0
BRDA:86,2,1,0
BRDA:100,3,0,0
BRDA:100,3,1,0
BRDA:100,4,0,0
BRDA:100,4,1,0
BRDA:112,5,0,0
BRDA:112,5,1,0
BRDA:127,6,0,0
BRDA:127,6,1,0
BRDA:131,7,0,0
BRDA:131,7,1,0
BRDA:142,8,0,0
BRDA:142,8,1,0
BRDA:145,9,0,0
BRDA:145,9,1,0
BRDA:168,10,0,0
BRDA:168,10,1,0
BRDA:168,10,2,0
BRDA:170,11,0,0
BRDA:170,11,1,0
BRDA:180,12,0,0
BRDA:180,12,1,0
BRDA:186,13,0,0
BRDA:186,13,1,0
BRDA:198,14,0,0
BRDA:198,14,1,0
BRDA:203,15,0,0
BRDA:203,15,1,0
BRDA:203,15,2,0
BRDA:211,16,0,0
BRDA:211,16,1,0
BRDA:221,17,0,0
BRDA:221,17,1,0
BRDA:240,18,0,0
BRDA:240,18,1,0
BRDA:242,19,0,0
BRDA:242,19,1,0
BRF:42
BRH:0
end_of_record
TN:
SF:src\components\Footer.jsx
FN:4,Footer
FN:23,(anonymous_1)
FN:41,(anonymous_2)
FNF:3
FNH:0
FNDA:0,Footer
FNDA:0,(anonymous_1)
FNDA:0,(anonymous_2)
DA:5,0
DA:7,0
DA:24,0
DA:42,0
DA:80,0
LF:5
LH:0
BRF:0
BRH:0
end_of_record
TN:
SF:src\components\Hero.jsx
FN:4,Hero
FN:9,(anonymous_1)
FN:10,(anonymous_2)
FN:32,(anonymous_3)
FN:38,(anonymous_4)
FN:46,(anonymous_5)
FNF:6
FNH:0
FNDA:0,Hero
FNDA:0,(anonymous_1)
FNDA:0,(anonymous_2)
FNDA:0,(anonymous_3)
FNDA:0,(anonymous_4)
FNDA:0,(anonymous_5)
DA:5,0
DA:6,0
DA:7,0
DA:9,0
DA:10,0
DA:12,0
DA:14,0
DA:32,0
DA:38,0
DA:47,0
DA:55,0
LF:11
LH:0
BRF:0
BRH:0
end_of_record
TN:
SF:src\components\ImageGallery.jsx
FN:5,ImageGallery
FN:25,(anonymous_1)
FN:26,(anonymous_2)
FN:30,(anonymous_3)
FNF:4
FNH:0
FNDA:0,ImageGallery
FNDA:0,(anonymous_1)
FNDA:0,(anonymous_2)
FNDA:0,(anonymous_3)
DA:6,0
DA:7,0
DA:9,0
DA:26,0
DA:31,0
DA:39,0
LF:6
LH:0
BRDA:5,0,0,0
BRDA:12,1,0,0
BRDA:12,1,1,0
BRDA:13,2,0,0
BRDA:13,2,1,0
BRDA:24,3,0,0
BRDA:24,3,1,0
BRDA:26,4,0,0
BRDA:26,4,1,0
BRDA:31,5,0,0
BRDA:31,5,1,0
BRF:11
BRH:0
end_of_record
TN:
SF:src\components\Invoice.jsx
FN:14,(anonymous_0)
FN:17,(anonymous_1)
FN:36,(anonymous_2)
FN:45,(anonymous_3)
FN:54,(anonymous_4)
FN:234,(anonymous_5)
FN:326,(anonymous_6)
FN:465,(anonymous_7)
FNF:8
FNH:0
FNDA:0,(anonymous_0)
FNDA:0,(anonymous_1)
FNDA:0,(anonymous_2)
FNDA:0,(anonymous_3)
FNDA:0,(anonymous_4)
FNDA:0,(anonymous_5)
FNDA:0,(anonymous_6)
FNDA:0,(anonymous_7)
DA:6,0
DA:7,0
DA:8,0
DA:9,0
DA:10,0
DA:11,0
DA:12,0
DA:14,0
DA:15,0
DA:17,0
DA:18,0
DA:19,0
DA:31,0
DA:37,0
DA:38,0
DA:39,0
DA:45,0
DA:46,0
DA:54,0
DA:55,0
DA:61,0
DA:62,0
DA:63,0
DA:66,0
DA:67,0
DA:68,0
DA:69,0
DA:70,0
DA:71,0
DA:73,0
DA:77,0
DA:78,0
DA:79,0
DA:84,0
DA:93,0
DA:94,0
DA:95,0
DA:96,0
DA:97,0
DA:98,0
DA:99,0
DA:101,0
DA:235,0
DA:327,0
DA:465,0
DA:466,0
LF:46
LH:0
BRDA:21,0,0,0
BRDA:21,0,1,0
BRDA:21,0,2,0
BRDA:46,1,0,0
BRDA:46,1,1,0
BRDA:55,2,0,0
BRDA:55,2,1,0
BRDA:66,3,0,0
BRDA:66,3,1,0
BRDA:66,3,2,0
BRDA:67,4,0,0
BRDA:67,4,1,0
BRDA:68,5,0,0
BRDA:68,5,1,0
BRDA:69,6,0,0
BRDA:69,6,1,0
BRDA:70,7,0,0
BRDA:70,7,1,0
BRDA:70,7,2,0
BRDA:71,8,0,0
BRDA:71,8,1,0
BRDA:71,8,2,0
BRDA:73,9,0,0
BRDA:73,9,1,0
BRDA:77,10,0,0
BRDA:77,10,1,0
BRDA:77,10,2,0
BRDA:77,10,3,0
BRDA:79,11,0,0
BRDA:79,11,1,0
BRDA:84,12,0,0
BRDA:84,12,1,0
BRDA:84,12,2,0
BRDA:93,13,0,0
BRDA:93,13,1,0
BRDA:94,14,0,0
BRDA:94,14,1,0
BRDA:95,15,0,0
BRDA:95,15,1,0
BRDA:96,16,0,0
BRDA:96,16,1,0
BRDA:97,17,0,0
BRDA:97,17,1,0
BRDA:98,18,0,0
BRDA:98,18,1,0
BRDA:98,18,2,0
BRDA:99,19,0,0
BRDA:99,19,1,0
BRDA:99,20,0,0
BRDA:99,20,1,0
BRDA:209,21,0,0
BRDA:209,21,1,0
BRDA:214,22,0,0
BRDA:214,22,1,0
BRDA:240,23,0,0
BRDA:240,23,1,0
BRDA:241,24,0,0
BRDA:241,24,1,0
BRDA:242,25,0,0
BRDA:242,25,1,0
BRDA:325,26,0,0
BRDA:325,26,1,0
BRDA:329,27,0,0
BRDA:329,27,1,0
BRDA:339,28,0,0
BRDA:339,28,1,0
BRDA:348,29,0,0
BRDA:348,29,1,0
BRDA:349,30,0,0
BRDA:349,30,1,0
BRDA:374,31,0,0
BRDA:374,31,1,0
BRDA:374,32,0,0
BRDA:374,32,1,0
BRDA:401,33,0,0
BRDA:401,33,1,0
BRDA:403,34,0,0
BRDA:403,34,1,0
BRDA:472,35,0,0
BRDA:472,35,1,0
BRF:80
BRH:0
end_of_record
TN:
SF:src\components\Navbar.jsx
FN:12,Navbar
FN:21,(anonymous_1)
FN:22,(anonymous_2)
FN:34,(anonymous_3)
FN:43,(anonymous_4)
FN:45,(anonymous_5)
FN:46,(anonymous_6)
FN:49,(anonymous_7)
FN:53,(anonymous_8)
FN:56,(anonymous_9)
FN:58,(anonymous_10)
FN:58,(anonymous_11)
FN:59,(anonymous_12)
FN:64,(anonymous_13)
FN:65,(anonymous_14)
FN:65,(anonymous_15)
FN:71,(anonymous_16)
FN:72,handleClickOutside
FN:84,(anonymous_18)
FN:88,(anonymous_19)
FN:97,(anonymous_20)
FN:98,(anonymous_21)
FN:105,(anonymous_22)
FN:124,(anonymous_23)
FN:132,(anonymous_24)
FN:134,(anonymous_25)
FN:145,(anonymous_26)
FN:150,(anonymous_27)
FN:154,(anonymous_28)
FN:167,(anonymous_29)
FN:167,(anonymous_30)
FN:190,(anonymous_31)
FN:204,(anonymous_32)
FN:205,(anonymous_33)
FN:233,(anonymous_34)
FN:239,(anonymous_35)
FN:249,(anonymous_36)
FN:250,(anonymous_37)
FN:281,(anonymous_38)
FN:286,(anonymous_39)
FN:301,(anonymous_40)
FN:302,(anonymous_41)
FN:315,(anonymous_42)
FN:330,(anonymous_43)
FN:331,(anonymous_44)
FN:349,(anonymous_45)
FN:377,(anonymous_46)
FN:377,(anonymous_47)
FN:400,(anonymous_48)
FN:403,(anonymous_49)
FN:417,(anonymous_50)
FN:429,(anonymous_51)
FN:429,(anonymous_52)
FN:442,(anonymous_53)
FN:443,(anonymous_54)
FN:447,(anonymous_55)
FN:448,(anonymous_56)
FN:449,(anonymous_57)
FN:450,(anonymous_58)
FN:453,(anonymous_59)
FN:457,(anonymous_60)
FN:458,(anonymous_61)
FN:473,(anonymous_62)
FN:476,(anonymous_63)
FN:486,(anonymous_64)
FNF:65
FNH:0
FNDA:0,Navbar
FNDA:0,(anonymous_1)
FNDA:0,(anonymous_2)
FNDA:0,(anonymous_3)
FNDA:0,(anonymous_4)
FNDA:0,(anonymous_5)
FNDA:0,(anonymous_6)
FNDA:0,(anonymous_7)
FNDA:0,(anonymous_8)
FNDA:0,(anonymous_9)
FNDA:0,(anonymous_10)
FNDA:0,(anonymous_11)
FNDA:0,(anonymous_12)
FNDA:0,(anonymous_13)
FNDA:0,(anonymous_14)
FNDA:0,(anonymous_15)
FNDA:0,(anonymous_16)
FNDA:0,handleClickOutside
FNDA:0,(anonymous_18)
FNDA:0,(anonymous_19)
FNDA:0,(anonymous_20)
FNDA:0,(anonymous_21)
FNDA:0,(anonymous_22)
FNDA:0,(anonymous_23)
FNDA:0,(anonymous_24)
FNDA:0,(anonymous_25)
FNDA:0,(anonymous_26)
FNDA:0,(anonymous_27)
FNDA:0,(anonymous_28)
FNDA:0,(anonymous_29)
FNDA:0,(anonymous_30)
FNDA:0,(anonymous_31)
FNDA:0,(anonymous_32)
FNDA:0,(anonymous_33)
FNDA:0,(anonymous_34)
FNDA:0,(anonymous_35)
FNDA:0,(anonymous_36)
FNDA:0,(anonymous_37)
FNDA:0,(anonymous_38)
FNDA:0,(anonymous_39)
FNDA:0,(anonymous_40)
FNDA:0,(anonymous_41)
FNDA:0,(anonymous_42)
FNDA:0,(anonymous_43)
FNDA:0,(anonymous_44)
FNDA:0,(anonymous_45)
FNDA:0,(anonymous_46)
FNDA:0,(anonymous_47)
FNDA:0,(anonymous_48)
FNDA:0,(anonymous_49)
FNDA:0,(anonymous_50)
FNDA:0,(anonymous_51)
FNDA:0,(anonymous_52)
FNDA:0,(anonymous_53)
FNDA:0,(anonymous_54)
FNDA:0,(anonymous_55)
FNDA:0,(anonymous_56)
FNDA:0,(anonymous_57)
FNDA:0,(anonymous_58)
FNDA:0,(anonymous_59)
FNDA:0,(anonymous_60)
FNDA:0,(anonymous_61)
FNDA:0,(anonymous_62)
FNDA:0,(anonymous_63)
FNDA:0,(anonymous_64)
DA:13,0
DA:14,0
DA:15,0
DA:16,0
DA:17,0
DA:18,0
DA:19,0
DA:20,0
DA:21,0
DA:22,0
DA:25,0
DA:26,0
DA:27,0
DA:28,0
DA:29,0
DA:32,0
DA:33,0
DA:34,0
DA:37,0
DA:38,0
DA:39,0
DA:40,0
DA:41,0
DA:43,0
DA:44,0
DA:45,0
DA:49,0
DA:50,0
DA:51,0
DA:52,0
DA:53,0
DA:56,0
DA:57,0
DA:58,0
DA:59,0
DA:60,0
DA:64,0
DA:65,0
DA:66,0
DA:67,0
DA:71,0
DA:73,0
DA:74,0
DA:76,0
DA:77,0
DA:79,0
DA:80,0
DA:83,0
DA:84,0
DA:88,0
DA:89,0
DA:90,0
DA:91,0
DA:92,0
DA:93,0
DA:94,0
DA:96,0
DA:97,0
DA:98,0
DA:99,0
DA:100,0
DA:105,0
DA:106,0
DA:107,0
DA:108,0
DA:109,0
DA:110,0
DA:111,0
DA:114,0
DA:115,0
DA:116,0
DA:117,0
DA:118,0
DA:120,0
DA:124,0
DA:125,0
DA:126,0
DA:127,0
DA:128,0
DA:129,0
DA:132,0
DA:134,0
DA:135,0
DA:145,0
DA:146,0
DA:147,0
DA:148,0
DA:149,0
DA:150,0
DA:154,0
DA:155,0
DA:156,0
DA:157,0
DA:159,0
DA:163,0
DA:167,0
DA:191,0
DA:192,0
DA:193,0
DA:194,0
DA:195,0
DA:204,0
DA:205,0
DA:234,0
DA:235,0
DA:236,0
DA:239,0
DA:249,0
DA:250,0
DA:282,0
DA:283,0
DA:287,0
DA:288,0
DA:289,0
DA:290,0
DA:301,0
DA:302,0
DA:316,0
DA:317,0
DA:318,0
DA:330,0
DA:331,0
DA:349,0
DA:377,0
DA:401,0
DA:403,0
DA:417,0
DA:429,0
DA:442,0
DA:443,0
DA:447,0
DA:448,0
DA:449,0
DA:450,0
DA:453,0
DA:457,0
DA:458,0
DA:473,0
DA:477,0
DA:478,0
DA:486,0
LF:141
LH:0
BRDA:37,0,0,0
BRDA:37,0,1,0
BRDA:50,1,0,0
BRDA:50,1,1,0
BRDA:57,2,0,0
BRDA:57,2,1,0
BRDA:58,3,0,0
BRDA:58,3,1,0
BRDA:73,4,0,0
BRDA:73,4,1,0
BRDA:73,5,0,0
BRDA:73,5,1,0
BRDA:76,6,0,0
BRDA:76,6,1,0
BRDA:76,7,0,0
BRDA:76,7,1,0
BRDA:79,8,0,0
BRDA:79,8,1,0
BRDA:79,9,0,0
BRDA:79,9,1,0
BRDA:90,10,0,0
BRDA:90,10,1,0
BRDA:109,11,0,0
BRDA:109,11,1,0
BRDA:110,12,0,0
BRDA:110,12,1,0
BRDA:111,13,0,0
BRDA:111,13,1,0
BRDA:111,14,0,0
BRDA:111,14,1,0
BRDA:111,15,0,0
BRDA:111,15,1,0
BRDA:114,16,0,0
BRDA:114,16,1,0
BRDA:120,17,0,0
BRDA:120,17,1,0
BRDA:125,18,0,0
BRDA:125,18,1,0
BRDA:125,19,0,0
BRDA:125,19,1,0
BRDA:139,20,0,0
BRDA:139,20,1,0
BRDA:139,21,0,0
BRDA:139,21,1,0
BRDA:145,22,0,0
BRDA:147,23,0,0
BRDA:147,23,1,0
BRDA:149,24,0,0
BRDA:149,24,1,0
BRDA:156,25,0,0
BRDA:156,25,1,0
BRDA:168,26,0,0
BRDA:168,26,1,0
BRDA:192,27,0,0
BRDA:192,27,1,0
BRDA:205,28,0,0
BRDA:205,28,1,0
BRDA:214,29,0,0
BRDA:214,29,1,0
BRDA:228,30,0,0
BRDA:228,30,1,0
BRDA:234,31,0,0
BRDA:234,31,1,0
BRDA:234,32,0,0
BRDA:234,32,1,0
BRDA:252,33,0,0
BRDA:252,33,1,0
BRDA:268,34,0,0
BRDA:268,34,1,0
BRDA:282,35,0,0
BRDA:282,35,1,0
BRDA:282,36,0,0
BRDA:282,36,1,0
BRDA:313,37,0,0
BRDA:313,37,1,0
BRDA:313,37,2,0
BRDA:349,38,0,0
BRDA:349,38,1,0
BRDA:354,39,0,0
BRDA:354,39,1,0
BRDA:356,40,0,0
BRDA:356,40,1,0
BRDA:359,41,0,0
BRDA:359,41,1,0
BRDA:365,42,0,0
BRDA:365,42,1,0
BRDA:372,43,0,0
BRDA:372,43,1,0
BRDA:384,44,0,0
BRDA:384,44,1,0
BRDA:391,45,0,0
BRDA:391,45,1,0
BRDA:395,46,0,0
BRDA:395,46,1,0
BRDA:397,47,0,0
BRDA:397,47,1,0
BRDA:404,48,0,0
BRDA:404,48,1,0
BRDA:404,49,0,0
BRDA:404,49,1,0
BRDA:412,50,0,0
BRDA:412,50,1,0
BRDA:434,51,0,0
BRDA:434,51,1,0
BRDA:434,52,0,0
BRDA:434,52,1,0
BRDA:434,53,0,0
BRDA:434,53,1,0
BRDA:436,54,0,0
BRDA:436,54,1,0
BRDA:438,55,0,0
BRDA:438,55,1,0
BRDA:440,56,0,0
BRDA:440,56,1,0
BRDA:468,57,0,0
BRDA:468,57,1,0
BRDA:472,58,0,0
BRDA:472,58,1,0
BRDA:478,59,0,0
BRDA:478,59,1,0
BRF:120
BRH:0
end_of_record
TN:
SF:src\components\PasswordField.jsx
FN:4,PasswordField
FN:32,(anonymous_1)
FN:32,(anonymous_2)
FNF:3
FNH:0
FNDA:0,PasswordField
FNDA:0,(anonymous_1)
FNDA:0,(anonymous_2)
DA:13,0
DA:14,0
DA:16,0
DA:32,0
LF:4
LH:0
BRDA:7,0,0,0
BRDA:10,1,0,0
BRDA:11,2,0,0
BRDA:22,3,0,0
BRDA:22,3,1,0
BRDA:37,4,0,0
BRDA:37,4,1,0
BRDA:40,5,0,0
BRDA:40,5,1,0
BRF:9
BRH:0
end_of_record
TN:
SF:src\components\PasswordStrengthChecklist.jsx
FN:5,PasswordStrengthChecklist
FN:12,(anonymous_1)
FNF:2
FNH:0
FNDA:0,PasswordStrengthChecklist
FNDA:0,(anonymous_1)
DA:6,0
DA:7,0
DA:8,0
DA:10,0
DA:13,0
LF:5
LH:0
BRDA:7,0,0,0
BRDA:7,0,1,0
BRDA:13,1,0,0
BRDA:13,1,1,0
BRDA:14,2,0,0
BRDA:14,2,1,0
BRF:6
BRH:0
end_of_record
TN:
SF:src\components\ProductCard.jsx
FN:10,ProductCard
FN:20,(anonymous_1)
FN:27,(anonymous_2)
FNF:3
FNH:0
FNDA:0,ProductCard
FNDA:0,(anonymous_1)
FNDA:0,(anonymous_2)
DA:11,0
DA:12,0
DA:13,0
DA:14,0
DA:15,0
DA:16,0
DA:17,0
DA:18,0
DA:20,0
DA:21,0
DA:22,0
DA:23,0
DA:25,0
DA:26,0
DA:27,0
DA:30,0
LF:16
LH:0
BRDA:14,0,0,0
BRDA:14,0,1,0
BRDA:15,1,0,0
BRDA:15,1,1,0
BRDA:16,2,0,0
BRDA:16,2,1,0
BRDA:16,3,0,0
BRDA:16,3,1,0
BRDA:23,4,0,0
BRDA:23,4,1,0
BRDA:34,5,0,0
BRDA:34,5,1,0
BRDA:38,6,0,0
BRDA:38,6,1,0
BRDA:43,7,0,0
BRDA:43,7,1,0
BRDA:43,7,2,0
BRDA:46,8,0,0
BRDA:46,8,1,0
BRDA:59,9,0,0
BRDA:59,9,1,0
BRDA:63,10,0,0
BRDA:63,10,1,0
BRDA:67,11,0,0
BRDA:67,11,1,0
BRF:25
BRH:0
end_of_record
TN:
SF:src\components\ProductGrid.jsx
FN:5,ProductGrid
FN:10,(anonymous_1)
FN:43,(anonymous_2)
FNF:3
FNH:0
FNDA:0,ProductGrid
FNDA:0,(anonymous_1)
FNDA:0,(anonymous_2)
DA:6,0
DA:7,0
DA:8,0
DA:11,0
DA:29,0
DA:30,0
DA:41,0
DA:43,0
LF:8
LH:0
BRDA:7,0,0,0
BRDA:7,0,1,0
BRDA:29,1,0,0
BRDA:29,1,1,0
BRF:4
BRH:0
end_of_record
TN:
SF:src\components\ProtectedRoute.jsx
FN:12,ProtectedRoute
FNF:1
FNH:0
FNDA:0,ProtectedRoute
DA:13,0
DA:14,0
DA:15,0
DA:17,0
DA:18,0
DA:25,0
DA:26,0
DA:32,0
DA:34,0
DA:37,0
DA:38,0
DA:50,0
LF:12
LH:0
BRDA:12,0,0,0
BRDA:12,1,0,0
BRDA:17,2,0,0
BRDA:17,2,1,0
BRDA:25,3,0,0
BRDA:25,3,1,0
BRDA:25,4,0,0
BRDA:25,4,1,0
BRDA:32,5,0,0
BRDA:32,5,1,0
BRDA:32,6,0,0
BRDA:32,6,1,0
BRDA:37,7,0,0
BRDA:37,7,1,0
BRDA:37,8,0,0
BRDA:37,8,1,0
BRF:16
BRH:0
end_of_record
TN:
SF:src\components\Recommendations.jsx
FN:9,(anonymous_0)
FN:16,(anonymous_1)
FN:21,(anonymous_2)
FN:26,(anonymous_3)
FN:31,(anonymous_4)
FN:34,(anonymous_5)
FN:51,(anonymous_6)
FN:66,(anonymous_7)
FN:67,(anonymous_8)
FNF:9
FNH:0
FNDA:0,(anonymous_0)
FNDA:0,(anonymous_1)
FNDA:0,(anonymous_2)
FNDA:0,(anonymous_3)
FNDA:0,(anonymous_4)
FNDA:0,(anonymous_5)
FNDA:0,(anonymous_6)
FNDA:0,(anonymous_7)
FNDA:0,(anonymous_8)
DA:9,0
DA:10,0
DA:11,0
DA:12,0
DA:13,0
DA:14,0
DA:16,0
DA:17,0
DA:18,0
DA:19,0
DA:20,0
DA:22,0
DA:23,0
DA:24,0
DA:27,0
DA:28,0
DA:29,0
DA:32,0
DA:34,0
DA:37,0
DA:38,0
DA:39,0
DA:41,0
DA:52,0
DA:53,0
DA:54,0
DA:55,0
DA:66,0
DA:67,0
LF:29
LH:0
BRDA:17,0,0,0
BRDA:17,0,1,0
BRDA:22,1,0,0
BRDA:22,1,1,0
BRDA:27,2,0,0
BRDA:27,2,1,0
BRDA:32,3,0,0
BRDA:32,3,1,0
BRDA:37,4,0,0
BRDA:37,4,1,0
BRDA:38,5,0,0
BRDA:38,5,1,0
BRDA:39,6,0,0
BRDA:39,6,1,0
BRDA:52,7,0,0
BRDA:52,7,1,0
BRDA:53,8,0,0
BRDA:53,8,1,0
BRDA:54,9,0,0
BRDA:54,9,1,0
BRDA:69,10,0,0
BRDA:69,10,1,0
BRF:22
BRH:0
end_of_record
TN:
SF:src\components\ScrollToTop.jsx
FN:4,ScrollToTop
FN:7,(anonymous_1)
FNF:2
FNH:0
FNDA:0,ScrollToTop
FNDA:0,(anonymous_1)
DA:5,0
DA:7,0
DA:8,0
DA:9,0
DA:12,0
LF:5
LH:0
BRDA:8,0,0,0
BRDA:8,0,1,0
BRF:2
BRH:0
end_of_record
TN:
SF:src\components\StarRating.jsx
FN:5,(anonymous_0)
FN:13,(anonymous_1)
FN:20,(anonymous_2)
FNF:3
FNH:0
FNDA:0,(anonymous_0)
FNDA:0,(anonymous_1)
FNDA:0,(anonymous_2)
DA:5,0
DA:6,0
DA:7,0
DA:8,0
DA:10,0
DA:14,0
DA:15,0
DA:17,0
DA:20,0
LF:9
LH:0
BRDA:5,0,0,0
BRDA:5,1,0,0
BRDA:5,2,0,0
BRDA:15,3,0,0
BRDA:15,3,1,0
BRDA:20,4,0,0
BRDA:20,4,1,0
BRDA:20,4,2,0
BRDA:24,5,0,0
BRDA:24,5,1,0
BRDA:32,6,0,0
BRDA:32,6,1,0
BRDA:32,6,2,0
BRDA:39,7,0,0
BRDA:39,7,1,0
BRDA:50,8,0,0
BRDA:50,8,1,0
BRF:17
BRH:0
end_of_record
TN:
SF:src\context\AuthContext.jsx
FN:15,AuthProvider
FN:23,(anonymous_1)
FN:25,(anonymous_2)
FN:26,(anonymous_3)
FN:27,(anonymous_4)
FN:28,(anonymous_5)
FN:34,(anonymous_6)
FN:35,(anonymous_7)
FN:37,(anonymous_8)
FN:44,(anonymous_9)
FN:52,(anonymous_10)
FN:59,(anonymous_11)
FN:65,(anonymous_12)
FN:79,(anonymous_13)
FNF:14
FNH:0
FNDA:0,AuthProvider
FNDA:0,(anonymous_1)
FNDA:0,(anonymous_2)
FNDA:0,(anonymous_3)
FNDA:0,(anonymous_4)
FNDA:0,(anonymous_5)
FNDA:0,(anonymous_6)
FNDA:0,(anonymous_7)
FNDA:0,(anonymous_8)
FNDA:0,(anonymous_9)
FNDA:0,(anonymous_10)
FNDA:0,(anonymous_11)
FNDA:0,(anonymous_12)
FNDA:0,(anonymous_13)
DA:13,0
DA:16,0
DA:17,0
DA:23,0
DA:24,0
DA:25,0
DA:26,0
DA:27,0
DA:28,0
DA:34,0
DA:35,0
DA:36,0
DA:37,0
DA:44,0
DA:45,0
DA:46,0
DA:47,0
DA:48,0
DA:49,0
DA:52,0
DA:53,0
DA:54,0
DA:55,0
DA:56,0
DA:59,0
DA:60,0
DA:61,0
DA:62,0
DA:65,0
DA:66,0
DA:67,0
DA:68,0
DA:69,0
DA:72,0
DA:79,0
LF:35
LH:0
BRDA:46,0,0,0
BRDA:46,0,1,0
BRF:2
BRH:0
end_of_record
TN:
SF:src\context\CartContext.jsx
FN:13,loadGuestCart
FN:21,saveGuestCart
FN:26,(anonymous_2)
FN:31,(anonymous_3)
FN:38,CartProvider
FN:46,(anonymous_5)
FN:54,(anonymous_6)
FN:66,(anonymous_7)
FN:91,(anonymous_8)
FN:94,(anonymous_9)
FN:96,(anonymous_10)
FN:98,(anonymous_11)
FN:100,(anonymous_12)
FN:104,(anonymous_13)
FN:107,(anonymous_14)
FN:109,(anonymous_15)
FN:111,(anonymous_16)
FN:121,(anonymous_17)
FN:124,(anonymous_18)
FN:125,(anonymous_19)
FN:128,(anonymous_20)
FN:130,(anonymous_21)
FN:130,(anonymous_22)
FN:132,(anonymous_23)
FN:138,(anonymous_24)
FN:139,(anonymous_25)
FN:145,(anonymous_26)
FN:147,(anonymous_27)
FN:148,(anonymous_28)
FN:150,(anonymous_29)
FN:152,(anonymous_30)
FN:156,(anonymous_31)
FN:156,(anonymous_32)
FN:159,(anonymous_33)
FN:164,(anonymous_34)
FN:167,(anonymous_35)
FN:170,(anonymous_36)
FN:171,(anonymous_37)
FN:174,(anonymous_38)
FN:183,(anonymous_39)
FNF:40
FNH:0
FNDA:0,loadGuestCart
FNDA:0,saveGuestCart
FNDA:0,(anonymous_2)
FNDA:0,(anonymous_3)
FNDA:0,CartProvider
FNDA:0,(anonymous_5)
FNDA:0,(anonymous_6)
FNDA:0,(anonymous_7)
FNDA:0,(anonymous_8)
FNDA:0,(anonymous_9)
FNDA:0,(anonymous_10)
FNDA:0,(anonymous_11)
FNDA:0,(anonymous_12)
FNDA:0,(anonymous_13)
FNDA:0,(anonymous_14)
FNDA:0,(anonymous_15)
FNDA:0,(anonymous_16)
FNDA:0,(anonymous_17)
FNDA:0,(anonymous_18)
FNDA:0,(anonymous_19)
FNDA:0,(anonymous_20)
FNDA:0,(anonymous_21)
FNDA:0,(anonymous_22)
FNDA:0,(anonymous_23)
FNDA:0,(anonymous_24)
FNDA:0,(anonymous_25)
FNDA:0,(anonymous_26)
FNDA:0,(anonymous_27)
FNDA:0,(anonymous_28)
FNDA:0,(anonymous_29)
FNDA:0,(anonymous_30)
FNDA:0,(anonymous_31)
FNDA:0,(anonymous_32)
FNDA:0,(anonymous_33)
FNDA:0,(anonymous_34)
FNDA:0,(anonymous_35)
FNDA:0,(anonymous_36)
FNDA:0,(anonymous_37)
FNDA:0,(anonymous_38)
FNDA:0,(anonymous_39)
DA:10,0
DA:11,0
DA:14,0
DA:15,0
DA:16,0
DA:18,0
DA:22,0
DA:26,0
DA:31,0
DA:39,0
DA:40,0
DA:41,0
DA:42,0
DA:46,0
DA:47,0
DA:54,0
DA:55,0
DA:57,0
DA:58,0
DA:59,0
DA:60,0
DA:63,0
DA:64,0
DA:66,0
DA:67,0
DA:68,0
DA:69,0
DA:70,0
DA:71,0
DA:76,0
DA:79,0
DA:80,0
DA:82,0
DA:83,0
DA:84,0
DA:86,0
DA:91,0
DA:92,0
DA:93,0
DA:95,0
DA:96,0
DA:97,0
DA:98,0
DA:99,0
DA:100,0
DA:105,0
DA:107,0
DA:108,0
DA:109,0
DA:110,0
DA:111,0
DA:112,0
DA:117,0
DA:121,0
DA:122,0
DA:123,0
DA:124,0
DA:125,0
DA:126,0
DA:127,0
DA:129,0
DA:130,0
DA:134,0
DA:136,0
DA:138,0
DA:139,0
DA:140,0
DA:145,0
DA:146,0
DA:147,0
DA:148,0
DA:149,0
DA:150,0
DA:152,0
DA:154,0
DA:156,0
DA:159,0
DA:160,0
DA:161,0
DA:164,0
DA:167,0
DA:168,0
DA:169,0
DA:170,0
DA:174,0
DA:176,0
DA:183,0
LF:87
LH:0
BRDA:16,0,0,0
BRDA:16,0,1,0
BRDA:47,1,0,0
BRDA:47,1,1,0
BRDA:55,2,0,0
BRDA:55,2,1,0
BRDA:57,3,0,0
BRDA:57,3,1,0
BRDA:63,4,0,0
BRDA:63,4,1,0
BRDA:79,5,0,0
BRDA:79,5,1,0
BRDA:91,6,0,0
BRDA:92,7,0,0
BRDA:92,7,1,0
BRDA:99,8,0,0
BRDA:99,8,1,0
BRDA:100,9,0,0
BRDA:100,9,1,0
BRDA:110,10,0,0
BRDA:110,10,1,0
BRDA:112,11,0,0
BRDA:112,11,1,0
BRDA:122,12,0,0
BRDA:122,12,1,0
BRDA:123,13,0,0
BRDA:123,13,1,0
BRDA:126,14,0,0
BRDA:126,14,1,0
BRDA:130,15,0,0
BRDA:130,15,1,0
BRDA:140,16,0,0
BRDA:140,16,1,0
BRDA:146,17,0,0
BRDA:146,17,1,0
BRDA:149,18,0,0
BRDA:149,18,1,0
BRDA:161,19,0,0
BRDA:161,19,1,0
BRDA:168,20,0,0
BRDA:168,20,1,0
BRF:41
BRH:0
end_of_record
TN:
SF:src\context\LanguageContext.jsx
FN:8,LanguageProvider
FN:14,(anonymous_1)
FN:17,(anonymous_2)
FN:23,(anonymous_3)
FN:26,(anonymous_4)
FN:38,(anonymous_5)
FNF:6
FNH:0
FNDA:0,LanguageProvider
FNDA:0,(anonymous_1)
FNDA:0,(anonymous_2)
FNDA:0,(anonymous_3)
FNDA:0,(anonymous_4)
FNDA:0,(anonymous_5)
DA:6,0
DA:9,0
DA:10,0
DA:14,0
DA:15,0
DA:16,0
DA:18,0
DA:19,0
DA:20,0
DA:26,0
DA:27,0
DA:28,0
DA:31,0
DA:38,0
LF:14
LH:0
BRDA:10,0,0,0
BRDA:10,0,1,0
BRDA:15,1,0,0
BRDA:15,1,1,0
BRDA:18,2,0,0
BRDA:18,2,1,0
BRDA:18,3,0,0
BRDA:18,3,1,0
BRF:8
BRH:0
end_of_record
TN:
SF:src\data\cities.js
FNF:0
FNH:0
DA:3,0
LF:1
LH:0
BRF:0
BRH:0
end_of_record
TN:
SF:src\data\districts.js
FNF:0
FNH:0
DA:3,0
LF:1
LH:0
BRF:0
BRH:0
end_of_record
TN:
SF:src\i18n\index.js
FNF:0
FNH:0
DA:36,0
DA:38,0
LF:2
LH:0
BRF:0
BRH:0
end_of_record
TN:
SF:src\pages\About.jsx
FN:4,About
FNF:1
FNH:0
FNDA:0,About
DA:5,0
DA:6,0
LF:2
LH:0
BRF:0
BRH:0
end_of_record
TN:
SF:src\pages\Admin.jsx
FN:61,(anonymous_0)
FN:63,(anonymous_1)
FN:78,(anonymous_2)
FN:79,(anonymous_3)
FN:80,(anonymous_4)
FN:82,(anonymous_5)
FN:83,(anonymous_6)
FN:86,(anonymous_7)
FN:101,(anonymous_8)
FN:103,(anonymous_9)
FN:106,(anonymous_10)
FN:124,(anonymous_11)
FN:130,(anonymous_12)
FN:136,(anonymous_13)
FN:157,(anonymous_14)
FN:158,(anonymous_15)
FN:159,(anonymous_16)
FN:160,(anonymous_17)
FN:172,Admin
FN:185,(anonymous_19)
FN:187,(anonymous_20)
FN:188,(anonymous_21)
FN:191,(anonymous_22)
FN:195,(anonymous_23)
FN:198,(anonymous_24)
FN:199,handleClickOutside
FN:203,(anonymous_26)
FN:206,(anonymous_27)
FN:208,(anonymous_28)
FN:208,(anonymous_29)
FN:209,(anonymous_30)
FN:216,(anonymous_31)
FN:217,(anonymous_32)
FN:217,(anonymous_33)
FN:309,(anonymous_34)
FN:318,(anonymous_35)
FN:324,(anonymous_36)
FN:330,(anonymous_37)
FN:336,(anonymous_38)
FN:340,(anonymous_39)
FN:346,(anonymous_40)
FN:352,(anonymous_41)
FN:359,(anonymous_42)
FN:366,(anonymous_43)
FN:369,(anonymous_44)
FN:369,(anonymous_45)
FN:373,(anonymous_46)
FN:376,(anonymous_47)
FN:376,(anonymous_48)
FN:380,(anonymous_49)
FN:381,(anonymous_50)
FN:383,(anonymous_51)
FN:388,(anonymous_52)
FN:388,(anonymous_53)
FN:395,(anonymous_54)
FN:402,(anonymous_55)
FN:410,(anonymous_56)
FN:413,(anonymous_57)
FN:413,(anonymous_58)
FN:417,(anonymous_59)
FN:429,(anonymous_60)
FN:430,(anonymous_61)
FN:431,(anonymous_62)
FN:433,(anonymous_63)
FN:442,(anonymous_64)
FN:444,(anonymous_65)
FN:460,(anonymous_66)
FN:460,(anonymous_67)
FN:461,(anonymous_68)
FN:461,(anonymous_69)
FN:462,(anonymous_70)
FN:462,(anonymous_71)
FN:462,(anonymous_72)
FN:463,(anonymous_73)
FN:463,(anonymous_74)
FN:464,(anonymous_75)
FN:464,(anonymous_76)
FN:464,(anonymous_77)
FN:466,(anonymous_78)
FN:467,(anonymous_79)
FN:483,(anonymous_80)
FN:487,(anonymous_81)
FN:487,(anonymous_82)
FN:492,(anonymous_83)
FN:516,(anonymous_84)
FN:524,(anonymous_85)
FN:543,(anonymous_86)
FN:545,(anonymous_87)
FN:547,(anonymous_88)
FN:550,(anonymous_89)
FN:561,(anonymous_90)
FN:567,(anonymous_91)
FN:568,(anonymous_92)
FN:571,(anonymous_93)
FN:573,(anonymous_94)
FN:577,(anonymous_95)
FN:588,(anonymous_96)
FN:598,(anonymous_97)
FN:601,(anonymous_98)
FN:601,(anonymous_99)
FN:605,(anonymous_100)
FN:605,(anonymous_101)
FN:612,(anonymous_102)
FN:615,(anonymous_103)
FN:615,(anonymous_104)
FN:621,(anonymous_105)
FN:629,(anonymous_106)
FN:643,(anonymous_107)
FN:645,(anonymous_108)
FN:647,(anonymous_109)
FN:658,(anonymous_110)
FN:665,(anonymous_111)
FN:667,(anonymous_112)
FN:676,(anonymous_113)
FN:689,(anonymous_114)
FN:692,(anonymous_115)
FN:692,(anonymous_116)
FN:695,(anonymous_117)
FN:695,(anonymous_118)
FN:697,(anonymous_119)
FN:697,(anonymous_120)
FN:704,(anonymous_121)
FN:707,(anonymous_122)
FN:707,(anonymous_123)
FN:709,(anonymous_124)
FN:717,(anonymous_125)
FN:718,(anonymous_126)
FN:719,(anonymous_127)
FN:726,(anonymous_128)
FN:726,(anonymous_129)
FN:726,(anonymous_130)
FN:731,(anonymous_131)
FN:732,(anonymous_132)
FN:732,(anonymous_133)
FN:732,(anonymous_134)
FN:732,(anonymous_135)
FN:733,(anonymous_136)
FN:734,(anonymous_137)
FN:734,(anonymous_138)
FN:734,(anonymous_139)
FN:734,(anonymous_140)
FN:735,(anonymous_141)
FN:737,(anonymous_142)
FN:746,(anonymous_143)
FN:747,(anonymous_144)
FN:747,(anonymous_145)
FN:753,(anonymous_146)
FN:753,(anonymous_147)
FN:753,(anonymous_148)
FN:754,(anonymous_149)
FN:754,(anonymous_150)
FN:754,(anonymous_151)
FN:774,(anonymous_152)
FN:774,(anonymous_153)
FN:806,(anonymous_154)
FN:809,(anonymous_155)
FN:826,(anonymous_156)
FN:846,(anonymous_157)
FN:850,(anonymous_158)
FN:854,(anonymous_159)
FN:856,(anonymous_160)
FN:864,(anonymous_161)
FN:871,(anonymous_162)
FN:878,(anonymous_163)
FN:904,(anonymous_164)
FN:929,(anonymous_165)
FN:935,(anonymous_166)
FN:936,(anonymous_167)
FN:962,(anonymous_168)
FN:965,(anonymous_169)
FN:967,(anonymous_170)
FN:976,(anonymous_171)
FN:978,(anonymous_172)
FN:986,(anonymous_173)
FN:988,(anonymous_174)
FN:1005,(anonymous_175)
FN:1011,(anonymous_176)
FN:1013,(anonymous_177)
FN:1014,(anonymous_178)
FN:1027,(anonymous_179)
FN:1028,(anonymous_180)
FN:1054,(anonymous_181)
FN:1055,(anonymous_182)
FN:1056,(anonymous_183)
FN:1057,(anonymous_184)
FN:1067,(anonymous_185)
FN:1074,(anonymous_186)
FN:1079,(anonymous_187)
FN:1080,(anonymous_188)
FN:1130,(anonymous_189)
FN:1134,(anonymous_190)
FN:1134,(anonymous_191)
FN:1150,(anonymous_192)
FN:1152,(anonymous_193)
FN:1157,(anonymous_194)
FN:1167,(anonymous_195)
FN:1173,(anonymous_196)
FN:1204,(anonymous_197)
FN:1205,(anonymous_198)
FN:1235,(anonymous_199)
FN:1241,(anonymous_200)
FN:1241,(anonymous_201)
FN:1246,(anonymous_202)
FN:1258,(anonymous_203)
FN:1264,(anonymous_204)
FN:1277,(anonymous_205)
FN:1279,(anonymous_206)
FN:1300,(anonymous_207)
FN:1301,(anonymous_208)
FN:1310,(anonymous_209)
FN:1312,(anonymous_210)
FN:1313,(anonymous_211)
FN:1314,(anonymous_212)
FN:1322,(anonymous_213)
FN:1324,(anonymous_214)
FN:1333,(anonymous_215)
FN:1334,(anonymous_216)
FN:1335,(anonymous_217)
FN:1335,(anonymous_218)
FN:1356,(anonymous_219)
FN:1357,(anonymous_220)
FN:1365,(anonymous_221)
FN:1368,(anonymous_222)
FN:1369,(anonymous_223)
FN:1385,(anonymous_224)
FN:1386,(anonymous_225)
FN:1387,(anonymous_226)
FN:1388,(anonymous_227)
FN:1392,(anonymous_228)
FN:1410,(anonymous_229)
FN:1412,(anonymous_230)
FN:1421,(anonymous_231)
FN:1422,(anonymous_232)
FN:1451,(anonymous_233)
FN:1454,(anonymous_234)
FN:1485,(anonymous_235)
FN:1495,(anonymous_236)
FN:1504,(anonymous_237)
FN:1510,(anonymous_238)
FN:1518,(anonymous_239)
FN:1521,(anonymous_240)
FN:1537,(anonymous_241)
FN:1537,(anonymous_242)
FN:1558,(anonymous_243)
FN:1559,(anonymous_244)
FN:1583,(anonymous_245)
FN:1610,(anonymous_246)
FN:1619,(anonymous_247)
FN:1631,(anonymous_248)
FN:1649,(anonymous_249)
FN:1665,(anonymous_250)
FN:1671,(anonymous_251)
FN:1690,(anonymous_252)
FN:1691,(anonymous_253)
FN:1698,(anonymous_254)
FN:1721,(anonymous_255)
FN:1730,(anonymous_256)
FN:1756,(anonymous_257)
FN:1763,(anonymous_258)
FN:1766,(anonymous_259)
FN:1800,(anonymous_260)
FN:1817,(anonymous_261)
FN:1822,(anonymous_262)
FN:1866,(anonymous_263)
FN:1867,(anonymous_264)
FN:1873,(anonymous_265)
FN:1874,(anonymous_266)
FN:1885,(anonymous_267)
FN:1910,(anonymous_268)
FN:1912,(anonymous_269)
FN:1914,(anonymous_270)
FN:1954,(anonymous_271)
FN:1955,(anonymous_272)
FN:1961,(anonymous_273)
FN:1962,(anonymous_274)
FN:1973,(anonymous_275)
FN:1988,(anonymous_276)
FN:1989,(anonymous_277)
FN:1990,(anonymous_278)
FN:2003,(anonymous_279)
FN:2004,(anonymous_280)
FN:2008,(anonymous_281)
FN:2009,(anonymous_282)
FN:2017,(anonymous_283)
FN:2018,(anonymous_284)
FN:2026,(anonymous_285)
FN:2033,(anonymous_286)
FN:2048,(anonymous_287)
FNF:288
FNH:0
FNDA:0,(anonymous_0)
FNDA:0,(anonymous_1)
FNDA:0,(anonymous_2)
FNDA:0,(anonymous_3)
FNDA:0,(anonymous_4)
FNDA:0,(anonymous_5)
FNDA:0,(anonymous_6)
FNDA:0,(anonymous_7)
FNDA:0,(anonymous_8)
FNDA:0,(anonymous_9)
FNDA:0,(anonymous_10)
FNDA:0,(anonymous_11)
FNDA:0,(anonymous_12)
FNDA:0,(anonymous_13)
FNDA:0,(anonymous_14)
FNDA:0,(anonymous_15)
FNDA:0,(anonymous_16)
FNDA:0,(anonymous_17)
FNDA:0,Admin
FNDA:0,(anonymous_19)
FNDA:0,(anonymous_20)
FNDA:0,(anonymous_21)
FNDA:0,(anonymous_22)
FNDA:0,(anonymous_23)
FNDA:0,(anonymous_24)
FNDA:0,handleClickOutside
FNDA:0,(anonymous_26)
FNDA:0,(anonymous_27)
FNDA:0,(anonymous_28)
FNDA:0,(anonymous_29)
FNDA:0,(anonymous_30)
FNDA:0,(anonymous_31)
FNDA:0,(anonymous_32)
FNDA:0,(anonymous_33)
FNDA:0,(anonymous_34)
FNDA:0,(anonymous_35)
FNDA:0,(anonymous_36)
FNDA:0,(anonymous_37)
FNDA:0,(anonymous_38)
FNDA:0,(anonymous_39)
FNDA:0,(anonymous_40)
FNDA:0,(anonymous_41)
FNDA:0,(anonymous_42)
FNDA:0,(anonymous_43)
FNDA:0,(anonymous_44)
FNDA:0,(anonymous_45)
FNDA:0,(anonymous_46)
FNDA:0,(anonymous_47)
FNDA:0,(anonymous_48)
FNDA:0,(anonymous_49)
FNDA:0,(anonymous_50)
FNDA:0,(anonymous_51)
FNDA:0,(anonymous_52)
FNDA:0,(anonymous_53)
FNDA:0,(anonymous_54)
FNDA:0,(anonymous_55)
FNDA:0,(anonymous_56)
FNDA:0,(anonymous_57)
FNDA:0,(anonymous_58)
FNDA:0,(anonymous_59)
FNDA:0,(anonymous_60)
FNDA:0,(anonymous_61)
FNDA:0,(anonymous_62)
FNDA:0,(anonymous_63)
FNDA:0,(anonymous_64)
FNDA:0,(anonymous_65)
FNDA:0,(anonymous_66)
FNDA:0,(anonymous_67)
FNDA:0,(anonymous_68)
FNDA:0,(anonymous_69)
FNDA:0,(anonymous_70)
FNDA:0,(anonymous_71)
FNDA:0,(anonymous_72)
FNDA:0,(anonymous_73)
FNDA:0,(anonymous_74)
FNDA:0,(anonymous_75)
FNDA:0,(anonymous_76)
FNDA:0,(anonymous_77)
FNDA:0,(anonymous_78)
FNDA:0,(anonymous_79)
FNDA:0,(anonymous_80)
FNDA:0,(anonymous_81)
FNDA:0,(anonymous_82)
FNDA:0,(anonymous_83)
FNDA:0,(anonymous_84)
FNDA:0,(anonymous_85)
FNDA:0,(anonymous_86)
FNDA:0,(anonymous_87)
FNDA:0,(anonymous_88)
FNDA:0,(anonymous_89)
FNDA:0,(anonymous_90)
FNDA:0,(anonymous_91)
FNDA:0,(anonymous_92)
FNDA:0,(anonymous_93)
FNDA:0,(anonymous_94)
FNDA:0,(anonymous_95)
FNDA:0,(anonymous_96)
FNDA:0,(anonymous_97)
FNDA:0,(anonymous_98)
FNDA:0,(anonymous_99)
FNDA:0,(anonymous_100)
FNDA:0,(anonymous_101)
FNDA:0,(anonymous_102)
FNDA:0,(anonymous_103)
FNDA:0,(anonymous_104)
FNDA:0,(anonymous_105)
FNDA:0,(anonymous_106)
FNDA:0,(anonymous_107)
FNDA:0,(anonymous_108)
FNDA:0,(anonymous_109)
FNDA:0,(anonymous_110)
FNDA:0,(anonymous_111)
FNDA:0,(anonymous_112)
FNDA:0,(anonymous_113)
FNDA:0,(anonymous_114)
FNDA:0,(anonymous_115)
FNDA:0,(anonymous_116)
FNDA:0,(anonymous_117)
FNDA:0,(anonymous_118)
FNDA:0,(anonymous_119)
FNDA:0,(anonymous_120)
FNDA:0,(anonymous_121)
FNDA:0,(anonymous_122)
FNDA:0,(anonymous_123)
FNDA:0,(anonymous_124)
FNDA:0,(anonymous_125)
FNDA:0,(anonymous_126)
FNDA:0,(anonymous_127)
FNDA:0,(anonymous_128)
FNDA:0,(anonymous_129)
FNDA:0,(anonymous_130)
FNDA:0,(anonymous_131)
FNDA:0,(anonymous_132)
FNDA:0,(anonymous_133)
FNDA:0,(anonymous_134)
FNDA:0,(anonymous_135)
FNDA:0,(anonymous_136)
FNDA:0,(anonymous_137)
FNDA:0,(anonymous_138)
FNDA:0,(anonymous_139)
FNDA:0,(anonymous_140)
FNDA:0,(anonymous_141)
FNDA:0,(anonymous_142)
FNDA:0,(anonymous_143)
FNDA:0,(anonymous_144)
FNDA:0,(anonymous_145)
FNDA:0,(anonymous_146)
FNDA:0,(anonymous_147)
FNDA:0,(anonymous_148)
FNDA:0,(anonymous_149)
FNDA:0,(anonymous_150)
FNDA:0,(anonymous_151)
FNDA:0,(anonymous_152)
FNDA:0,(anonymous_153)
FNDA:0,(anonymous_154)
FNDA:0,(anonymous_155)
FNDA:0,(anonymous_156)
FNDA:0,(anonymous_157)
FNDA:0,(anonymous_158)
FNDA:0,(anonymous_159)
FNDA:0,(anonymous_160)
FNDA:0,(anonymous_161)
FNDA:0,(anonymous_162)
FNDA:0,(anonymous_163)
FNDA:0,(anonymous_164)
FNDA:0,(anonymous_165)
FNDA:0,(anonymous_166)
FNDA:0,(anonymous_167)
FNDA:0,(anonymous_168)
FNDA:0,(anonymous_169)
FNDA:0,(anonymous_170)
FNDA:0,(anonymous_171)
FNDA:0,(anonymous_172)
FNDA:0,(anonymous_173)
FNDA:0,(anonymous_174)
FNDA:0,(anonymous_175)
FNDA:0,(anonymous_176)
FNDA:0,(anonymous_177)
FNDA:0,(anonymous_178)
FNDA:0,(anonymous_179)
FNDA:0,(anonymous_180)
FNDA:0,(anonymous_181)
FNDA:0,(anonymous_182)
FNDA:0,(anonymous_183)
FNDA:0,(anonymous_184)
FNDA:0,(anonymous_185)
FNDA:0,(anonymous_186)
FNDA:0,(anonymous_187)
FNDA:0,(anonymous_188)
FNDA:0,(anonymous_189)
FNDA:0,(anonymous_190)
FNDA:0,(anonymous_191)
FNDA:0,(anonymous_192)
FNDA:0,(anonymous_193)
FNDA:0,(anonymous_194)
FNDA:0,(anonymous_195)
FNDA:0,(anonymous_196)
FNDA:0,(anonymous_197)
FNDA:0,(anonymous_198)
FNDA:0,(anonymous_199)
FNDA:0,(anonymous_200)
FNDA:0,(anonymous_201)
FNDA:0,(anonymous_202)
FNDA:0,(anonymous_203)
FNDA:0,(anonymous_204)
FNDA:0,(anonymous_205)
FNDA:0,(anonymous_206)
FNDA:0,(anonymous_207)
FNDA:0,(anonymous_208)
FNDA:0,(anonymous_209)
FNDA:0,(anonymous_210)
FNDA:0,(anonymous_211)
FNDA:0,(anonymous_212)
FNDA:0,(anonymous_213)
FNDA:0,(anonymous_214)
FNDA:0,(anonymous_215)
FNDA:0,(anonymous_216)
FNDA:0,(anonymous_217)
FNDA:0,(anonymous_218)
FNDA:0,(anonymous_219)
FNDA:0,(anonymous_220)
FNDA:0,(anonymous_221)
FNDA:0,(anonymous_222)
FNDA:0,(anonymous_223)
FNDA:0,(anonymous_224)
FNDA:0,(anonymous_225)
FNDA:0,(anonymous_226)
FNDA:0,(anonymous_227)
FNDA:0,(anonymous_228)
FNDA:0,(anonymous_229)
FNDA:0,(anonymous_230)
FNDA:0,(anonymous_231)
FNDA:0,(anonymous_232)
FNDA:0,(anonymous_233)
FNDA:0,(anonymous_234)
FNDA:0,(anonymous_235)
FNDA:0,(anonymous_236)
FNDA:0,(anonymous_237)
FNDA:0,(anonymous_238)
FNDA:0,(anonymous_239)
FNDA:0,(anonymous_240)
FNDA:0,(anonymous_241)
FNDA:0,(anonymous_242)
FNDA:0,(anonymous_243)
FNDA:0,(anonymous_244)
FNDA:0,(anonymous_245)
FNDA:0,(anonymous_246)
FNDA:0,(anonymous_247)
FNDA:0,(anonymous_248)
FNDA:0,(anonymous_249)
FNDA:0,(anonymous_250)
FNDA:0,(anonymous_251)
FNDA:0,(anonymous_252)
FNDA:0,(anonymous_253)
FNDA:0,(anonymous_254)
FNDA:0,(anonymous_255)
FNDA:0,(anonymous_256)
FNDA:0,(anonymous_257)
FNDA:0,(anonymous_258)
FNDA:0,(anonymous_259)
FNDA:0,(anonymous_260)
FNDA:0,(anonymous_261)
FNDA:0,(anonymous_262)
FNDA:0,(anonymous_263)
FNDA:0,(anonymous_264)
FNDA:0,(anonymous_265)
FNDA:0,(anonymous_266)
FNDA:0,(anonymous_267)
FNDA:0,(anonymous_268)
FNDA:0,(anonymous_269)
FNDA:0,(anonymous_270)
FNDA:0,(anonymous_271)
FNDA:0,(anonymous_272)
FNDA:0,(anonymous_273)
FNDA:0,(anonymous_274)
FNDA:0,(anonymous_275)
FNDA:0,(anonymous_276)
FNDA:0,(anonymous_277)
FNDA:0,(anonymous_278)
FNDA:0,(anonymous_279)
FNDA:0,(anonymous_280)
FNDA:0,(anonymous_281)
FNDA:0,(anonymous_282)
FNDA:0,(anonymous_283)
FNDA:0,(anonymous_284)
FNDA:0,(anonymous_285)
FNDA:0,(anonymous_286)
FNDA:0,(anonymous_287)
DA:51,0
DA:59,0
DA:61,0
DA:63,0
DA:64,0
DA:65,0
DA:66,0
DA:78,0
DA:79,0
DA:80,0
DA:82,0
DA:83,0
DA:84,0
DA:87,0
DA:101,0
DA:102,0
DA:103,0
DA:104,0
DA:107,0
DA:108,0
DA:124,0
DA:125,0
DA:126,0
DA:127,0
DA:130,0
DA:136,0
DA:143,0
DA:146,0
DA:154,0
DA:155,0
DA:157,0
DA:158,0
DA:159,0
DA:160,0
DA:163,0
DA:173,0
DA:174,0
DA:175,0
DA:176,0
DA:177,0
DA:180,0
DA:181,0
DA:182,0
DA:183,0
DA:185,0
DA:186,0
DA:187,0
DA:191,0
DA:192,0
DA:193,0
DA:194,0
DA:195,0
DA:198,0
DA:200,0
DA:202,0
DA:203,0
DA:206,0
DA:207,0
DA:208,0
DA:209,0
DA:210,0
DA:212,0
DA:213,0
DA:216,0
DA:217,0
DA:218,0
DA:219,0
DA:222,0
DA:223,0
DA:224,0
DA:225,0
DA:226,0
DA:227,0
DA:228,0
DA:229,0
DA:230,0
DA:231,0
DA:232,0
DA:233,0
DA:234,0
DA:237,0
DA:238,0
DA:239,0
DA:240,0
DA:241,0
DA:242,0
DA:243,0
DA:244,0
DA:245,0
DA:246,0
DA:247,0
DA:248,0
DA:249,0
DA:250,0
DA:251,0
DA:252,0
DA:253,0
DA:254,0
DA:255,0
DA:256,0
DA:257,0
DA:258,0
DA:259,0
DA:260,0
DA:261,0
DA:262,0
DA:265,0
DA:266,0
DA:267,0
DA:268,0
DA:269,0
DA:270,0
DA:271,0
DA:272,0
DA:273,0
DA:274,0
DA:275,0
DA:276,0
DA:277,0
DA:278,0
DA:279,0
DA:280,0
DA:281,0
DA:282,0
DA:283,0
DA:284,0
DA:285,0
DA:286,0
DA:287,0
DA:288,0
DA:289,0
DA:290,0
DA:291,0
DA:292,0
DA:295,0
DA:296,0
DA:297,0
DA:298,0
DA:299,0
DA:300,0
DA:303,0
DA:304,0
DA:305,0
DA:306,0
DA:309,0
DA:310,0
DA:311,0
DA:312,0
DA:314,0
DA:318,0
DA:319,0
DA:320,0
DA:321,0
DA:324,0
DA:325,0
DA:326,0
DA:327,0
DA:330,0
DA:331,0
DA:332,0
DA:333,0
DA:334,0
DA:335,0
DA:336,0
DA:337,0
DA:340,0
DA:341,0
DA:342,0
DA:343,0
DA:346,0
DA:347,0
DA:348,0
DA:349,0
DA:352,0
DA:353,0
DA:354,0
DA:355,0
DA:359,0
DA:360,0
DA:361,0
DA:362,0
DA:363,0
DA:366,0
DA:367,0
DA:368,0
DA:369,0
DA:373,0
DA:374,0
DA:375,0
DA:376,0
DA:380,0
DA:381,0
DA:383,0
DA:384,0
DA:385,0
DA:386,0
DA:387,0
DA:388,0
DA:389,0
DA:391,0
DA:395,0
DA:396,0
DA:397,0
DA:398,0
DA:399,0
DA:402,0
DA:403,0
DA:404,0
DA:405,0
DA:406,0
DA:407,0
DA:410,0
DA:411,0
DA:412,0
DA:413,0
DA:417,0
DA:418,0
DA:419,0
DA:420,0
DA:421,0
DA:422,0
DA:423,0
DA:424,0
DA:425,0
DA:426,0
DA:429,0
DA:430,0
DA:431,0
DA:433,0
DA:434,0
DA:435,0
DA:436,0
DA:437,0
DA:438,0
DA:439,0
DA:442,0
DA:444,0
DA:445,0
DA:446,0
DA:447,0
DA:448,0
DA:449,0
DA:450,0
DA:451,0
DA:453,0
DA:454,0
DA:456,0
DA:460,0
DA:461,0
DA:462,0
DA:463,0
DA:464,0
DA:466,0
DA:467,0
DA:468,0
DA:469,0
DA:471,0
DA:472,0
DA:473,0
DA:474,0
DA:475,0
DA:477,0
DA:479,0
DA:483,0
DA:484,0
DA:485,0
DA:486,0
DA:487,0
DA:488,0
DA:492,0
DA:493,0
DA:494,0
DA:495,0
DA:496,0
DA:497,0
DA:498,0
DA:499,0
DA:500,0
DA:501,0
DA:502,0
DA:503,0
DA:504,0
DA:505,0
DA:506,0
DA:507,0
DA:509,0
DA:511,0
DA:516,0
DA:517,0
DA:518,0
DA:519,0
DA:520,0
DA:521,0
DA:524,0
DA:525,0
DA:537,0
DA:538,0
DA:539,0
DA:540,0
DA:543,0
DA:545,0
DA:546,0
DA:547,0
DA:550,0
DA:551,0
DA:552,0
DA:553,0
DA:554,0
DA:555,0
DA:556,0
DA:557,0
DA:558,0
DA:559,0
DA:561,0
DA:563,0
DA:564,0
DA:567,0
DA:568,0
DA:569,0
DA:570,0
DA:571,0
DA:573,0
DA:577,0
DA:588,0
DA:589,0
DA:590,0
DA:591,0
DA:592,0
DA:593,0
DA:594,0
DA:595,0
DA:596,0
DA:597,0
DA:598,0
DA:600,0
DA:601,0
DA:605,0
DA:606,0
DA:608,0
DA:609,0
DA:612,0
DA:613,0
DA:614,0
DA:615,0
DA:617,0
DA:621,0
DA:622,0
DA:623,0
DA:624,0
DA:625,0
DA:626,0
DA:629,0
DA:630,0
DA:637,0
DA:638,0
DA:639,0
DA:640,0
DA:643,0
DA:645,0
DA:646,0
DA:647,0
DA:648,0
DA:651,0
DA:652,0
DA:654,0
DA:658,0
DA:659,0
DA:660,0
DA:661,0
DA:662,0
DA:663,0
DA:664,0
DA:665,0
DA:666,0
DA:667,0
DA:669,0
DA:672,0
DA:673,0
DA:676,0
DA:677,0
DA:678,0
DA:679,0
DA:680,0
DA:681,0
DA:686,0
DA:687,0
DA:688,0
DA:689,0
DA:691,0
DA:692,0
DA:694,0
DA:695,0
DA:697,0
DA:698,0
DA:700,0
DA:701,0
DA:704,0
DA:705,0
DA:706,0
DA:707,0
DA:708,0
DA:709,0
DA:712,0
DA:714,0
DA:717,0
DA:718,0
DA:719,0
DA:720,0
DA:721,0
DA:722,0
DA:723,0
DA:724,0
DA:725,0
DA:726,0
DA:727,0
DA:731,0
DA:732,0
DA:733,0
DA:734,0
DA:735,0
DA:737,0
DA:738,0
DA:739,0
DA:740,0
DA:741,0
DA:742,0
DA:743,0
DA:744,0
DA:745,0
DA:746,0
DA:747,0
DA:748,0
DA:749,0
DA:750,0
DA:753,0
DA:754,0
DA:756,0
DA:757,0
DA:760,0
DA:774,0
DA:807,0
DA:809,0
DA:826,0
DA:847,0
DA:850,0
DA:854,0
DA:856,0
DA:864,0
DA:871,0
DA:878,0
DA:905,0
DA:930,0
DA:936,0
DA:962,0
DA:965,0
DA:968,0
DA:976,0
DA:978,0
DA:987,0
DA:988,0
DA:989,0
DA:990,0
DA:991,0
DA:992,0
DA:993,0
DA:994,0
DA:996,0
DA:997,0
DA:998,0
DA:999,0
DA:1006,0
DA:1012,0
DA:1013,0
DA:1014,0
DA:1027,0
DA:1028,0
DA:1054,0
DA:1055,0
DA:1057,0
DA:1068,0
DA:1075,0
DA:1076,0
DA:1077,0
DA:1080,0
DA:1130,0
DA:1134,0
DA:1151,0
DA:1152,0
DA:1153,0
DA:1157,0
DA:1158,0
DA:1159,0
DA:1160,0
DA:1161,0
DA:1168,0
DA:1174,0
DA:1204,0
DA:1205,0
DA:1236,0
DA:1241,0
DA:1242,0
DA:1246,0
DA:1258,0
DA:1264,0
DA:1277,0
DA:1279,0
DA:1300,0
DA:1301,0
DA:1311,0
DA:1312,0
DA:1313,0
DA:1314,0
DA:1315,0
DA:1316,0
DA:1317,0
DA:1318,0
DA:1322,0
DA:1325,0
DA:1326,0
DA:1327,0
DA:1333,0
DA:1334,0
DA:1335,0
DA:1357,0
DA:1365,0
DA:1368,0
DA:1370,0
DA:1385,0
DA:1386,0
DA:1387,0
DA:1388,0
DA:1392,0
DA:1410,0
DA:1413,0
DA:1421,0
DA:1422,0
DA:1452,0
DA:1454,0
DA:1485,0
DA:1495,0
DA:1505,0
DA:1510,0
DA:1518,0
DA:1521,0
DA:1537,0
DA:1558,0
DA:1559,0
DA:1584,0
DA:1610,0
DA:1619,0
DA:1632,0
DA:1649,0
DA:1665,0
DA:1671,0
DA:1690,0
DA:1691,0
DA:1699,0
DA:1721,0
DA:1730,0
DA:1757,0
DA:1758,0
DA:1759,0
DA:1760,0
DA:1761,0
DA:1763,0
DA:1766,0
DA:1768,0
DA:1770,0
DA:1801,0
DA:1818,0
DA:1822,0
DA:1866,0
DA:1867,0
DA:1873,0
DA:1874,0
DA:1885,0
DA:1911,0
DA:1912,0
DA:1914,0
DA:1954,0
DA:1955,0
DA:1961,0
DA:1962,0
DA:1973,0
DA:1988,0
DA:1989,0
DA:1990,0
DA:2003,0
DA:2004,0
DA:2008,0
DA:2009,0
DA:2017,0
DA:2018,0
DA:2026,0
DA:2033,0
DA:2048,0
DA:2068,0
LF:597
LH:0
BRDA:65,0,0,0
BRDA:65,0,1,0
BRDA:107,1,0,0
BRDA:107,1,1,0
BRDA:126,2,0,0
BRDA:126,2,1,0
BRDA:132,3,0,0
BRDA:132,3,1,0
BRDA:138,4,0,0
BRDA:138,4,1,0
BRDA:157,5,0,0
BRDA:157,5,1,0
BRDA:160,6,0,0
BRDA:160,6,1,0
BRDA:192,7,0,0
BRDA:192,7,1,0
BRDA:192,8,0,0
BRDA:192,8,1,0
BRDA:200,9,0,0
BRDA:200,9,1,0
BRDA:200,10,0,0
BRDA:200,10,1,0
BRDA:207,11,0,0
BRDA:207,11,1,0
BRDA:208,12,0,0
BRDA:208,12,1,0
BRDA:213,13,0,0
BRDA:213,13,1,0
BRDA:369,14,0,0
BRDA:369,14,1,0
BRDA:384,15,0,0
BRDA:384,15,1,0
BRDA:384,16,0,0
BRDA:384,16,1,0
BRDA:388,17,0,0
BRDA:388,17,1,0
BRDA:418,18,0,0
BRDA:418,18,1,0
BRDA:419,19,0,0
BRDA:419,19,1,0
BRDA:420,20,0,0
BRDA:420,20,1,0
BRDA:421,21,0,0
BRDA:421,21,1,0
BRDA:422,22,0,0
BRDA:422,22,1,0
BRDA:423,23,0,0
BRDA:423,23,1,0
BRDA:424,24,0,0
BRDA:424,24,1,0
BRDA:425,25,0,0
BRDA:425,25,1,0
BRDA:426,26,0,0
BRDA:426,26,1,0
BRDA:434,27,0,0
BRDA:434,27,1,0
BRDA:453,28,0,0
BRDA:453,28,1,0
BRDA:462,29,0,0
BRDA:462,29,1,0
BRDA:462,30,0,0
BRDA:462,30,1,0
BRDA:467,31,0,0
BRDA:467,31,1,0
BRDA:477,32,0,0
BRDA:477,32,1,0
BRDA:487,33,0,0
BRDA:487,33,1,0
BRDA:496,34,0,0
BRDA:496,34,1,0
BRDA:497,35,0,0
BRDA:497,35,1,0
BRDA:498,36,0,0
BRDA:498,36,1,0
BRDA:517,37,0,0
BRDA:517,37,1,0
BRDA:526,38,0,0
BRDA:526,38,1,0
BRDA:527,39,0,0
BRDA:527,39,1,0
BRDA:528,40,0,0
BRDA:528,40,1,0
BRDA:529,41,0,0
BRDA:529,41,1,0
BRDA:530,42,0,0
BRDA:530,42,1,0
BRDA:530,42,2,0
BRDA:532,43,0,0
BRDA:532,43,1,0
BRDA:533,44,0,0
BRDA:533,44,1,0
BRDA:534,45,0,0
BRDA:534,45,1,0
BRDA:547,46,0,0
BRDA:547,46,1,0
BRDA:551,47,0,0
BRDA:551,47,1,0
BRDA:553,48,0,0
BRDA:553,48,1,0
BRDA:563,49,0,0
BRDA:563,49,1,0
BRDA:570,50,0,0
BRDA:570,50,1,0
BRDA:570,51,0,0
BRDA:570,51,1,0
BRDA:582,52,0,0
BRDA:582,52,1,0
BRDA:589,53,0,0
BRDA:589,53,1,0
BRDA:590,54,0,0
BRDA:590,54,1,0
BRDA:591,55,0,0
BRDA:591,55,1,0
BRDA:591,56,0,0
BRDA:591,56,1,0
BRDA:592,57,0,0
BRDA:592,57,1,0
BRDA:592,58,0,0
BRDA:592,58,1,0
BRDA:592,58,2,0
BRDA:596,59,0,0
BRDA:596,59,1,0
BRDA:601,60,0,0
BRDA:601,60,1,0
BRDA:608,61,0,0
BRDA:608,61,1,0
BRDA:631,62,0,0
BRDA:631,62,1,0
BRDA:632,63,0,0
BRDA:632,63,1,0
BRDA:633,64,0,0
BRDA:633,64,1,0
BRDA:634,65,0,0
BRDA:634,65,1,0
BRDA:635,66,0,0
BRDA:635,66,1,0
BRDA:648,67,0,0
BRDA:648,67,1,0
BRDA:651,68,0,0
BRDA:651,68,1,0
BRDA:651,69,0,0
BRDA:651,69,1,0
BRDA:651,69,2,0
BRDA:651,69,3,0
BRDA:661,70,0,0
BRDA:661,70,1,0
BRDA:666,71,0,0
BRDA:666,71,1,0
BRDA:666,72,0,0
BRDA:666,72,1,0
BRDA:672,73,0,0
BRDA:672,73,1,0
BRDA:677,74,0,0
BRDA:677,74,1,0
BRDA:678,75,0,0
BRDA:678,75,1,0
BRDA:686,76,0,0
BRDA:686,76,1,0
BRDA:688,77,0,0
BRDA:688,77,1,0
BRDA:689,78,0,0
BRDA:689,78,1,0
BRDA:692,79,0,0
BRDA:692,79,1,0
BRDA:692,80,0,0
BRDA:692,80,1,0
BRDA:695,81,0,0
BRDA:695,81,1,0
BRDA:700,82,0,0
BRDA:700,82,1,0
BRDA:708,83,0,0
BRDA:708,83,1,0
BRDA:708,84,0,0
BRDA:708,84,1,0
BRDA:712,85,0,0
BRDA:712,85,1,0
BRDA:718,86,0,0
BRDA:718,86,1,0
BRDA:718,87,0,0
BRDA:718,87,1,0
BRDA:720,88,0,0
BRDA:720,88,1,0
BRDA:721,89,0,0
BRDA:721,89,1,0
BRDA:721,90,0,0
BRDA:721,90,1,0
BRDA:726,91,0,0
BRDA:726,91,1,0
BRDA:726,92,0,0
BRDA:726,92,1,0
BRDA:726,93,0,0
BRDA:726,93,1,0
BRDA:726,94,0,0
BRDA:726,94,1,0
BRDA:732,95,0,0
BRDA:732,95,1,0
BRDA:732,96,0,0
BRDA:732,96,1,0
BRDA:732,97,0,0
BRDA:732,97,1,0
BRDA:732,98,0,0
BRDA:732,98,1,0
BRDA:732,99,0,0
BRDA:732,99,1,0
BRDA:732,100,0,0
BRDA:732,100,1,0
BRDA:732,101,0,0
BRDA:732,101,1,0
BRDA:732,102,0,0
BRDA:732,102,1,0
BRDA:732,103,0,0
BRDA:732,103,1,0
BRDA:732,104,0,0
BRDA:732,104,1,0
BRDA:732,105,0,0
BRDA:732,105,1,0
BRDA:732,106,0,0
BRDA:732,106,1,0
BRDA:732,107,0,0
BRDA:732,107,1,0
BRDA:732,108,0,0
BRDA:732,108,1,0
BRDA:732,109,0,0
BRDA:732,109,1,0
BRDA:734,110,0,0
BRDA:734,110,1,0
BRDA:734,111,0,0
BRDA:734,111,1,0
BRDA:735,112,0,0
BRDA:735,112,1,0
BRDA:735,113,0,0
BRDA:735,113,1,0
BRDA:735,114,0,0
BRDA:735,114,1,0
BRDA:735,115,0,0
BRDA:735,115,1,0
BRDA:738,116,0,0
BRDA:738,116,1,0
BRDA:739,117,0,0
BRDA:739,117,1,0
BRDA:740,118,0,0
BRDA:740,118,1,0
BRDA:740,119,0,0
BRDA:740,119,1,0
BRDA:740,119,2,0
BRDA:741,120,0,0
BRDA:741,120,1,0
BRDA:741,121,0,0
BRDA:741,121,1,0
BRDA:742,122,0,0
BRDA:742,122,1,0
BRDA:742,123,0,0
BRDA:742,123,1,0
BRDA:743,124,0,0
BRDA:743,124,1,0
BRDA:746,125,0,0
BRDA:746,125,1,0
BRDA:747,126,0,0
BRDA:747,126,1,0
BRDA:749,127,0,0
BRDA:749,127,1,0
BRDA:754,128,0,0
BRDA:754,128,1,0
BRDA:756,129,0,0
BRDA:756,129,1,0
BRDA:757,130,0,0
BRDA:757,130,1,0
BRDA:757,131,0,0
BRDA:757,131,1,0
BRDA:785,132,0,0
BRDA:785,132,1,0
BRDA:792,133,0,0
BRDA:792,133,1,0
BRDA:796,134,0,0
BRDA:796,134,1,0
BRDA:803,135,0,0
BRDA:803,135,1,0
BRDA:810,136,0,0
BRDA:810,136,1,0
BRDA:819,137,0,0
BRDA:819,137,1,0
BRDA:849,138,0,0
BRDA:849,138,1,0
BRDA:854,139,0,0
BRDA:854,139,1,0
BRDA:854,139,2,0
BRDA:864,140,0,0
BRDA:864,140,1,0
BRDA:867,141,0,0
BRDA:867,141,1,0
BRDA:890,142,0,0
BRDA:890,142,1,0
BRDA:893,143,0,0
BRDA:893,143,1,0
BRDA:894,144,0,0
BRDA:894,144,1,0
BRDA:894,144,2,0
BRDA:895,145,0,0
BRDA:895,145,1,0
BRDA:905,146,0,0
BRDA:905,146,1,0
BRDA:907,147,0,0
BRDA:907,147,1,0
BRDA:938,148,0,0
BRDA:938,148,1,0
BRDA:938,148,2,0
BRDA:938,149,0,0
BRDA:938,149,1,0
BRDA:938,150,0,0
BRDA:938,150,1,0
BRDA:953,151,0,0
BRDA:953,151,1,0
BRDA:980,152,0,0
BRDA:980,152,1,0
BRDA:982,153,0,0
BRDA:982,153,1,0
BRDA:985,154,0,0
BRDA:985,154,1,0
BRDA:986,155,0,0
BRDA:986,155,1,0
BRDA:989,156,0,0
BRDA:989,156,1,0
BRDA:989,157,0,0
BRDA:989,157,1,0
BRDA:990,158,0,0
BRDA:990,158,1,0
BRDA:991,159,0,0
BRDA:991,159,1,0
BRDA:992,160,0,0
BRDA:992,160,1,0
BRDA:992,160,2,0
BRDA:993,161,0,0
BRDA:993,161,1,0
BRDA:993,161,2,0
BRDA:994,162,0,0
BRDA:994,162,1,0
BRDA:994,162,2,0
BRDA:1015,163,0,0
BRDA:1015,163,1,0
BRDA:1015,163,2,0
BRDA:1015,164,0,0
BRDA:1015,164,1,0
BRDA:1023,165,0,0
BRDA:1023,165,1,0
BRDA:1023,166,0,0
BRDA:1023,166,1,0
BRDA:1033,167,0,0
BRDA:1033,167,1,0
BRDA:1047,168,0,0
BRDA:1047,168,1,0
BRDA:1054,169,0,0
BRDA:1054,169,1,0
BRDA:1057,170,0,0
BRDA:1057,170,1,0
BRDA:1057,171,0,0
BRDA:1057,171,1,0
BRDA:1057,172,0,0
BRDA:1057,172,1,0
BRDA:1061,173,0,0
BRDA:1061,173,1,0
BRDA:1062,174,0,0
BRDA:1062,174,1,0
BRDA:1075,175,0,0
BRDA:1075,175,1,0
BRDA:1076,176,0,0
BRDA:1076,176,1,0
BRDA:1076,177,0,0
BRDA:1076,177,1,0
BRDA:1080,178,0,0
BRDA:1080,178,1,0
BRDA:1082,179,0,0
BRDA:1082,179,1,0
BRDA:1088,180,0,0
BRDA:1088,180,1,0
BRDA:1088,181,0,0
BRDA:1088,181,1,0
BRDA:1089,182,0,0
BRDA:1089,182,1,0
BRDA:1089,183,0,0
BRDA:1089,183,1,0
BRDA:1091,184,0,0
BRDA:1091,184,1,0
BRDA:1091,185,0,0
BRDA:1091,185,1,0
BRDA:1096,186,0,0
BRDA:1096,186,1,0
BRDA:1102,187,0,0
BRDA:1102,187,1,0
BRDA:1104,188,0,0
BRDA:1104,188,1,0
BRDA:1110,189,0,0
BRDA:1110,189,1,0
BRDA:1121,190,0,0
BRDA:1121,190,1,0
BRDA:1138,191,0,0
BRDA:1138,191,1,0
BRDA:1139,192,0,0
BRDA:1139,192,1,0
BRDA:1140,193,0,0
BRDA:1140,193,1,0
BRDA:1149,194,0,0
BRDA:1149,194,1,0
BRDA:1150,195,0,0
BRDA:1150,195,1,0
BRDA:1152,196,0,0
BRDA:1152,196,1,0
BRDA:1153,197,0,0
BRDA:1153,197,1,0
BRDA:1153,197,2,0
BRDA:1153,198,0,0
BRDA:1153,198,1,0
BRDA:1154,199,0,0
BRDA:1154,199,1,0
BRDA:1155,200,0,0
BRDA:1155,200,1,0
BRDA:1157,201,0,0
BRDA:1157,201,1,0
BRDA:1176,202,0,0
BRDA:1176,202,1,0
BRDA:1183,203,0,0
BRDA:1183,203,1,0
BRDA:1185,204,0,0
BRDA:1185,204,1,0
BRDA:1188,205,0,0
BRDA:1188,205,1,0
BRDA:1191,206,0,0
BRDA:1191,206,1,0
BRDA:1197,207,0,0
BRDA:1197,207,1,0
BRDA:1199,208,0,0
BRDA:1199,208,1,0
BRDA:1200,209,0,0
BRDA:1200,209,1,0
BRDA:1209,210,0,0
BRDA:1209,210,1,0
BRDA:1223,211,0,0
BRDA:1223,211,1,0
BRDA:1229,212,0,0
BRDA:1229,212,1,0
BRDA:1230,213,0,0
BRDA:1230,213,1,0
BRDA:1241,214,0,0
BRDA:1241,214,1,0
BRDA:1241,215,0,0
BRDA:1241,215,1,0
BRDA:1244,216,0,0
BRDA:1244,216,1,0
BRDA:1253,217,0,0
BRDA:1253,217,1,0
BRDA:1259,218,0,0
BRDA:1259,218,1,0
BRDA:1260,219,0,0
BRDA:1260,219,1,0
BRDA:1265,220,0,0
BRDA:1265,220,1,0
BRDA:1266,221,0,0
BRDA:1266,221,1,0
BRDA:1271,222,0,0
BRDA:1271,222,1,0
BRDA:1278,223,0,0
BRDA:1278,223,1,0
BRDA:1284,224,0,0
BRDA:1284,224,1,0
BRDA:1295,225,0,0
BRDA:1295,225,1,0
BRDA:1309,226,0,0
BRDA:1309,226,1,0
BRDA:1310,227,0,0
BRDA:1310,227,1,0
BRDA:1312,228,0,0
BRDA:1312,228,1,0
BRDA:1312,229,0,0
BRDA:1312,229,1,0
BRDA:1312,230,0,0
BRDA:1312,230,1,0
BRDA:1312,231,0,0
BRDA:1312,231,1,0
BRDA:1313,232,0,0
BRDA:1313,232,1,0
BRDA:1314,233,0,0
BRDA:1314,233,1,0
BRDA:1330,234,0,0
BRDA:1330,234,1,0
BRDA:1331,235,0,0
BRDA:1331,235,1,0
BRDA:1331,236,0,0
BRDA:1331,236,1,0
BRDA:1331,237,0,0
BRDA:1331,237,1,0
BRDA:1332,238,0,0
BRDA:1332,238,1,0
BRDA:1332,239,0,0
BRDA:1332,239,1,0
BRDA:1332,239,2,0
BRDA:1333,240,0,0
BRDA:1333,240,1,0
BRDA:1334,241,0,0
BRDA:1334,241,1,0
BRDA:1334,242,0,0
BRDA:1334,242,1,0
BRDA:1339,243,0,0
BRDA:1339,243,1,0
BRDA:1351,244,0,0
BRDA:1351,244,1,0
BRDA:1357,245,0,0
BRDA:1357,245,1,0
BRDA:1357,246,0,0
BRDA:1357,246,1,0
BRDA:1357,247,0,0
BRDA:1357,247,1,0
BRDA:1361,248,0,0
BRDA:1361,248,1,0
BRDA:1362,249,0,0
BRDA:1362,249,1,0
BRDA:1368,250,0,0
BRDA:1368,250,1,0
BRDA:1370,251,0,0
BRDA:1370,251,1,0
BRDA:1371,252,0,0
BRDA:1371,252,1,0
BRDA:1380,253,0,0
BRDA:1380,253,1,0
BRDA:1380,254,0,0
BRDA:1380,254,1,0
BRDA:1381,255,0,0
BRDA:1381,255,1,0
BRDA:1381,256,0,0
BRDA:1381,256,1,0
BRDA:1385,257,0,0
BRDA:1385,257,1,0
BRDA:1386,258,0,0
BRDA:1386,258,1,0
BRDA:1387,259,0,0
BRDA:1387,259,1,0
BRDA:1392,260,0,0
BRDA:1392,260,1,0
BRDA:1392,261,0,0
BRDA:1392,261,1,0
BRDA:1403,262,0,0
BRDA:1403,262,1,0
BRDA:1406,263,0,0
BRDA:1406,263,1,0
BRDA:1407,264,0,0
BRDA:1407,264,1,0
BRDA:1414,265,0,0
BRDA:1414,265,1,0
BRDA:1426,266,0,0
BRDA:1426,266,1,0
BRDA:1437,267,0,0
BRDA:1437,267,1,0
BRDA:1441,268,0,0
BRDA:1441,268,1,0
BRDA:1447,269,0,0
BRDA:1447,269,1,0
BRDA:1456,270,0,0
BRDA:1456,270,1,0
BRDA:1469,271,0,0
BRDA:1469,271,1,0
BRDA:1472,272,0,0
BRDA:1472,272,1,0
BRDA:1473,273,0,0
BRDA:1473,273,1,0
BRDA:1473,273,2,0
BRDA:1475,274,0,0
BRDA:1475,274,1,0
BRDA:1476,275,0,0
BRDA:1476,275,1,0
BRDA:1536,276,0,0
BRDA:1536,276,1,0
BRDA:1547,277,0,0
BRDA:1547,277,1,0
BRDA:1557,278,0,0
BRDA:1557,278,1,0
BRDA:1568,279,0,0
BRDA:1568,279,1,0
BRDA:1568,279,2,0
BRDA:1569,280,0,0
BRDA:1569,280,1,0
BRDA:1572,281,0,0
BRDA:1572,281,1,0
BRDA:1572,282,0,0
BRDA:1572,282,1,0
BRDA:1578,283,0,0
BRDA:1578,283,1,0
BRDA:1585,284,0,0
BRDA:1585,284,1,0
BRDA:1606,285,0,0
BRDA:1606,285,1,0
BRDA:1617,286,0,0
BRDA:1617,286,1,0
BRDA:1620,287,0,0
BRDA:1620,287,1,0
BRDA:1622,288,0,0
BRDA:1622,288,1,0
BRDA:1625,289,0,0
BRDA:1625,289,1,0
BRDA:1627,290,0,0
BRDA:1627,290,1,0
BRDA:1627,290,2,0
BRDA:1639,291,0,0
BRDA:1639,291,1,0
BRDA:1648,292,0,0
BRDA:1648,292,1,0
BRDA:1654,293,0,0
BRDA:1654,293,1,0
BRDA:1655,294,0,0
BRDA:1655,294,1,0
BRDA:1656,295,0,0
BRDA:1656,295,1,0
BRDA:1670,296,0,0
BRDA:1670,296,1,0
BRDA:1673,297,0,0
BRDA:1673,297,1,0
BRDA:1689,298,0,0
BRDA:1689,298,1,0
BRDA:1692,299,0,0
BRDA:1692,299,1,0
BRDA:1695,300,0,0
BRDA:1695,300,1,0
BRDA:1696,301,0,0
BRDA:1696,301,1,0
BRDA:1702,302,0,0
BRDA:1702,302,1,0
BRDA:1707,303,0,0
BRDA:1707,303,1,0
BRDA:1714,304,0,0
BRDA:1714,304,1,0
BRDA:1728,305,0,0
BRDA:1728,305,1,0
BRDA:1731,306,0,0
BRDA:1731,306,1,0
BRDA:1732,307,0,0
BRDA:1732,307,1,0
BRDA:1757,308,0,0
BRDA:1757,308,1,0
BRDA:1776,309,0,0
BRDA:1776,309,1,0
BRDA:1782,310,0,0
BRDA:1782,310,1,0
BRDA:1788,311,0,0
BRDA:1788,311,1,0
BRDA:1790,312,0,0
BRDA:1790,312,1,0
BRDA:1790,312,2,0
BRDA:1801,313,0,0
BRDA:1801,313,1,0
BRDA:1815,314,0,0
BRDA:1815,314,1,0
BRDA:1843,315,0,0
BRDA:1843,315,1,0
BRDA:1856,316,0,0
BRDA:1856,316,1,0
BRDA:1857,317,0,0
BRDA:1857,317,1,0
BRDA:1857,318,0,0
BRDA:1857,318,1,0
BRDA:1865,319,0,0
BRDA:1865,319,1,0
BRDA:1883,320,0,0
BRDA:1883,320,1,0
BRDA:1886,321,0,0
BRDA:1886,321,1,0
BRDA:1887,322,0,0
BRDA:1887,322,1,0
BRDA:1903,323,0,0
BRDA:1903,323,1,0
BRDA:1911,324,0,0
BRDA:1911,324,1,0
BRDA:1928,325,0,0
BRDA:1928,325,1,0
BRDA:1930,326,0,0
BRDA:1930,326,1,0
BRDA:1936,327,0,0
BRDA:1936,327,1,0
BRDA:1936,327,2,0
BRDA:1944,328,0,0
BRDA:1944,328,1,0
BRDA:1945,329,0,0
BRDA:1945,329,1,0
BRDA:1945,330,0,0
BRDA:1945,330,1,0
BRDA:1953,331,0,0
BRDA:1953,331,1,0
BRDA:1971,332,0,0
BRDA:1971,332,1,0
BRDA:1974,333,0,0
BRDA:1974,333,1,0
BRDA:1975,334,0,0
BRDA:1975,334,1,0
BRDA:1981,335,0,0
BRDA:1981,335,1,0
BRDA:1988,336,0,0
BRDA:1988,336,1,0
BRDA:1989,337,0,0
BRDA:1989,337,1,0
BRDA:1990,338,0,0
BRDA:1990,338,1,0
BRDA:1995,339,0,0
BRDA:1995,339,1,0
BRDA:1995,340,0,0
BRDA:1995,340,1,0
BRDA:2002,341,0,0
BRDA:2002,341,1,0
BRDA:2016,342,0,0
BRDA:2016,342,1,0
BRDA:2022,343,0,0
BRDA:2022,343,1,0
BRDA:2023,344,0,0
BRDA:2023,344,1,0
BRDA:2024,345,0,0
BRDA:2024,345,1,0
BRDA:2031,346,0,0
BRDA:2031,346,1,0
BRDA:2038,347,0,0
BRDA:2038,347,1,0
BRDA:2038,347,2,0
BRDA:2056,348,0,0
BRDA:2056,348,1,0
BRDA:2057,349,0,0
BRDA:2057,349,1,0
BRF:720
BRH:0
end_of_record
TN:
SF:src\pages\Cart.jsx
FN:9,Cart
FN:15,(anonymous_1)
FN:17,(anonymous_2)
FN:23,(anonymous_3)
FN:25,(anonymous_4)
FN:31,(anonymous_5)
FN:36,(anonymous_6)
FN:81,(anonymous_7)
FN:105,(anonymous_8)
FN:107,(anonymous_9)
FN:115,(anonymous_10)
FN:146,(anonymous_11)
FNF:12
FNH:0
FNDA:0,Cart
FNDA:0,(anonymous_1)
FNDA:0,(anonymous_2)
FNDA:0,(anonymous_3)
FNDA:0,(anonymous_4)
FNDA:0,(anonymous_5)
FNDA:0,(anonymous_6)
FNDA:0,(anonymous_7)
FNDA:0,(anonymous_8)
FNDA:0,(anonymous_9)
FNDA:0,(anonymous_10)
FNDA:0,(anonymous_11)
DA:10,0
DA:11,0
DA:12,0
DA:13,0
DA:15,0
DA:16,0
DA:17,0
DA:18,0
DA:20,0
DA:23,0
DA:24,0
DA:25,0
DA:26,0
DA:28,0
DA:31,0
DA:32,0
DA:33,0
DA:36,0
DA:37,0
DA:39,0
DA:82,0
DA:83,0
DA:84,0
DA:105,0
DA:107,0
DA:115,0
DA:146,0
LF:27
LH:0
BRDA:16,0,0,0
BRDA:16,0,1,0
BRDA:16,1,0,0
BRDA:16,1,1,0
BRDA:18,2,0,0
BRDA:18,2,1,0
BRDA:20,3,0,0
BRDA:20,3,1,0
BRDA:24,4,0,0
BRDA:24,4,1,0
BRDA:24,5,0,0
BRDA:24,5,1,0
BRDA:26,6,0,0
BRDA:26,6,1,0
BRDA:28,7,0,0
BRDA:28,7,1,0
BRDA:32,8,0,0
BRDA:32,8,1,0
BRDA:32,9,0,0
BRDA:32,9,1,0
BRDA:44,10,0,0
BRDA:44,10,1,0
BRDA:46,11,0,0
BRDA:46,11,1,0
BRDA:52,12,0,0
BRDA:52,12,1,0
BRDA:59,13,0,0
BRDA:59,13,1,0
BRDA:69,14,0,0
BRDA:69,14,1,0
BRDA:85,15,0,0
BRDA:85,15,1,0
BRDA:88,16,0,0
BRDA:88,16,1,0
BRDA:98,17,0,0
BRDA:98,17,1,0
BRDA:125,18,0,0
BRDA:125,18,1,0
BRF:38
BRH:0
end_of_record
TN:
SF:src\pages\Checkout.jsx
FN:26,(anonymous_0)
FN:34,(anonymous_1)
FN:51,(anonymous_2)
FN:59,(anonymous_3)
FN:67,(anonymous_4)
FN:70,(anonymous_5)
FN:76,(anonymous_6)
FN:77,(anonymous_7)
FN:83,(anonymous_8)
FN:86,(anonymous_9)
FN:92,(anonymous_10)
FN:98,(anonymous_11)
FN:143,(anonymous_12)
FN:146,(anonymous_13)
FN:154,(anonymous_14)
FN:155,(anonymous_15)
FN:179,(anonymous_16)
FN:192,(anonymous_17)
FN:202,(anonymous_18)
FN:205,(anonymous_19)
FN:214,(anonymous_20)
FN:215,(anonymous_21)
FN:215,(anonymous_22)
FN:219,(anonymous_23)
FN:223,(anonymous_24)
FN:224,(anonymous_25)
FN:236,(anonymous_26)
FN:237,(anonymous_27)
FN:244,(anonymous_28)
FN:250,(anonymous_29)
FN:267,(anonymous_30)
FN:288,(anonymous_31)
FN:291,(anonymous_32)
FN:300,(anonymous_33)
FN:309,(anonymous_34)
FN:312,(anonymous_35)
FN:324,(anonymous_36)
FN:336,(anonymous_37)
FN:341,(anonymous_38)
FN:342,(anonymous_39)
FN:366,(anonymous_40)
FN:367,(anonymous_41)
FN:386,(anonymous_42)
FN:413,(anonymous_43)
FN:445,(anonymous_44)
FN:503,(anonymous_45)
FN:515,(anonymous_46)
FN:567,(anonymous_47)
FN:650,(anonymous_48)
FN:709,(anonymous_49)
FN:711,(anonymous_50)
FNF:51
FNH:0
FNDA:0,(anonymous_0)
FNDA:0,(anonymous_1)
FNDA:0,(anonymous_2)
FNDA:0,(anonymous_3)
FNDA:0,(anonymous_4)
FNDA:0,(anonymous_5)
FNDA:0,(anonymous_6)
FNDA:0,(anonymous_7)
FNDA:0,(anonymous_8)
FNDA:0,(anonymous_9)
FNDA:0,(anonymous_10)
FNDA:0,(anonymous_11)
FNDA:0,(anonymous_12)
FNDA:0,(anonymous_13)
FNDA:0,(anonymous_14)
FNDA:0,(anonymous_15)
FNDA:0,(anonymous_16)
FNDA:0,(anonymous_17)
FNDA:0,(anonymous_18)
FNDA:0,(anonymous_19)
FNDA:0,(anonymous_20)
FNDA:0,(anonymous_21)
FNDA:0,(anonymous_22)
FNDA:0,(anonymous_23)
FNDA:0,(anonymous_24)
FNDA:0,(anonymous_25)
FNDA:0,(anonymous_26)
FNDA:0,(anonymous_27)
FNDA:0,(anonymous_28)
FNDA:0,(anonymous_29)
FNDA:0,(anonymous_30)
FNDA:0,(anonymous_31)
FNDA:0,(anonymous_32)
FNDA:0,(anonymous_33)
FNDA:0,(anonymous_34)
FNDA:0,(anonymous_35)
FNDA:0,(anonymous_36)
FNDA:0,(anonymous_37)
FNDA:0,(anonymous_38)
FNDA:0,(anonymous_39)
FNDA:0,(anonymous_40)
FNDA:0,(anonymous_41)
FNDA:0,(anonymous_42)
FNDA:0,(anonymous_43)
FNDA:0,(anonymous_44)
FNDA:0,(anonymous_45)
FNDA:0,(anonymous_46)
FNDA:0,(anonymous_47)
FNDA:0,(anonymous_48)
FNDA:0,(anonymous_49)
FNDA:0,(anonymous_50)
DA:18,0
DA:26,0
DA:27,0
DA:28,0
DA:29,0
DA:30,0
DA:31,0
DA:34,0
DA:35,0
DA:36,0
DA:37,0
DA:38,0
DA:39,0
DA:41,0
DA:42,0
DA:43,0
DA:44,0
DA:45,0
DA:47,0
DA:51,0
DA:52,0
DA:53,0
DA:54,0
DA:55,0
DA:57,0
DA:59,0
DA:60,0
DA:61,0
DA:62,0
DA:63,0
DA:67,0
DA:68,0
DA:69,0
DA:70,0
DA:72,0
DA:76,0
DA:77,0
DA:78,0
DA:79,0
DA:82,0
DA:83,0
DA:86,0
DA:87,0
DA:88,0
DA:89,0
DA:92,0
DA:93,0
DA:94,0
DA:95,0
DA:98,0
DA:99,0
DA:100,0
DA:101,0
DA:105,0
DA:144,0
DA:146,0
DA:154,0
DA:155,0
DA:179,0
DA:180,0
DA:181,0
DA:182,0
DA:183,0
DA:184,0
DA:185,0
DA:186,0
DA:187,0
DA:192,0
DA:193,0
DA:196,0
DA:197,0
DA:198,0
DA:199,0
DA:200,0
DA:202,0
DA:203,0
DA:204,0
DA:205,0
DA:208,0
DA:214,0
DA:215,0
DA:218,0
DA:219,0
DA:223,0
DA:224,0
DA:225,0
DA:226,0
DA:227,0
DA:229,0
DA:230,0
DA:233,0
DA:234,0
DA:236,0
DA:237,0
DA:238,0
DA:239,0
DA:240,0
DA:244,0
DA:245,0
DA:246,0
DA:247,0
DA:248,0
DA:249,0
DA:250,0
DA:254,0
DA:255,0
DA:256,0
DA:258,0
DA:259,0
DA:260,0
DA:261,0
DA:263,0
DA:267,0
DA:268,0
DA:269,0
DA:270,0
DA:273,0
DA:288,0
DA:289,0
DA:290,0
DA:291,0
DA:300,0
DA:301,0
DA:302,0
DA:309,0
DA:310,0
DA:311,0
DA:312,0
DA:324,0
DA:325,0
DA:326,0
DA:327,0
DA:336,0
DA:337,0
DA:338,0
DA:341,0
DA:342,0
DA:347,0
DA:350,0
DA:352,0
DA:363,0
DA:366,0
DA:367,0
DA:372,0
DA:380,0
DA:382,0
DA:383,0
DA:386,0
DA:387,0
DA:388,0
DA:389,0
DA:391,0
DA:392,0
DA:394,0
DA:395,0
DA:397,0
DA:399,0
DA:403,0
DA:404,0
DA:413,0
DA:420,0
DA:445,0
DA:503,0
DA:515,0
DA:568,0
DA:651,0
DA:652,0
DA:653,0
DA:654,0
DA:655,0
DA:657,0
DA:709,0
DA:711,0
LF:173
LH:0
BRDA:27,0,0,0
BRDA:27,0,1,0
BRDA:28,1,0,0
BRDA:28,1,1,0
BRDA:29,2,0,0
BRDA:29,2,1,0
BRDA:29,3,0,0
BRDA:29,3,1,0
BRDA:30,4,0,0
BRDA:30,4,1,0
BRDA:30,5,0,0
BRDA:30,5,1,0
BRDA:35,6,0,0
BRDA:35,6,1,0
BRDA:35,7,0,0
BRDA:35,7,1,0
BRDA:36,8,0,0
BRDA:36,8,1,0
BRDA:37,9,0,0
BRDA:37,9,1,0
BRDA:39,10,0,0
BRDA:39,10,1,0
BRDA:41,11,0,0
BRDA:41,11,1,0
BRDA:42,12,0,0
BRDA:42,12,1,0
BRDA:43,13,0,0
BRDA:43,13,1,0
BRDA:44,14,0,0
BRDA:44,14,1,0
BRDA:45,15,0,0
BRDA:45,15,1,0
BRDA:57,16,0,0
BRDA:57,16,1,0
BRDA:57,17,0,0
BRDA:57,17,1,0
BRDA:62,18,0,0
BRDA:62,18,1,0
BRDA:62,19,0,0
BRDA:62,19,1,0
BRDA:68,20,0,0
BRDA:68,20,1,0
BRDA:78,21,0,0
BRDA:78,21,1,0
BRDA:78,22,0,0
BRDA:78,22,1,0
BRDA:99,23,0,0
BRDA:99,23,1,0
BRDA:109,24,0,0
BRDA:109,24,1,0
BRDA:110,25,0,0
BRDA:110,25,1,0
BRDA:110,25,2,0
BRDA:114,26,0,0
BRDA:114,26,1,0
BRDA:121,27,0,0
BRDA:121,27,1,0
BRDA:126,28,0,0
BRDA:126,28,1,0
BRDA:126,28,2,0
BRDA:142,29,0,0
BRDA:142,29,1,0
BRDA:160,30,0,0
BRDA:160,30,1,0
BRDA:192,31,0,0
BRDA:192,31,1,0
BRDA:192,31,2,0
BRDA:225,32,0,0
BRDA:225,32,1,0
BRDA:225,32,2,0
BRDA:225,32,3,0
BRDA:226,33,0,0
BRDA:226,33,1,0
BRDA:234,34,0,0
BRDA:234,34,1,0
BRDA:236,35,0,0
BRDA:236,35,1,0
BRDA:238,36,0,0
BRDA:238,36,1,0
BRDA:246,37,0,0
BRDA:246,37,1,0
BRDA:251,38,0,0
BRDA:251,38,1,0
BRDA:252,39,0,0
BRDA:252,39,1,0
BRDA:254,40,0,0
BRDA:254,40,1,0
BRDA:256,41,0,0
BRDA:256,41,1,0
BRDA:259,42,0,0
BRDA:259,42,1,0
BRDA:289,43,0,0
BRDA:289,43,1,0
BRDA:290,44,0,0
BRDA:290,44,1,0
BRDA:293,45,0,0
BRDA:293,45,1,0
BRDA:294,46,0,0
BRDA:294,46,1,0
BRDA:301,47,0,0
BRDA:301,47,1,0
BRDA:310,48,0,0
BRDA:310,48,1,0
BRDA:310,49,0,0
BRDA:310,49,1,0
BRDA:311,50,0,0
BRDA:311,50,1,0
BRDA:317,51,0,0
BRDA:317,51,1,0
BRDA:326,52,0,0
BRDA:326,52,1,0
BRDA:343,53,0,0
BRDA:343,53,1,0
BRDA:344,54,0,0
BRDA:344,54,1,0
BRDA:350,55,0,0
BRDA:350,55,1,0
BRDA:357,56,0,0
BRDA:357,56,1,0
BRDA:368,57,0,0
BRDA:368,57,1,0
BRDA:369,58,0,0
BRDA:369,58,1,0
BRDA:372,59,0,0
BRDA:372,59,1,0
BRDA:372,60,0,0
BRDA:372,60,1,0
BRDA:380,61,0,0
BRDA:380,61,1,0
BRDA:392,62,0,0
BRDA:392,62,1,0
BRDA:397,63,0,0
BRDA:397,63,1,0
BRDA:397,63,2,0
BRDA:403,64,0,0
BRDA:403,64,1,0
BRDA:422,65,0,0
BRDA:422,65,1,0
BRDA:424,66,0,0
BRDA:424,66,1,0
BRDA:432,67,0,0
BRDA:432,67,1,0
BRDA:434,68,0,0
BRDA:434,68,1,0
BRDA:436,69,0,0
BRDA:436,69,1,0
BRDA:436,70,0,0
BRDA:436,70,1,0
BRDA:436,71,0,0
BRDA:436,71,1,0
BRDA:439,72,0,0
BRDA:439,72,1,0
BRDA:444,73,0,0
BRDA:444,73,1,0
BRDA:468,74,0,0
BRDA:468,74,1,0
BRDA:495,75,0,0
BRDA:495,75,1,0
BRDA:495,76,0,0
BRDA:495,76,1,0
BRDA:510,77,0,0
BRDA:510,77,1,0
BRDA:602,78,0,0
BRDA:602,78,1,0
BRDA:612,79,0,0
BRDA:612,79,1,0
BRDA:622,80,0,0
BRDA:622,80,1,0
BRDA:632,81,0,0
BRDA:632,81,1,0
BRDA:651,82,0,0
BRDA:651,82,1,0
BRDA:651,83,0,0
BRDA:651,83,1,0
BRDA:652,84,0,0
BRDA:652,84,1,0
BRDA:652,84,2,0
BRDA:652,84,3,0
BRDA:653,85,0,0
BRDA:653,85,1,0
BRDA:654,86,0,0
BRDA:654,86,1,0
BRDA:654,87,0,0
BRDA:654,87,1,0
BRDA:655,88,0,0
BRDA:655,88,1,0
BRDA:655,88,2,0
BRDA:660,89,0,0
BRDA:660,89,1,0
BRDA:689,90,0,0
BRDA:689,90,1,0
BRDA:702,91,0,0
BRDA:702,91,1,0
BRDA:711,92,0,0
BRDA:711,92,1,0
BRDA:717,93,0,0
BRDA:717,93,1,0
BRDA:719,94,0,0
BRDA:719,94,1,0
BRDA:733,95,0,0
BRDA:733,95,1,0
BRDA:743,96,0,0
BRDA:743,96,1,0
BRDA:749,97,0,0
BRDA:749,97,1,0
BRDA:762,98,0,0
BRDA:762,98,1,0
BRDA:765,99,0,0
BRDA:765,99,1,0
BRF:209
BRH:0
end_of_record
TN:
SF:src\pages\Contact.jsx
FN:6,Contact
FN:13,(anonymous_1)
FN:13,(anonymous_2)
FN:15,(anonymous_3)
FN:60,(anonymous_4)
FNF:5
FNH:0
FNDA:0,Contact
FNDA:0,(anonymous_1)
FNDA:0,(anonymous_2)
FNDA:0,(anonymous_3)
FNDA:0,(anonymous_4)
DA:7,0
DA:8,0
DA:9,0
DA:10,0
DA:11,0
DA:13,0
DA:15,0
DA:16,0
DA:17,0
DA:18,0
DA:20,0
DA:21,0
DA:22,0
DA:23,0
DA:25,0
DA:27,0
DA:31,0
DA:61,0
LF:18
LH:0
BRDA:25,0,0,0
BRDA:25,0,1,0
BRDA:81,1,0,0
BRDA:81,1,1,0
BRDA:88,2,0,0
BRDA:88,2,1,0
BRDA:129,3,0,0
BRDA:129,3,1,0
BRDA:130,4,0,0
BRDA:130,4,1,0
BRDA:133,5,0,0
BRDA:133,5,1,0
BRF:12
BRH:0
end_of_record
TN:
SF:src\pages\ForgotPassword.jsx
FN:9,ForgotPassword
FN:21,(anonymous_1)
FN:35,(anonymous_2)
FN:70,(anonymous_3)
FN:80,(anonymous_4)
FN:84,(anonymous_5)
FN:90,(anonymous_6)
FNF:7
FNH:0
FNDA:0,ForgotPassword
FNDA:0,(anonymous_1)
FNDA:0,(anonymous_2)
FNDA:0,(anonymous_3)
FNDA:0,(anonymous_4)
FNDA:0,(anonymous_5)
FNDA:0,(anonymous_6)
DA:10,0
DA:11,0
DA:12,0
DA:13,0
DA:14,0
DA:15,0
DA:16,0
DA:17,0
DA:18,0
DA:19,0
DA:21,0
DA:22,0
DA:23,0
DA:24,0
DA:25,0
DA:26,0
DA:27,0
DA:29,0
DA:31,0
DA:35,0
DA:36,0
DA:37,0
DA:38,0
DA:39,0
DA:40,0
DA:42,0
DA:43,0
DA:44,0
DA:45,0
DA:47,0
DA:49,0
DA:53,0
DA:70,0
DA:80,0
DA:84,0
DA:90,0
DA:111,0
LF:37
LH:0
BRDA:29,0,0,0
BRDA:29,0,1,0
BRDA:38,1,0,0
BRDA:38,1,1,0
BRDA:47,2,0,0
BRDA:47,2,1,0
BRDA:59,3,0,0
BRDA:59,3,1,0
BRDA:64,4,0,0
BRDA:64,4,1,0
BRDA:66,5,0,0
BRDA:66,5,1,0
BRDA:73,6,0,0
BRDA:73,6,1,0
BRDA:95,7,0,0
BRDA:95,7,1,0
BRDA:95,7,2,0
BRDA:95,7,3,0
BRDA:98,8,0,0
BRDA:98,8,1,0
BRF:20
BRH:0
end_of_record
TN:
SF:src\pages\Home.jsx
FN:17,SkeletonCard
FN:34,Home
FN:45,(anonymous_2)
FN:46,(anonymous_3)
FN:46,(anonymous_4)
FN:53,(anonymous_5)
FN:57,(anonymous_6)
FN:71,(anonymous_7)
FN:78,(anonymous_8)
FN:79,(anonymous_9)
FN:80,(anonymous_10)
FN:83,(anonymous_11)
FN:86,(anonymous_12)
FN:86,(anonymous_13)
FN:87,(anonymous_14)
FN:88,(anonymous_15)
FN:91,(anonymous_16)
FN:163,(anonymous_17)
FN:180,(anonymous_18)
FN:185,(anonymous_19)
FN:203,(anonymous_20)
FN:206,(anonymous_21)
FN:229,(anonymous_22)
FN:251,(anonymous_23)
FNF:24
FNH:0
FNDA:0,SkeletonCard
FNDA:0,Home
FNDA:0,(anonymous_2)
FNDA:0,(anonymous_3)
FNDA:0,(anonymous_4)
FNDA:0,(anonymous_5)
FNDA:0,(anonymous_6)
FNDA:0,(anonymous_7)
FNDA:0,(anonymous_8)
FNDA:0,(anonymous_9)
FNDA:0,(anonymous_10)
FNDA:0,(anonymous_11)
FNDA:0,(anonymous_12)
FNDA:0,(anonymous_13)
FNDA:0,(anonymous_14)
FNDA:0,(anonymous_15)
FNDA:0,(anonymous_16)
FNDA:0,(anonymous_17)
FNDA:0,(anonymous_18)
FNDA:0,(anonymous_19)
FNDA:0,(anonymous_20)
FNDA:0,(anonymous_21)
FNDA:0,(anonymous_22)
FNDA:0,(anonymous_23)
DA:11,0
DA:18,0
DA:35,0
DA:36,0
DA:37,0
DA:38,0
DA:39,0
DA:40,0
DA:41,0
DA:42,0
DA:43,0
DA:45,0
DA:46,0
DA:53,0
DA:54,0
DA:55,0
DA:56,0
DA:57,0
DA:58,0
DA:59,0
DA:60,0
DA:61,0
DA:62,0
DA:63,0
DA:66,0
DA:68,0
DA:71,0
DA:72,0
DA:77,0
DA:78,0
DA:79,0
DA:80,0
DA:83,0
DA:84,0
DA:85,0
DA:86,0
DA:87,0
DA:88,0
DA:91,0
DA:92,0
DA:95,0
DA:163,0
DA:180,0
DA:185,0
DA:203,0
DA:206,0
DA:230,0
DA:252,0
DA:282,0
LF:49
LH:0
BRDA:55,0,0,0
BRDA:55,0,1,0
BRDA:59,1,0,0
BRDA:59,1,1,0
BRDA:61,2,0,0
BRDA:61,2,1,0
BRDA:179,3,0,0
BRDA:179,3,1,0
BRDA:181,4,0,0
BRDA:181,4,1,0
BRDA:202,5,0,0
BRDA:202,5,1,0
BRDA:204,6,0,0
BRDA:204,6,1,0
BRDA:232,7,0,0
BRDA:232,7,1,0
BRF:16
BRH:0
end_of_record
TN:
SF:src\pages\Legal.jsx
FN:10,Legal
FN:19,(anonymous_1)
FN:54,(anonymous_2)
FN:77,(anonymous_3)
FNF:4
FNH:0
FNDA:0,Legal
FNDA:0,(anonymous_1)
FNDA:0,(anonymous_2)
FNDA:0,(anonymous_3)
DA:4,0
DA:11,0
DA:12,0
DA:14,0
DA:16,0
DA:17,0
DA:18,0
DA:19,0
DA:24,0
DA:55,0
DA:78,0
LF:11
LH:0
BRDA:14,0,0,0
BRDA:14,0,1,0
BRDA:64,1,0,0
BRDA:64,1,1,0
BRDA:65,2,0,0
BRDA:65,2,1,0
BRDA:66,3,0,0
BRDA:66,3,1,0
BRF:8
BRH:0
end_of_record
TN:
SF:src\pages\Login.jsx
FN:8,Login
FN:27,(anonymous_1)
FN:29,(anonymous_2)
FN:54,(anonymous_3)
FN:90,(anonymous_4)
FN:103,(anonymous_5)
FN:135,(anonymous_6)
FN:139,(anonymous_7)
FNF:8
FNH:0
FNDA:0,Login
FNDA:0,(anonymous_1)
FNDA:0,(anonymous_2)
FNDA:0,(anonymous_3)
FNDA:0,(anonymous_4)
FNDA:0,(anonymous_5)
FNDA:0,(anonymous_6)
FNDA:0,(anonymous_7)
DA:9,0
DA:10,0
DA:11,0
DA:12,0
DA:13,0
DA:15,0
DA:16,0
DA:18,0
DA:19,0
DA:20,0
DA:22,0
DA:23,0
DA:27,0
DA:29,0
DA:30,0
DA:31,0
DA:32,0
DA:33,0
DA:34,0
DA:35,0
DA:37,0
DA:40,0
DA:41,0
DA:42,0
DA:44,0
DA:45,0
DA:47,0
DA:50,0
DA:54,0
DA:55,0
DA:56,0
DA:57,0
DA:58,0
DA:59,0
DA:61,0
DA:63,0
DA:67,0
DA:68,0
DA:90,0
DA:103,0
DA:114,0
DA:135,0
DA:139,0
DA:158,0
LF:44
LH:0
BRDA:27,0,0,0
BRDA:27,0,1,0
BRDA:27,1,0,0
BRDA:27,1,1,0
BRDA:34,2,0,0
BRDA:34,2,1,0
BRDA:40,3,0,0
BRDA:40,3,1,0
BRDA:44,4,0,0
BRDA:44,4,1,0
BRDA:67,5,0,0
BRDA:67,5,1,0
BRDA:77,6,0,0
BRDA:77,6,1,0
BRDA:95,7,0,0
BRDA:95,7,1,0
BRDA:96,8,0,0
BRDA:96,8,1,0
BRDA:124,9,0,0
BRDA:124,9,1,0
BRDA:130,10,0,0
BRDA:130,10,1,0
BRDA:145,11,0,0
BRDA:145,11,1,0
BRF:24
BRH:0
end_of_record
TN:
SF:src\pages\Notifications.jsx
FN:6,Notifications
FN:11,(anonymous_1)
FN:14,(anonymous_2)
FN:15,(anonymous_3)
FN:18,(anonymous_4)
FN:20,(anonymous_5)
FN:21,(anonymous_6)
FN:21,(anonymous_7)
FN:25,(anonymous_8)
FN:26,(anonymous_9)
FN:26,(anonymous_10)
FN:30,(anonymous_11)
FN:53,(anonymous_12)
FN:58,(anonymous_13)
FNF:14
FNH:0
FNDA:0,Notifications
FNDA:0,(anonymous_1)
FNDA:0,(anonymous_2)
FNDA:0,(anonymous_3)
FNDA:0,(anonymous_4)
FNDA:0,(anonymous_5)
FNDA:0,(anonymous_6)
FNDA:0,(anonymous_7)
FNDA:0,(anonymous_8)
FNDA:0,(anonymous_9)
FNDA:0,(anonymous_10)
FNDA:0,(anonymous_11)
FNDA:0,(anonymous_12)
FNDA:0,(anonymous_13)
DA:7,0
DA:8,0
DA:9,0
DA:11,0
DA:12,0
DA:13,0
DA:14,0
DA:15,0
DA:18,0
DA:20,0
DA:21,0
DA:22,0
DA:25,0
DA:26,0
DA:27,0
DA:30,0
DA:32,0
DA:54,0
DA:58,0
LF:19
LH:0
BRDA:21,0,0,0
BRDA:21,0,1,0
BRDA:41,1,0,0
BRDA:41,1,1,0
BRDA:47,2,0,0
BRDA:47,2,1,0
BRDA:49,3,0,0
BRDA:49,3,1,0
BRDA:49,3,2,0
BRDA:53,4,0,0
BRDA:53,4,1,0
BRDA:57,5,0,0
BRDA:57,5,1,0
BRDA:57,6,0,0
BRDA:57,6,1,0
BRDA:58,7,0,0
BRDA:58,7,1,0
BRDA:66,8,0,0
BRDA:66,8,1,0
BRF:19
BRH:0
end_of_record
TN:
SF:src\pages\OrderConfirmation.jsx
FN:10,OrderConfirmation
FN:58,(anonymous_1)
FN:98,(anonymous_2)
FNF:3
FNH:0
FNDA:0,OrderConfirmation
FNDA:0,(anonymous_1)
FNDA:0,(anonymous_2)
DA:11,0
DA:12,0
DA:13,0
DA:14,0
DA:15,0
DA:18,0
DA:19,0
DA:22,0
DA:25,0
DA:28,0
DA:29,0
DA:31,0
DA:32,0
DA:49,0
DA:50,0
DA:54,0
DA:58,0
DA:59,0
DA:63,0
DA:65,0
DA:99,0
LF:21
LH:0
BRDA:19,0,0,0
BRDA:19,0,1,0
BRDA:20,1,0,0
BRDA:20,1,1,0
BRDA:20,1,2,0
BRDA:20,1,3,0
BRDA:22,2,0,0
BRDA:22,2,1,0
BRDA:23,3,0,0
BRDA:23,3,1,0
BRDA:23,3,2,0
BRDA:23,3,3,0
BRDA:25,4,0,0
BRDA:25,4,1,0
BRDA:25,5,0,0
BRDA:25,5,1,0
BRDA:25,5,2,0
BRDA:25,5,3,0
BRDA:28,6,0,0
BRDA:28,6,1,0
BRDA:28,6,2,0
BRDA:28,6,3,0
BRDA:29,7,0,0
BRDA:29,7,1,0
BRDA:29,7,2,0
BRDA:31,8,0,0
BRDA:31,8,1,0
BRDA:49,9,0,0
BRDA:49,9,1,0
BRDA:50,10,0,0
BRDA:50,10,1,0
BRDA:54,11,0,0
BRDA:54,11,1,0
BRDA:63,12,0,0
BRDA:63,12,1,0
BRDA:100,13,0,0
BRDA:100,13,1,0
BRDA:101,14,0,0
BRDA:101,14,1,0
BRDA:102,15,0,0
BRDA:102,15,1,0
BRDA:103,16,0,0
BRDA:103,16,1,0
BRDA:103,17,0,0
BRDA:103,17,1,0
BRDA:114,18,0,0
BRDA:114,18,1,0
BRDA:118,19,0,0
BRDA:118,19,1,0
BRDA:122,20,0,0
BRDA:122,20,1,0
BRDA:126,21,0,0
BRDA:126,21,1,0
BRDA:126,21,2,0
BRDA:136,22,0,0
BRDA:136,22,1,0
BRDA:146,23,0,0
BRDA:146,23,1,0
BRDA:146,23,2,0
BRDA:147,24,0,0
BRDA:147,24,1,0
BRDA:147,25,0,0
BRDA:147,25,1,0
BRDA:148,26,0,0
BRDA:148,26,1,0
BRDA:176,27,0,0
BRDA:176,27,1,0
BRDA:180,28,0,0
BRDA:180,28,1,0
BRDA:180,29,0,0
BRDA:180,29,1,0
BRF:71
BRH:0
end_of_record
TN:
SF:src\pages\OrderHistory.jsx
FN:15,OrderHistory
FN:33,(anonymous_1)
FN:36,(anonymous_2)
FN:37,(anonymous_3)
FN:38,(anonymous_4)
FN:43,(anonymous_5)
FN:45,(anonymous_6)
FN:103,(anonymous_7)
FN:112,(anonymous_8)
FN:123,(anonymous_9)
FN:126,(anonymous_10)
FN:162,(anonymous_11)
FN:176,(anonymous_12)
FN:211,(anonymous_13)
FN:233,(anonymous_14)
FN:273,(anonymous_15)
FNF:16
FNH:0
FNDA:0,OrderHistory
FNDA:0,(anonymous_1)
FNDA:0,(anonymous_2)
FNDA:0,(anonymous_3)
FNDA:0,(anonymous_4)
FNDA:0,(anonymous_5)
FNDA:0,(anonymous_6)
FNDA:0,(anonymous_7)
FNDA:0,(anonymous_8)
FNDA:0,(anonymous_9)
FNDA:0,(anonymous_10)
FNDA:0,(anonymous_11)
FNDA:0,(anonymous_12)
FNDA:0,(anonymous_13)
FNDA:0,(anonymous_14)
FNDA:0,(anonymous_15)
DA:13,0
DA:16,0
DA:17,0
DA:18,0
DA:26,0
DA:27,0
DA:28,0
DA:29,0
DA:30,0
DA:31,0
DA:33,0
DA:34,0
DA:35,0
DA:36,0
DA:37,0
DA:38,0
DA:41,0
DA:43,0
DA:45,0
DA:46,0
DA:49,0
DA:50,0
DA:58,0
DA:103,0
DA:112,0
DA:124,0
DA:126,0
DA:163,0
DA:164,0
DA:165,0
DA:166,0
DA:169,0
DA:171,0
DA:176,0
DA:212,0
DA:234,0
DA:274,0
LF:37
LH:0
BRDA:34,0,0,0
BRDA:34,0,1,0
BRDA:41,1,0,0
BRDA:41,1,1,0
BRDA:46,2,0,0
BRDA:46,2,1,0
BRDA:49,3,0,0
BRDA:49,3,1,0
BRDA:49,4,0,0
BRDA:49,4,1,0
BRDA:74,5,0,0
BRDA:74,5,1,0
BRDA:84,6,0,0
BRDA:84,6,1,0
BRDA:112,7,0,0
BRDA:112,7,1,0
BRDA:121,8,0,0
BRDA:121,8,1,0
BRDA:131,9,0,0
BRDA:131,9,1,0
BRDA:132,10,0,0
BRDA:132,10,1,0
BRDA:133,11,0,0
BRDA:133,11,1,0
BRDA:141,12,0,0
BRDA:141,12,1,0
BRDA:147,13,0,0
BRDA:147,13,1,0
BRDA:147,14,0,0
BRDA:147,14,1,0
BRDA:151,15,0,0
BRDA:151,15,1,0
BRDA:154,16,0,0
BRDA:154,16,1,0
BRDA:163,17,0,0
BRDA:163,17,1,0
BRDA:169,18,0,0
BRDA:169,18,1,0
BRDA:191,19,0,0
BRDA:191,19,1,0
BRDA:204,20,0,0
BRDA:204,20,1,0
BRDA:217,21,0,0
BRDA:217,21,1,0
BRDA:222,22,0,0
BRDA:222,22,1,0
BRDA:230,23,0,0
BRDA:230,23,1,0
BRDA:237,24,0,0
BRDA:237,24,1,0
BRDA:241,25,0,0
BRDA:241,25,1,0
BRDA:242,26,0,0
BRDA:242,26,1,0
BRDA:244,27,0,0
BRDA:244,27,1,0
BRDA:262,28,0,0
BRDA:262,28,1,0
BRDA:284,29,0,0
BRDA:284,29,1,0
BRDA:289,30,0,0
BRDA:289,30,1,0
BRDA:301,31,0,0
BRDA:301,31,1,0
BRDA:308,32,0,0
BRDA:308,32,1,0
BRDA:324,33,0,0
BRDA:324,33,1,0
BRDA:325,34,0,0
BRDA:325,34,1,0
BRDA:349,35,0,0
BRDA:349,35,1,0
BRDA:359,36,0,0
BRDA:359,36,1,0
BRDA:360,37,0,0
BRDA:360,37,1,0
BRDA:363,38,0,0
BRDA:363,38,1,0
BRDA:364,39,0,0
BRDA:364,39,1,0
BRF:80
BRH:0
end_of_record
TN:
SF:src\pages\ProductDetail.jsx
FN:17,ProductDetail
FN:49,(anonymous_1)
FN:53,(anonymous_2)
FN:54,(anonymous_3)
FN:57,(anonymous_4)
FN:64,(anonymous_5)
FN:66,(anonymous_6)
FN:67,(anonymous_7)
FN:69,(anonymous_8)
FN:73,(anonymous_9)
FN:76,(anonymous_10)
FN:77,(anonymous_11)
FN:78,(anonymous_12)
FN:83,(anonymous_13)
FN:84,(anonymous_14)
FN:103,(anonymous_15)
FN:153,(anonymous_16)
FN:156,(anonymous_17)
FN:159,(anonymous_18)
FN:170,(anonymous_19)
FN:180,(anonymous_20)
FN:262,(anonymous_21)
FN:262,(anonymous_22)
FN:268,(anonymous_23)
FN:268,(anonymous_24)
FN:314,(anonymous_25)
FN:339,(anonymous_26)
FN:384,(anonymous_27)
FN:403,(anonymous_28)
FN:448,(anonymous_29)
FNF:30
FNH:0
FNDA:0,ProductDetail
FNDA:0,(anonymous_1)
FNDA:0,(anonymous_2)
FNDA:0,(anonymous_3)
FNDA:0,(anonymous_4)
FNDA:0,(anonymous_5)
FNDA:0,(anonymous_6)
FNDA:0,(anonymous_7)
FNDA:0,(anonymous_8)
FNDA:0,(anonymous_9)
FNDA:0,(anonymous_10)
FNDA:0,(anonymous_11)
FNDA:0,(anonymous_12)
FNDA:0,(anonymous_13)
FNDA:0,(anonymous_14)
FNDA:0,(anonymous_15)
FNDA:0,(anonymous_16)
FNDA:0,(anonymous_17)
FNDA:0,(anonymous_18)
FNDA:0,(anonymous_19)
FNDA:0,(anonymous_20)
FNDA:0,(anonymous_21)
FNDA:0,(anonymous_22)
FNDA:0,(anonymous_23)
FNDA:0,(anonymous_24)
FNDA:0,(anonymous_25)
FNDA:0,(anonymous_26)
FNDA:0,(anonymous_27)
FNDA:0,(anonymous_28)
FNDA:0,(anonymous_29)
DA:18,0
DA:19,0
DA:20,0
DA:21,0
DA:22,0
DA:23,0
DA:24,0
DA:25,0
DA:26,0
DA:27,0
DA:28,0
DA:29,0
DA:32,0
DA:33,0
DA:34,0
DA:35,0
DA:36,0
DA:37,0
DA:38,0
DA:41,0
DA:42,0
DA:47,0
DA:49,0
DA:50,0
DA:51,0
DA:52,0
DA:53,0
DA:54,0
DA:57,0
DA:58,0
DA:59,0
DA:60,0
DA:61,0
DA:62,0
DA:64,0
DA:65,0
DA:66,0
DA:67,0
DA:69,0
DA:73,0
DA:74,0
DA:75,0
DA:76,0
DA:77,0
DA:78,0
DA:82,0
DA:83,0
DA:84,0
DA:85,0
DA:86,0
DA:87,0
DA:88,0
DA:89,0
DA:90,0
DA:92,0
DA:93,0
DA:94,0
DA:95,0
DA:99,0
DA:103,0
DA:104,0
DA:107,0
DA:108,0
DA:109,0
DA:113,0
DA:119,0
DA:120,0
DA:121,0
DA:122,0
DA:124,0
DA:125,0
DA:128,0
DA:129,0
DA:132,0
DA:134,0
DA:135,0
DA:136,0
DA:137,0
DA:138,0
DA:140,0
DA:141,0
DA:142,0
DA:143,0
DA:144,0
DA:146,0
DA:148,0
DA:153,0
DA:154,0
DA:155,0
DA:156,0
DA:159,0
DA:160,0
DA:161,0
DA:162,0
DA:163,0
DA:165,0
DA:166,0
DA:169,0
DA:170,0
DA:174,0
DA:175,0
DA:181,0
DA:189,0
DA:191,0
DA:192,0
DA:193,0
DA:195,0
DA:262,0
DA:268,0
DA:315,0
DA:340,0
DA:384,0
DA:403,0
DA:448,0
LF:114
LH:0
BRDA:50,0,0,0
BRDA:50,0,1,0
BRDA:50,1,0,0
BRDA:50,1,1,0
BRDA:58,2,0,0
BRDA:58,2,1,0
BRDA:58,3,0,0
BRDA:58,3,1,0
BRDA:60,4,0,0
BRDA:60,4,1,0
BRDA:88,5,0,0
BRDA:88,5,1,0
BRDA:89,6,0,0
BRDA:89,6,1,0
BRDA:90,7,0,0
BRDA:90,7,1,0
BRDA:99,8,0,0
BRDA:99,8,1,0
BRDA:107,9,0,0
BRDA:107,9,1,0
BRDA:107,10,0,0
BRDA:107,10,1,0
BRDA:119,11,0,0
BRDA:119,11,1,0
BRDA:120,12,0,0
BRDA:120,12,1,0
BRDA:120,13,0,0
BRDA:120,13,1,0
BRDA:141,14,0,0
BRDA:141,14,1,0
BRDA:142,15,0,0
BRDA:142,15,1,0
BRDA:143,16,0,0
BRDA:143,16,1,0
BRDA:146,17,0,0
BRDA:146,17,1,0
BRDA:161,18,0,0
BRDA:161,18,1,0
BRDA:174,19,0,0
BRDA:174,19,1,0
BRDA:189,20,0,0
BRDA:189,20,1,0
BRDA:193,21,0,0
BRDA:193,21,1,0
BRDA:202,22,0,0
BRDA:202,22,1,0
BRDA:209,23,0,0
BRDA:209,23,1,0
BRDA:213,24,0,0
BRDA:213,24,1,0
BRDA:242,25,0,0
BRDA:242,25,1,0
BRDA:243,26,0,0
BRDA:243,26,1,0
BRDA:244,27,0,0
BRDA:244,27,1,0
BRDA:251,28,0,0
BRDA:251,28,1,0
BRDA:282,29,0,0
BRDA:282,29,1,0
BRDA:289,30,0,0
BRDA:289,30,1,0
BRDA:291,31,0,0
BRDA:291,31,1,0
BRDA:294,32,0,0
BRDA:294,32,1,0
BRDA:302,33,0,0
BRDA:302,33,1,0
BRDA:302,34,0,0
BRDA:302,34,1,0
BRDA:306,35,0,0
BRDA:306,35,1,0
BRDA:307,36,0,0
BRDA:307,36,1,0
BRDA:307,37,0,0
BRDA:307,37,1,0
BRDA:307,38,0,0
BRDA:307,38,1,0
BRDA:308,39,0,0
BRDA:308,39,1,0
BRDA:328,40,0,0
BRDA:328,40,1,0
BRDA:334,41,0,0
BRDA:334,41,1,0
BRDA:336,42,0,0
BRDA:336,42,1,0
BRDA:352,43,0,0
BRDA:352,43,1,0
BRDA:370,44,0,0
BRDA:370,44,1,0
BRDA:375,45,0,0
BRDA:375,45,1,0
BRDA:418,46,0,0
BRDA:418,46,1,0
BRDA:418,46,2,0
BRDA:418,46,3,0
BRDA:420,47,0,0
BRDA:420,47,1,0
BRDA:425,48,0,0
BRDA:425,48,1,0
BRDA:425,48,2,0
BRDA:425,48,3,0
BRDA:425,48,4,0
BRDA:427,49,0,0
BRDA:427,49,1,0
BRDA:433,50,0,0
BRDA:433,50,1,0
BRDA:433,51,0,0
BRDA:433,51,1,0
BRDA:433,52,0,0
BRDA:433,52,1,0
BRDA:476,53,0,0
BRDA:476,53,1,0
BRDA:477,54,0,0
BRDA:477,54,1,0
BRDA:480,55,0,0
BRDA:480,55,1,0
BRF:117
BRH:0
end_of_record
TN:
SF:src\pages\Products.jsx
FN:13,Products
FN:33,(anonymous_1)
FN:41,(anonymous_2)
FN:42,(anonymous_3)
FN:42,(anonymous_4)
FN:46,(anonymous_5)
FN:49,(anonymous_6)
FN:62,(anonymous_7)
FN:73,(anonymous_8)
FN:74,(anonymous_9)
FN:76,(anonymous_10)
FN:80,(anonymous_11)
FN:84,(anonymous_12)
FN:88,(anonymous_13)
FN:97,(anonymous_14)
FN:107,(anonymous_15)
FN:142,(anonymous_16)
FN:146,(anonymous_17)
FN:152,(anonymous_18)
FN:165,(anonymous_19)
FN:170,(anonymous_20)
FN:204,(anonymous_21)
FN:208,(anonymous_22)
FN:225,(anonymous_23)
FN:231,(anonymous_24)
FN:237,(anonymous_25)
FN:243,(anonymous_26)
FN:261,(anonymous_27)
FN:261,(anonymous_28)
FN:268,(anonymous_29)
FN:269,(anonymous_30)
FN:270,(anonymous_31)
FN:275,(anonymous_32)
FN:281,(anonymous_33)
FN:290,(anonymous_34)
FN:290,(anonymous_35)
FNF:36
FNH:0
FNDA:0,Products
FNDA:0,(anonymous_1)
FNDA:0,(anonymous_2)
FNDA:0,(anonymous_3)
FNDA:0,(anonymous_4)
FNDA:0,(anonymous_5)
FNDA:0,(anonymous_6)
FNDA:0,(anonymous_7)
FNDA:0,(anonymous_8)
FNDA:0,(anonymous_9)
FNDA:0,(anonymous_10)
FNDA:0,(anonymous_11)
FNDA:0,(anonymous_12)
FNDA:0,(anonymous_13)
FNDA:0,(anonymous_14)
FNDA:0,(anonymous_15)
FNDA:0,(anonymous_16)
FNDA:0,(anonymous_17)
FNDA:0,(anonymous_18)
FNDA:0,(anonymous_19)
FNDA:0,(anonymous_20)
FNDA:0,(anonymous_21)
FNDA:0,(anonymous_22)
FNDA:0,(anonymous_23)
FNDA:0,(anonymous_24)
FNDA:0,(anonymous_25)
FNDA:0,(anonymous_26)
FNDA:0,(anonymous_27)
FNDA:0,(anonymous_28)
FNDA:0,(anonymous_29)
FNDA:0,(anonymous_30)
FNDA:0,(anonymous_31)
FNDA:0,(anonymous_32)
FNDA:0,(anonymous_33)
FNDA:0,(anonymous_34)
FNDA:0,(anonymous_35)
DA:11,0
DA:14,0
DA:15,0
DA:16,0
DA:18,0
DA:19,0
DA:20,0
DA:21,0
DA:22,0
DA:23,0
DA:24,0
DA:25,0
DA:28,0
DA:29,0
DA:30,0
DA:33,0
DA:34,0
DA:35,0
DA:36,0
DA:37,0
DA:38,0
DA:41,0
DA:42,0
DA:46,0
DA:47,0
DA:48,0
DA:49,0
DA:50,0
DA:51,0
DA:52,0
DA:53,0
DA:54,0
DA:56,0
DA:57,0
DA:58,0
DA:59,0
DA:61,0
DA:63,0
DA:64,0
DA:65,0
DA:66,0
DA:68,0
DA:69,0
DA:70,0
DA:73,0
DA:74,0
DA:76,0
DA:80,0
DA:84,0
DA:85,0
DA:88,0
DA:89,0
DA:90,0
DA:91,0
DA:92,0
DA:93,0
DA:94,0
DA:97,0
DA:98,0
DA:99,0
DA:100,0
DA:101,0
DA:102,0
DA:103,0
DA:106,0
DA:107,0
DA:108,0
DA:111,0
DA:113,0
DA:142,0
DA:147,0
DA:148,0
DA:152,0
DA:165,0
DA:170,0
DA:204,0
DA:208,0
DA:225,0
DA:231,0
DA:237,0
DA:243,0
DA:261,0
DA:268,0
DA:269,0
DA:271,0
DA:272,0
DA:273,0
DA:276,0
DA:281,0
DA:290,0
DA:309,0
LF:91
LH:0
BRDA:20,0,0,0
BRDA:20,0,1,0
BRDA:21,1,0,0
BRDA:21,1,1,0
BRDA:34,2,0,0
BRDA:34,2,1,0
BRDA:35,3,0,0
BRDA:35,3,1,0
BRDA:51,4,0,0
BRDA:51,4,1,0
BRDA:52,5,0,0
BRDA:52,5,1,0
BRDA:53,6,0,0
BRDA:53,6,1,0
BRDA:54,7,0,0
BRDA:54,7,1,0
BRDA:57,8,0,0
BRDA:57,8,1,0
BRDA:58,9,0,0
BRDA:58,9,1,0
BRDA:63,10,0,0
BRDA:63,10,1,0
BRDA:92,11,0,0
BRDA:92,11,1,0
BRDA:93,12,0,0
BRDA:93,12,1,0
BRDA:106,13,0,0
BRDA:106,13,1,0
BRDA:106,13,2,0
BRDA:106,13,3,0
BRDA:108,14,0,0
BRDA:108,14,1,0
BRDA:111,15,0,0
BRDA:111,15,1,0
BRDA:120,16,0,0
BRDA:120,16,1,0
BRDA:123,17,0,0
BRDA:123,17,1,0
BRDA:124,18,0,0
BRDA:124,18,1,0
BRDA:141,19,0,0
BRDA:141,19,1,0
BRDA:151,20,0,0
BRDA:151,20,1,0
BRDA:174,21,0,0
BRDA:174,21,1,0
BRDA:185,22,0,0
BRDA:185,22,1,0
BRDA:207,23,0,0
BRDA:207,23,1,0
BRDA:211,24,0,0
BRDA:211,24,1,0
BRDA:213,25,0,0
BRDA:213,25,1,0
BRDA:214,26,0,0
BRDA:214,26,1,0
BRDA:220,27,0,0
BRDA:220,27,1,0
BRDA:222,28,0,0
BRDA:222,28,1,0
BRDA:228,29,0,0
BRDA:228,29,1,0
BRDA:234,30,0,0
BRDA:234,30,1,0
BRDA:240,31,0,0
BRDA:240,31,1,0
BRDA:249,32,0,0
BRDA:249,32,1,0
BRDA:258,33,0,0
BRDA:258,33,1,0
BRDA:258,33,2,0
BRDA:263,34,0,0
BRDA:263,34,1,0
BRDA:269,35,0,0
BRDA:269,35,1,0
BRDA:269,35,2,0
BRDA:271,36,0,0
BRDA:271,36,1,0
BRDA:271,37,0,0
BRDA:271,37,1,0
BRDA:276,38,0,0
BRDA:276,38,1,0
BRDA:282,39,0,0
BRDA:282,39,1,0
BRDA:282,40,0,0
BRDA:282,40,1,0
BRDA:282,41,0,0
BRDA:282,41,1,0
BRDA:282,42,0,0
BRDA:282,42,1,0
BRDA:292,43,0,0
BRDA:292,43,1,0
BRF:92
BRH:0
end_of_record
TN:
SF:src\pages\Register.jsx
FN:11,Register
FN:25,(anonymous_1)
FN:25,(anonymous_2)
FN:32,(anonymous_3)
FN:106,(anonymous_4)
FN:125,(anonymous_5)
FN:136,(anonymous_6)
FNF:7
FNH:0
FNDA:0,Register
FNDA:0,(anonymous_1)
FNDA:0,(anonymous_2)
FNDA:0,(anonymous_3)
FNDA:0,(anonymous_4)
FNDA:0,(anonymous_5)
FNDA:0,(anonymous_6)
DA:12,0
DA:13,0
DA:18,0
DA:19,0
DA:20,0
DA:21,0
DA:22,0
DA:23,0
DA:25,0
DA:27,0
DA:28,0
DA:29,0
DA:32,0
DA:33,0
DA:34,0
DA:36,0
DA:37,0
DA:38,0
DA:40,0
DA:41,0
DA:42,0
DA:44,0
DA:45,0
DA:46,0
DA:48,0
DA:49,0
DA:50,0
DA:53,0
DA:55,0
DA:56,0
DA:57,0
DA:59,0
DA:61,0
DA:65,0
DA:106,0
DA:125,0
DA:136,0
DA:165,0
LF:38
LH:0
BRDA:27,0,0,0
BRDA:27,0,1,0
BRDA:29,1,0,0
BRDA:29,1,1,0
BRDA:29,1,2,0
BRDA:29,1,3,0
BRDA:29,1,4,0
BRDA:29,1,5,0
BRDA:29,1,6,0
BRDA:36,2,0,0
BRDA:36,2,1,0
BRDA:40,3,0,0
BRDA:40,3,1,0
BRDA:44,4,0,0
BRDA:44,4,1,0
BRDA:48,5,0,0
BRDA:48,5,1,0
BRDA:48,6,0,0
BRDA:48,6,1,0
BRDA:48,6,2,0
BRDA:59,7,0,0
BRDA:59,7,1,0
BRDA:75,8,0,0
BRDA:75,8,1,0
BRDA:129,9,0,0
BRDA:129,9,1,0
BRDA:152,10,0,0
BRDA:152,10,1,0
BRF:28
BRH:0
end_of_record
TN:
SF:src\pages\Security.jsx
FN:8,Security
FN:24,(anonymous_1)
FN:37,(anonymous_2)
FN:49,(anonymous_3)
FN:54,(anonymous_4)
FN:65,(anonymous_5)
FN:70,(anonymous_6)
FN:115,(anonymous_7)
FN:149,(anonymous_8)
FN:158,(anonymous_9)
FN:179,(anonymous_10)
FN:203,(anonymous_11)
FN:219,(anonymous_12)
FNF:13
FNH:0
FNDA:0,Security
FNDA:0,(anonymous_1)
FNDA:0,(anonymous_2)
FNDA:0,(anonymous_3)
FNDA:0,(anonymous_4)
FNDA:0,(anonymous_5)
FNDA:0,(anonymous_6)
FNDA:0,(anonymous_7)
FNDA:0,(anonymous_8)
FNDA:0,(anonymous_9)
FNDA:0,(anonymous_10)
FNDA:0,(anonymous_11)
FNDA:0,(anonymous_12)
DA:9,0
DA:10,0
DA:11,0
DA:12,0
DA:13,0
DA:14,0
DA:15,0
DA:16,0
DA:17,0
DA:19,0
DA:20,0
DA:21,0
DA:22,0
DA:24,0
DA:25,0
DA:26,0
DA:27,0
DA:28,0
DA:29,0
DA:31,0
DA:33,0
DA:37,0
DA:38,0
DA:39,0
DA:40,0
DA:41,0
DA:43,0
DA:45,0
DA:49,0
DA:50,0
DA:51,0
DA:52,0
DA:53,0
DA:54,0
DA:55,0
DA:56,0
DA:57,0
DA:59,0
DA:61,0
DA:65,0
DA:66,0
DA:67,0
DA:68,0
DA:69,0
DA:70,0
DA:71,0
DA:72,0
DA:74,0
DA:76,0
DA:80,0
DA:115,0
DA:149,0
DA:158,0
DA:179,0
DA:203,0
DA:219,0
LF:56
LH:0
BRDA:31,0,0,0
BRDA:31,0,1,0
BRDA:43,1,0,0
BRDA:43,1,1,0
BRDA:59,2,0,0
BRDA:59,2,1,0
BRDA:74,3,0,0
BRDA:74,3,1,0
BRDA:88,4,0,0
BRDA:88,4,1,0
BRDA:93,5,0,0
BRDA:93,5,1,0
BRDA:107,6,0,0
BRDA:107,6,1,0
BRDA:107,6,2,0
BRDA:118,7,0,0
BRDA:118,7,1,0
BRDA:124,8,0,0
BRDA:124,8,1,0
BRDA:124,8,2,0
BRDA:126,9,0,0
BRDA:126,9,1,0
BRDA:130,10,0,0
BRDA:130,10,1,0
BRDA:155,11,0,0
BRDA:155,11,1,0
BRDA:156,12,0,0
BRDA:156,12,1,0
BRDA:175,13,0,0
BRDA:175,13,1,0
BRDA:186,14,0,0
BRDA:186,14,1,0
BRDA:188,15,0,0
BRDA:188,15,1,0
BRDA:214,16,0,0
BRDA:214,16,1,0
BRF:36
BRH:0
end_of_record
TN:
SF:src\pages\Settings.jsx
FN:9,Settings
FN:14,(anonymous_1)
FN:38,(anonymous_2)
FN:53,(anonymous_3)
FN:67,(anonymous_4)
FN:70,(anonymous_5)
FN:75,(anonymous_6)
FN:110,(anonymous_7)
FN:110,(anonymous_8)
FN:114,(anonymous_9)
FN:114,(anonymous_10)
FN:118,(anonymous_11)
FN:118,(anonymous_12)
FN:149,(anonymous_13)
FN:149,(anonymous_14)
FN:153,(anonymous_15)
FN:153,(anonymous_16)
FN:155,(anonymous_17)
FN:160,(anonymous_18)
FN:160,(anonymous_19)
FN:164,(anonymous_20)
FN:164,(anonymous_21)
FNF:22
FNH:0
FNDA:0,Settings
FNDA:0,(anonymous_1)
FNDA:0,(anonymous_2)
FNDA:0,(anonymous_3)
FNDA:0,(anonymous_4)
FNDA:0,(anonymous_5)
FNDA:0,(anonymous_6)
FNDA:0,(anonymous_7)
FNDA:0,(anonymous_8)
FNDA:0,(anonymous_9)
FNDA:0,(anonymous_10)
FNDA:0,(anonymous_11)
FNDA:0,(anonymous_12)
FNDA:0,(anonymous_13)
FNDA:0,(anonymous_14)
FNDA:0,(anonymous_15)
FNDA:0,(anonymous_16)
FNDA:0,(anonymous_17)
FNDA:0,(anonymous_18)
FNDA:0,(anonymous_19)
FNDA:0,(anonymous_20)
FNDA:0,(anonymous_21)
DA:10,0
DA:11,0
DA:12,0
DA:14,0
DA:16,0
DA:21,0
DA:22,0
DA:23,0
DA:25,0
DA:31,0
DA:32,0
DA:33,0
DA:35,0
DA:36,0
DA:38,0
DA:39,0
DA:40,0
DA:41,0
DA:42,0
DA:43,0
DA:44,0
DA:45,0
DA:47,0
DA:49,0
DA:53,0
DA:54,0
DA:55,0
DA:56,0
DA:57,0
DA:58,0
DA:59,0
DA:61,0
DA:63,0
DA:67,0
DA:68,0
DA:69,0
DA:70,0
DA:71,0
DA:72,0
DA:73,0
DA:75,0
DA:76,0
DA:78,0
DA:82,0
DA:110,0
DA:114,0
DA:118,0
DA:149,0
DA:153,0
DA:155,0
DA:160,0
DA:164,0
LF:52
LH:0
BRDA:14,0,0,0
BRDA:14,0,1,0
BRDA:14,0,2,0
BRDA:17,1,0,0
BRDA:17,1,1,0
BRDA:18,2,0,0
BRDA:18,2,1,0
BRDA:19,3,0,0
BRDA:19,3,1,0
BRDA:26,4,0,0
BRDA:26,4,1,0
BRDA:27,5,0,0
BRDA:27,5,1,0
BRDA:28,6,0,0
BRDA:28,6,1,0
BRDA:29,7,0,0
BRDA:29,7,1,0
BRDA:29,7,2,0
BRDA:47,8,0,0
BRDA:47,8,1,0
BRDA:61,9,0,0
BRDA:61,9,1,0
BRDA:76,10,0,0
BRDA:76,10,1,0
BRDA:96,11,0,0
BRDA:96,11,1,0
BRDA:101,12,0,0
BRDA:101,12,1,0
BRDA:124,13,0,0
BRDA:124,13,1,0
BRDA:135,14,0,0
BRDA:135,14,1,0
BRDA:140,15,0,0
BRDA:140,15,1,0
BRDA:167,16,0,0
BRDA:167,16,1,0
BRDA:178,17,0,0
BRDA:178,17,1,0
BRF:38
BRH:0
end_of_record
TN:
SF:src\pages\TrackOrder.jsx
FN:10,TrackOrder
FN:29,(anonymous_1)
FN:107,(anonymous_2)
FN:129,(anonymous_3)
FN:153,(anonymous_4)
FN:191,(anonymous_5)
FN:218,(anonymous_6)
FNF:7
FNH:0
FNDA:0,TrackOrder
FNDA:0,(anonymous_1)
FNDA:0,(anonymous_2)
FNDA:0,(anonymous_3)
FNDA:0,(anonymous_4)
FNDA:0,(anonymous_5)
FNDA:0,(anonymous_6)
DA:11,0
DA:12,0
DA:13,0
DA:21,0
DA:22,0
DA:23,0
DA:24,0
DA:25,0
DA:26,0
DA:27,0
DA:29,0
DA:30,0
DA:31,0
DA:32,0
DA:33,0
DA:36,0
DA:37,0
DA:38,0
DA:39,0
DA:41,0
DA:42,0
DA:43,0
DA:44,0
DA:48,0
DA:49,0
DA:50,0
DA:52,0
DA:54,0
DA:60,0
DA:61,0
DA:62,0
DA:65,0
DA:67,0
DA:68,0
DA:70,0
DA:73,0
DA:75,0
DA:79,0
DA:107,0
DA:129,0
DA:153,0
DA:192,0
DA:193,0
DA:195,0
DA:197,0
DA:219,0
DA:268,0
LF:47
LH:0
BRDA:22,0,0,0
BRDA:22,0,1,0
BRDA:36,1,0,0
BRDA:36,1,1,0
BRDA:41,2,0,0
BRDA:41,2,1,0
BRDA:41,3,0,0
BRDA:41,3,1,0
BRDA:49,4,0,0
BRDA:49,4,1,0
BRDA:50,5,0,0
BRDA:50,5,1,0
BRDA:60,6,0,0
BRDA:60,6,1,0
BRDA:62,7,0,0
BRDA:62,7,1,0
BRDA:67,8,0,0
BRDA:67,8,1,0
BRDA:67,9,0,0
BRDA:67,9,1,0
BRDA:73,10,0,0
BRDA:73,10,1,0
BRDA:95,11,0,0
BRDA:95,11,1,0
BRDA:180,12,0,0
BRDA:180,12,1,0
BRDA:182,13,0,0
BRDA:182,13,1,0
BRDA:185,14,0,0
BRDA:185,14,1,0
BRDA:189,15,0,0
BRDA:189,15,1,0
BRDA:189,15,2,0
BRDA:192,16,0,0
BRDA:192,16,1,0
BRDA:193,17,0,0
BRDA:193,17,1,0
BRDA:195,18,0,0
BRDA:195,18,1,0
BRDA:220,19,0,0
BRDA:220,19,1,0
BRDA:242,20,0,0
BRDA:242,20,1,0
BRF:43
BRH:0
end_of_record
TN:
SF:src\pages\VerifyEmail.jsx
FN:5,VerifyEmail
FN:18,(anonymous_1)
FN:20,(anonymous_2)
FN:21,(anonymous_3)
FN:28,(anonymous_4)
FN:41,(anonymous_5)
FN:97,(anonymous_6)
FNF:7
FNH:0
FNDA:0,VerifyEmail
FNDA:0,(anonymous_1)
FNDA:0,(anonymous_2)
FNDA:0,(anonymous_3)
FNDA:0,(anonymous_4)
FNDA:0,(anonymous_5)
FNDA:0,(anonymous_6)
DA:6,0
DA:7,0
DA:8,0
DA:9,0
DA:11,0
DA:12,0
DA:13,0
DA:14,0
DA:15,0
DA:16,0
DA:18,0
DA:19,0
DA:20,0
DA:21,0
DA:22,0
DA:23,0
DA:28,0
DA:29,0
DA:30,0
DA:31,0
DA:32,0
DA:33,0
DA:35,0
DA:37,0
DA:41,0
DA:42,0
DA:43,0
DA:44,0
DA:45,0
DA:46,0
DA:47,0
DA:49,0
DA:51,0
DA:55,0
DA:56,0
DA:70,0
DA:97,0
DA:128,0
LF:38
LH:0
BRDA:8,0,0,0
BRDA:8,0,1,0
BRDA:22,1,0,0
BRDA:22,1,1,0
BRDA:35,2,0,0
BRDA:35,2,1,0
BRDA:42,3,0,0
BRDA:42,3,1,0
BRDA:55,4,0,0
BRDA:55,4,1,0
BRDA:84,5,0,0
BRDA:84,5,1,0
BRDA:85,6,0,0
BRDA:85,6,1,0
BRDA:105,7,0,0
BRDA:105,7,1,0
BRDA:108,8,0,0
BRDA:108,8,1,0
BRDA:117,9,0,0
BRDA:117,9,1,0
BRDA:118,10,0,0
BRDA:118,10,1,0
BRDA:120,11,0,0
BRDA:120,11,1,0
BRDA:120,12,0,0
BRDA:120,12,1,0
BRF:26
BRH:0
end_of_record
TN:
SF:src\pages\Wishlist.jsx
FN:12,WishlistPage
FN:24,(anonymous_1)
FN:28,(anonymous_2)
FN:29,(anonymous_3)
FN:30,(anonymous_4)
FN:36,(anonymous_5)
FN:38,(anonymous_6)
FN:42,(anonymous_7)
FN:42,(anonymous_8)
FN:50,(anonymous_9)
FN:55,(anonymous_10)
FN:55,(anonymous_11)
FN:63,(anonymous_12)
FN:133,(anonymous_13)
FN:162,(anonymous_14)
FN:177,(anonymous_15)
FNF:16
FNH:0
FNDA:0,WishlistPage
FNDA:0,(anonymous_1)
FNDA:0,(anonymous_2)
FNDA:0,(anonymous_3)
FNDA:0,(anonymous_4)
FNDA:0,(anonymous_5)
FNDA:0,(anonymous_6)
FNDA:0,(anonymous_7)
FNDA:0,(anonymous_8)
FNDA:0,(anonymous_9)
FNDA:0,(anonymous_10)
FNDA:0,(anonymous_11)
FNDA:0,(anonymous_12)
FNDA:0,(anonymous_13)
FNDA:0,(anonymous_14)
FNDA:0,(anonymous_15)
DA:13,0
DA:14,0
DA:15,0
DA:16,0
DA:17,0
DA:18,0
DA:19,0
DA:20,0
DA:21,0
DA:22,0
DA:24,0
DA:25,0
DA:26,0
DA:27,0
DA:28,0
DA:29,0
DA:30,0
DA:36,0
DA:38,0
DA:39,0
DA:40,0
DA:41,0
DA:42,0
DA:44,0
DA:46,0
DA:50,0
DA:51,0
DA:52,0
DA:53,0
DA:54,0
DA:55,0
DA:57,0
DA:59,0
DA:63,0
DA:64,0
DA:65,0
DA:66,0
DA:67,0
DA:69,0
DA:73,0
DA:74,0
DA:82,0
DA:134,0
DA:162,0
DA:177,0
LF:45
LH:0
BRDA:25,0,0,0
BRDA:25,0,1,0
BRDA:26,1,0,0
BRDA:26,1,1,0
BRDA:64,2,0,0
BRDA:64,2,1,0
BRDA:73,3,0,0
BRDA:73,3,1,0
BRDA:73,4,0,0
BRDA:73,4,1,0
BRDA:91,5,0,0
BRDA:91,5,1,0
BRDA:106,6,0,0
BRDA:106,6,1,0
BRDA:116,7,0,0
BRDA:116,7,1,0
BRDA:116,8,0,0
BRDA:116,8,1,0
BRDA:130,9,0,0
BRDA:130,9,1,0
BRDA:142,10,0,0
BRDA:142,10,1,0
BRDA:157,11,0,0
BRDA:157,11,1,0
BRDA:163,12,0,0
BRDA:163,12,1,0
BRDA:166,13,0,0
BRDA:166,13,1,0
BRDA:167,14,0,0
BRDA:167,14,1,0
BRDA:170,15,0,0
BRDA:170,15,1,0
BRDA:174,16,0,0
BRDA:174,16,1,0
BRDA:174,17,0,0
BRDA:174,17,1,0
BRDA:188,18,0,0
BRDA:188,18,1,0
BRF:38
BRH:0
end_of_record
TN:
SF:src\utils\categoryIcons.jsx
FN:11,(anonymous_0)
FN:23,BangleIcon
FN:33,BangleStackIcon
FN:44,NecklaceIcon
FN:54,KaliraIcon
FN:67,EarringIcon
FN:90,(anonymous_6)
FNF:7
FNH:0
FNDA:0,(anonymous_0)
FNDA:0,BangleIcon
FNDA:0,BangleStackIcon
FNDA:0,NecklaceIcon
FNDA:0,KaliraIcon
FNDA:0,EarringIcon
FNDA:0,(anonymous_6)
DA:11,0
DA:24,0
DA:34,0
DA:45,0
DA:55,0
DA:68,0
DA:78,0
DA:90,0
LF:8
LH:0
BRDA:23,0,0,0
BRDA:23,1,0,0
BRDA:33,2,0,0
BRDA:33,3,0,0
BRDA:44,4,0,0
BRDA:44,5,0,0
BRDA:54,6,0,0
BRDA:54,7,0,0
BRDA:67,8,0,0
BRDA:67,9,0,0
BRDA:90,10,0,0
BRDA:90,10,1,0
BRF:12
BRH:0
end_of_record
TN:
SF:src\utils\formatPrice.js
FN:1,(anonymous_0)
FNF:1
FNH:1
FNDA:12,(anonymous_0)
DA:1,1
DA:2,12
LF:2
LH:2
BRDA:1,0,0,9
BRDA:2,1,0,12
BRDA:2,1,1,4
BRDA:2,2,0,2
BRDA:2,2,1,10
BRF:5
BRH:5
end_of_record
TN:
SF:src\utils\localized.js
FN:4,(anonymous_0)
FNF:1
FNH:1
FNDA:9,(anonymous_0)
DA:4,9
LF:1
LH:1
BRDA:4,0,0,9
BRDA:4,0,1,6
BRDA:4,0,2,3
BRF:3
BRH:3
end_of_record
TN:
SF:src\utils\passwordRules.js
FN:2,(anonymous_0)
FN:3,(anonymous_1)
FN:4,(anonymous_2)
FN:5,(anonymous_3)
FN:6,(anonymous_4)
FN:9,(anonymous_5)
FN:10,(anonymous_6)
FN:12,(anonymous_7)
FN:12,(anonymous_8)
FNF:9
FNH:9
FNDA:13,(anonymous_0)
FNDA:10,(anonymous_1)
FNDA:9,(anonymous_2)
FNDA:8,(anonymous_3)
FNDA:7,(anonymous_4)
FNDA:5,(anonymous_5)
FNDA:25,(anonymous_6)
FNDA:8,(anonymous_7)
FNDA:22,(anonymous_8)
DA:1,1
DA:2,13
DA:3,10
DA:4,9
DA:5,8
DA:6,7
DA:9,1
DA:10,25
DA:12,22
LF:9
LH:9
BRDA:9,0,0,1
BRDA:12,1,0,1
BRF:2
BRH:2
end_of_record
TN:
SF:src\utils\securityQuestions.js
FNF:0
FNH:0
DA:1,1
LF:1
LH:1
BRF:0
BRH:0
end_of_record
