TN:
SF:app.js
FN:92,(anonymous_0)
FN:180,(anonymous_1)
FNF:2
FNH:0
FNDA:0,(anonymous_0)
FNDA:0,(anonymous_1)
DA:28,0
DA:32,0
DA:38,0
DA:45,0
DA:48,0
DA:59,0
DA:61,0
DA:67,0
DA:73,0
DA:79,0
DA:84,0
DA:92,0
DA:93,0
DA:100,0
DA:105,0
DA:110,0
DA:115,0
DA:120,0
DA:125,0
DA:130,0
DA:135,0
DA:140,0
DA:145,0
DA:150,0
DA:155,0
DA:160,0
DA:165,0
DA:170,0
DA:179,0
DA:181,0
DA:183,0
LF:31
LH:0
BRDA:45,0,0,0
BRDA:45,0,1,0
BRF:2
BRH:0
end_of_record
TN:
SF:loadEnv.js
FNF:0
FNH:0
DA:2,0
LF:1
LH:0
BRF:0
BRH:0
end_of_record
TN:
SF:seed.js
FN:15,(anonymous_0)
FN:15,(anonymous_1)
FN:16,(anonymous_2)
FN:16,(anonymous_3)
FN:17,(anonymous_4)
FN:17,(anonymous_5)
FN:18,(anonymous_6)
FN:18,(anonymous_7)
FN:19,(anonymous_8)
FN:19,(anonymous_9)
FN:20,(anonymous_10)
FN:20,(anonymous_11)
FN:21,(anonymous_12)
FN:21,(anonymous_13)
FN:23,seed
FN:42,(anonymous_15)
FN:281,(anonymous_16)
FNF:17
FNH:0
FNDA:0,(anonymous_0)
FNDA:0,(anonymous_1)
FNDA:0,(anonymous_2)
FNDA:0,(anonymous_3)
FNDA:0,(anonymous_4)
FNDA:0,(anonymous_5)
FNDA:0,(anonymous_6)
FNDA:0,(anonymous_7)
FNDA:0,(anonymous_8)
FNDA:0,(anonymous_9)
FNDA:0,(anonymous_10)
FNDA:0,(anonymous_11)
FNDA:0,(anonymous_12)
FNDA:0,(anonymous_13)
FNDA:0,seed
FNDA:0,(anonymous_15)
FNDA:0,(anonymous_16)
DA:12,0
DA:15,0
DA:16,0
DA:17,0
DA:18,0
DA:19,0
DA:20,0
DA:21,0
DA:24,0
DA:25,0
DA:29,0
DA:38,0
DA:39,0
DA:40,0
DA:42,0
DA:43,0
DA:44,0
DA:45,0
DA:48,0
DA:54,0
DA:55,0
DA:63,0
DA:66,0
DA:67,0
DA:271,0
DA:272,0
DA:273,0
DA:274,0
DA:275,0
DA:276,0
DA:277,0
DA:278,0
DA:281,0
LF:33
LH:0
BRDA:44,0,0,0
BRDA:44,0,1,0
BRF:2
BRH:0
end_of_record
TN:
SF:config\db.js
FN:3,(anonymous_0)
FNF:1
FNH:0
FNDA:0,(anonymous_0)
DA:3,0
DA:4,0
DA:5,0
DA:6,0
DA:8,0
DA:9,0
LF:6
LH:0
BRF:0
BRH:0
end_of_record
TN:
SF:controllers\adminController.js
FN:10,(anonymous_0)
FN:44,(anonymous_1)
FN:45,(anonymous_2)
FN:47,(anonymous_3)
FN:77,(anonymous_4)
FN:97,(anonymous_5)
FN:104,(anonymous_6)
FN:128,(anonymous_7)
FN:131,(anonymous_8)
FN:149,(anonymous_9)
FN:166,(anonymous_10)
FN:197,(anonymous_11)
FN:199,(anonymous_12)
FN:216,(anonymous_13)
FN:230,(anonymous_14)
FN:244,(anonymous_15)
FN:265,(anonymous_16)
FN:287,(anonymous_17)
FN:297,(anonymous_18)
FN:309,(anonymous_19)
FN:325,(anonymous_20)
FNF:21
FNH:21
FNDA:4,(anonymous_0)
FNDA:18,(anonymous_1)
FNDA:4,(anonymous_2)
FNDA:1,(anonymous_3)
FNDA:4,(anonymous_4)
FNDA:72,(anonymous_5)
FNDA:5,(anonymous_6)
FNDA:2,(anonymous_7)
FNDA:2,(anonymous_8)
FNDA:6,(anonymous_9)
FNDA:4,(anonymous_10)
FNDA:1,(anonymous_11)
FNDA:4,(anonymous_12)
FNDA:1,(anonymous_13)
FNDA:4,(anonymous_14)
FNDA:3,(anonymous_15)
FNDA:4,(anonymous_16)
FNDA:2,(anonymous_17)
FNDA:10,(anonymous_18)
FNDA:4,(anonymous_19)
FNDA:3,(anonymous_20)
DA:7,1
DA:10,1
DA:11,4
DA:12,4
DA:13,4
DA:14,4
DA:17,4
DA:44,18
DA:45,4
DA:47,3
DA:48,3
DA:49,3
DA:50,21
DA:51,21
DA:52,21
DA:53,21
DA:56,3
DA:61,3
DA:72,1
DA:77,1
DA:78,4
DA:79,4
DA:80,3
DA:82,3
DA:89,3
DA:91,1
DA:97,1
DA:98,72
DA:99,72
DA:100,72
DA:104,1
DA:105,5
DA:106,5
DA:107,5
DA:108,5
DA:109,1
DA:110,1
DA:111,1
DA:112,1
DA:113,1
DA:114,1
DA:117,5
DA:119,5
DA:123,4
DA:128,4
DA:129,2
DA:130,2
DA:131,2
DA:132,2
DA:148,4
DA:149,6
DA:152,4
DA:153,4
DA:154,4
DA:155,4
DA:157,1
DA:166,1
DA:167,4
DA:168,4
DA:197,3
DA:199,3
DA:200,4
DA:201,4
DA:216,3
DA:230,3
DA:231,4
DA:232,4
DA:233,4
DA:236,3
DA:238,1
DA:244,1
DA:245,3
DA:246,3
DA:249,2
DA:251,1
DA:255,1
DA:257,1
DA:265,1
DA:266,4
DA:267,4
DA:268,4
DA:269,4
DA:270,1
DA:273,3
DA:274,2
DA:276,1
DA:277,1
DA:278,1
DA:280,1
DA:282,1
DA:287,1
DA:288,2
DA:289,2
DA:290,1
DA:292,1
DA:297,1
DA:298,10
DA:299,10
DA:301,10
DA:302,2
DA:304,8
DA:305,1
DA:307,7
DA:308,3
DA:309,4
DA:311,1
DA:314,6
DA:315,1
DA:317,5
DA:318,1
DA:321,4
DA:322,4
DA:323,4
DA:324,4
DA:325,3
DA:330,4
DA:331,4
DA:332,4
DA:334,3
DA:336,1
LF:120
LH:120
BRDA:45,0,0,4
BRDA:45,0,1,0
BRDA:53,1,0,21
BRDA:53,1,1,20
BRDA:65,2,0,3
BRDA:65,2,1,2
BRDA:80,3,0,1
BRDA:80,3,1,2
BRDA:98,4,0,0
BRDA:98,4,1,72
BRDA:98,5,0,72
BRDA:98,5,1,72
BRDA:99,6,0,0
BRDA:99,6,1,72
BRDA:108,7,0,1
BRDA:108,7,1,4
BRDA:108,8,0,5
BRDA:108,8,1,4
BRDA:110,9,0,1
BRDA:110,9,1,0
BRDA:111,10,0,1
BRDA:111,10,1,0
BRDA:117,11,0,1
BRDA:117,11,1,4
BRDA:129,12,0,1
BRDA:129,12,1,1
BRDA:130,13,0,1
BRDA:130,13,1,1
BRDA:135,14,0,2
BRDA:135,14,1,0
BRDA:136,15,0,2
BRDA:136,15,1,0
BRDA:142,16,0,2
BRDA:142,16,1,0
BRDA:143,17,0,2
BRDA:143,17,1,0
BRDA:202,18,0,2
BRDA:202,18,1,2
BRDA:206,19,0,4
BRDA:206,19,1,3
BRDA:210,20,0,4
BRDA:210,20,1,3
BRDA:211,21,0,4
BRDA:211,21,1,3
BRDA:212,22,0,4
BRDA:212,22,1,3
BRDA:221,23,0,1
BRDA:221,23,1,0
BRDA:231,24,0,4
BRDA:231,24,1,1
BRDA:231,24,2,0
BRDA:232,25,0,4
BRDA:232,25,1,2
BRDA:232,25,2,0
BRDA:249,26,0,1
BRDA:249,26,1,1
BRDA:269,27,0,1
BRDA:269,27,1,3
BRDA:274,28,0,1
BRDA:274,28,1,1
BRDA:301,29,0,2
BRDA:301,29,1,8
BRDA:301,30,0,10
BRDA:301,30,1,5
BRDA:301,30,2,5
BRDA:301,30,3,4
BRDA:304,31,0,1
BRDA:304,31,1,7
BRDA:304,32,0,8
BRDA:304,32,1,2
BRDA:304,32,2,2
BRDA:307,33,0,3
BRDA:307,33,1,4
BRDA:308,34,0,1
BRDA:308,34,1,2
BRDA:308,35,0,3
BRDA:308,35,1,3
BRDA:309,36,0,4
BRDA:309,36,1,3
BRDA:309,36,2,3
BRDA:314,37,0,1
BRDA:314,37,1,5
BRDA:314,38,0,6
BRDA:314,38,1,2
BRDA:314,38,2,2
BRDA:317,39,0,1
BRDA:317,39,1,4
BRDA:317,40,0,5
BRDA:317,40,1,2
BRDA:322,41,0,3
BRDA:322,41,1,1
BRDA:323,42,0,1
BRDA:323,42,1,3
BRDA:324,43,0,2
BRDA:324,43,1,2
BRDA:330,44,0,1
BRDA:330,44,1,3
BRDA:331,45,0,1
BRDA:331,45,1,3
BRF:99
BRH:87
end_of_record
TN:
SF:controllers\authController.js
FN:24,(anonymous_0)
FN:39,issueSession
FN:47,(anonymous_2)
FN:56,(anonymous_3)
FN:110,(anonymous_4)
FN:124,(anonymous_5)
FN:165,(anonymous_6)
FN:203,(anonymous_7)
FN:215,(anonymous_8)
FN:218,(anonymous_9)
FN:227,(anonymous_10)
FN:237,(anonymous_11)
FN:258,(anonymous_12)
FN:267,(anonymous_13)
FN:289,(anonymous_14)
FN:307,(anonymous_15)
FN:327,(anonymous_16)
FN:332,(anonymous_17)
FN:357,(anonymous_18)
FN:366,(anonymous_19)
FN:381,(anonymous_20)
FN:409,(anonymous_21)
FN:429,(anonymous_22)
FN:456,(anonymous_23)
FN:475,(anonymous_24)
FN:505,(anonymous_25)
FN:513,(anonymous_26)
FN:521,(anonymous_27)
FNF:28
FNH:26
FNDA:6,(anonymous_0)
FNDA:3,issueSession
FNDA:0,(anonymous_2)
FNDA:6,(anonymous_3)
FNDA:7,(anonymous_4)
FNDA:2,(anonymous_5)
FNDA:6,(anonymous_6)
FNDA:4,(anonymous_7)
FNDA:2,(anonymous_8)
FNDA:1,(anonymous_9)
FNDA:1,(anonymous_10)
FNDA:2,(anonymous_11)
FNDA:1,(anonymous_12)
FNDA:3,(anonymous_13)
FNDA:4,(anonymous_14)
FNDA:2,(anonymous_15)
FNDA:2,(anonymous_16)
FNDA:2,(anonymous_17)
FNDA:2,(anonymous_18)
FNDA:1,(anonymous_19)
FNDA:2,(anonymous_20)
FNDA:2,(anonymous_21)
FNDA:3,(anonymous_22)
FNDA:2,(anonymous_23)
FNDA:5,(anonymous_24)
FNDA:0,(anonymous_25)
FNDA:4,(anonymous_26)
FNDA:3,(anonymous_27)
DA:24,6
DA:40,3
DA:42,3
DA:43,3
DA:44,3
DA:47,3
DA:48,3
DA:49,3
DA:51,3
DA:52,3
DA:56,1
DA:57,6
DA:61,6
DA:63,6
DA:65,1
DA:69,5
DA:70,1
DA:72,4
DA:73,4
DA:74,1
DA:77,3
DA:78,2
DA:79,1
DA:82,1
DA:84,1
DA:85,1
DA:86,1
DA:88,1
DA:90,1
DA:98,1
DA:100,1
DA:105,1
DA:110,1
DA:111,7
DA:112,7
DA:113,7
DA:114,7
DA:115,1
DA:118,6
DA:124,6
DA:126,6
DA:128,5
DA:129,1
DA:130,1
DA:135,4
DA:136,4
DA:137,1
DA:138,1
DA:140,3
DA:142,3
DA:143,1
DA:150,2
DA:151,1
DA:157,1
DA:158,1
DA:160,0
DA:165,1
DA:166,6
DA:167,6
DA:168,6
DA:169,1
DA:173,5
DA:174,5
DA:176,1
DA:178,4
DA:179,1
DA:182,3
DA:183,3
DA:184,1
DA:187,2
DA:193,2
DA:195,1
DA:196,1
DA:198,0
DA:203,1
DA:204,4
DA:205,4
DA:206,4
DA:208,3
DA:209,3
DA:210,3
DA:211,1
DA:212,1
DA:215,2
DA:216,2
DA:218,1
DA:219,1
DA:220,1
DA:221,1
DA:227,1
DA:228,1
DA:230,1
DA:232,0
DA:237,1
DA:238,2
DA:239,2
DA:240,2
DA:241,1
DA:242,1
DA:244,2
DA:245,2
DA:247,0
DA:258,1
DA:259,1
DA:260,1
DA:261,19
DA:263,1
DA:264,1
DA:267,1
DA:268,3
DA:269,3
DA:270,3
DA:271,1
DA:274,2
DA:282,2
DA:283,2
DA:285,0
DA:289,1
DA:290,4
DA:291,4
DA:292,4
DA:293,1
DA:295,3
DA:296,3
DA:297,0
DA:300,3
DA:307,3
DA:308,3
DA:310,2
DA:311,2
DA:313,1
DA:316,1
DA:317,1
DA:319,1
DA:320,1
DA:322,0
DA:327,1
DA:328,2
DA:332,1
DA:333,2
DA:334,2
DA:335,2
DA:337,2
DA:338,2
DA:339,2
DA:340,2
DA:341,1
DA:343,1
DA:345,1
DA:347,1
DA:348,1
DA:350,0
DA:357,1
DA:358,2
DA:359,2
DA:360,2
DA:361,1
DA:364,1
DA:365,1
DA:366,1
DA:367,1
DA:368,1
DA:370,0
DA:373,1
DA:374,1
DA:376,0
DA:381,1
DA:382,2
DA:383,2
DA:384,2
DA:388,2
DA:389,2
DA:394,1
DA:399,1
DA:401,1
DA:402,1
DA:404,0
DA:409,1
DA:410,2
DA:411,2
DA:412,2
DA:413,1
DA:416,1
DA:419,1
DA:420,1
DA:422,1
DA:423,1
DA:425,0
DA:429,1
DA:430,3
DA:431,3
DA:432,3
DA:433,3
DA:434,1
DA:437,2
DA:443,2
DA:445,1
DA:446,1
DA:447,1
DA:448,1
DA:450,1
DA:452,0
DA:456,1
DA:457,2
DA:458,2
DA:459,2
DA:460,2
DA:461,2
DA:463,1
DA:464,1
DA:465,1
DA:466,1
DA:468,1
DA:470,0
DA:475,1
DA:476,5
DA:477,5
DA:478,5
DA:479,1
DA:482,4
DA:483,4
DA:485,3
DA:486,0
DA:489,3
DA:490,1
DA:493,2
DA:494,2
DA:496,1
DA:497,1
DA:498,1
DA:499,1
DA:501,1
DA:507,1
DA:509,0
DA:513,1
DA:514,4
DA:515,4
DA:516,4
DA:518,3
DA:521,3
DA:523,3
DA:525,1
DA:526,1
DA:527,1
DA:528,1
DA:530,1
DA:531,1
DA:533,0
LF:248
LH:231
BRDA:47,0,0,3
BRDA:47,0,1,0
BRDA:63,1,0,1
BRDA:63,1,1,5
BRDA:63,2,0,6
BRDA:63,2,1,6
BRDA:63,2,2,5
BRDA:63,2,3,5
BRDA:63,2,4,5
BRDA:63,2,5,5
BRDA:63,2,6,5
BRDA:63,2,7,5
BRDA:63,2,8,5
BRDA:69,3,0,1
BRDA:69,3,1,4
BRDA:73,4,0,1
BRDA:73,4,1,3
BRDA:78,5,0,1
BRDA:78,5,1,1
BRDA:113,6,0,7
BRDA:113,6,1,1
BRDA:114,7,0,1
BRDA:114,7,1,6
BRDA:114,8,0,7
BRDA:114,8,1,6
BRDA:126,9,0,1
BRDA:126,9,1,5
BRDA:128,10,0,1
BRDA:128,10,1,4
BRDA:136,11,0,1
BRDA:136,11,1,3
BRDA:142,12,0,1
BRDA:142,12,1,2
BRDA:150,13,0,1
BRDA:150,13,1,1
BRDA:168,14,0,1
BRDA:168,14,1,5
BRDA:168,15,0,6
BRDA:168,15,1,6
BRDA:178,16,0,1
BRDA:178,16,1,3
BRDA:183,17,0,1
BRDA:183,17,1,2
BRDA:183,18,0,3
BRDA:183,18,1,3
BRDA:193,19,0,1
BRDA:193,19,1,1
BRDA:206,20,0,1
BRDA:206,20,1,3
BRDA:210,21,0,1
BRDA:210,21,1,2
BRDA:216,22,0,1
BRDA:216,22,1,1
BRDA:216,23,0,2
BRDA:216,23,1,2
BRDA:240,24,0,1
BRDA:240,24,1,1
BRDA:270,25,0,1
BRDA:270,25,1,2
BRDA:282,26,0,1
BRDA:282,26,1,1
BRDA:292,27,0,1
BRDA:292,27,1,3
BRDA:292,28,0,4
BRDA:292,28,1,4
BRDA:292,28,2,3
BRDA:296,29,0,0
BRDA:296,29,1,3
BRDA:308,30,0,1
BRDA:308,30,1,2
BRDA:311,31,0,1
BRDA:311,31,1,1
BRDA:337,32,0,1
BRDA:337,32,1,1
BRDA:338,33,0,1
BRDA:338,33,1,1
BRDA:339,34,0,2
BRDA:339,34,1,0
BRDA:340,35,0,1
BRDA:340,35,1,1
BRDA:345,36,0,1
BRDA:345,36,1,0
BRDA:360,37,0,1
BRDA:360,37,1,1
BRDA:360,38,0,2
BRDA:360,38,1,2
BRDA:360,38,2,2
BRDA:360,38,3,1
BRDA:367,39,0,1
BRDA:367,39,1,0
BRDA:388,40,0,2
BRDA:388,40,1,0
BRDA:389,41,0,1
BRDA:389,41,1,1
BRDA:412,42,0,1
BRDA:412,42,1,1
BRDA:433,43,0,1
BRDA:433,43,1,2
BRDA:443,44,0,1
BRDA:443,44,1,1
BRDA:460,45,0,2
BRDA:460,45,1,0
BRDA:461,46,0,1
BRDA:461,46,1,1
BRDA:478,47,0,1
BRDA:478,47,1,4
BRDA:478,48,0,5
BRDA:478,48,1,5
BRDA:483,49,0,1
BRDA:483,49,1,3
BRDA:485,50,0,0
BRDA:485,50,1,3
BRDA:489,51,0,1
BRDA:489,51,1,2
BRDA:489,52,0,3
BRDA:489,52,1,3
BRDA:494,53,0,1
BRDA:494,53,1,1
BRDA:516,54,0,1
BRDA:516,54,1,3
BRDA:523,55,0,2
BRDA:523,55,1,1
BRDA:523,56,0,3
BRDA:523,56,1,2
BRF:124
BRH:116
end_of_record
TN:
SF:controllers\cartController.js
FN:5,(anonymous_0)
FN:11,(anonymous_1)
FN:37,(anonymous_2)
FN:52,(anonymous_3)
FNF:4
FNH:4
FNDA:5,(anonymous_0)
FNDA:9,(anonymous_1)
FNDA:8,(anonymous_2)
FNDA:5,(anonymous_3)
DA:5,1
DA:6,5
DA:7,4
DA:11,1
DA:12,9
DA:15,9
DA:16,9
DA:17,2
DA:20,7
DA:21,1
DA:23,6
DA:24,6
DA:25,2
DA:26,2
DA:28,4
DA:32,6
DA:33,6
DA:37,1
DA:38,8
DA:39,8
DA:42,6
DA:43,6
DA:45,4
DA:46,4
DA:47,4
DA:48,4
DA:52,1
DA:53,5
DA:54,4
DA:55,2
LF:30
LH:30
BRDA:12,0,0,1
BRDA:16,1,0,2
BRDA:16,1,1,7
BRDA:16,2,0,9
BRDA:16,2,1,8
BRDA:20,3,0,1
BRDA:20,3,1,6
BRDA:24,4,0,2
BRDA:24,4,1,4
BRDA:39,5,0,2
BRDA:39,5,1,6
BRDA:43,6,0,2
BRDA:43,6,1,4
BRDA:54,7,0,2
BRDA:54,7,1,2
BRF:15
BRH:15
end_of_record
TN:
SF:controllers\categoryController.js
FN:5,(anonymous_0)
FN:14,(anonymous_1)
FN:20,(anonymous_2)
FN:30,(anonymous_3)
FN:45,(anonymous_4)
FNF:5
FNH:5
FNDA:8,(anonymous_0)
FNDA:3,(anonymous_1)
FNDA:4,(anonymous_2)
FNDA:4,(anonymous_3)
FNDA:5,(anonymous_4)
DA:3,1
DA:5,1
DA:6,8
DA:7,8
DA:8,40
DA:10,8
DA:14,1
DA:15,3
DA:16,2
DA:20,1
DA:21,4
DA:22,4
DA:23,3
DA:25,1
DA:30,1
DA:31,4
DA:32,4
DA:37,3
DA:38,2
DA:40,1
DA:45,1
DA:46,5
DA:47,4
DA:49,3
DA:50,1
DA:53,2
DA:54,2
LF:27
LH:27
BRDA:8,0,0,13
BRDA:8,0,1,27
BRDA:37,1,0,1
BRDA:37,1,1,2
BRDA:47,2,0,1
BRDA:47,2,1,3
BRDA:49,3,0,1
BRDA:49,3,1,2
BRF:8
BRH:8
end_of_record
TN:
SF:controllers\chatController.js
FN:15,buildSystemPrompt
FN:21,(anonymous_1)
FN:24,(anonymous_2)
FN:36,(anonymous_3)
FN:59,buildAdminSystemPrompt
FN:72,(anonymous_5)
FN:79,(anonymous_6)
FN:88,(anonymous_7)
FN:115,(anonymous_8)
FN:145,(anonymous_9)
FN:173,(anonymous_10)
FN:189,(anonymous_11)
FN:196,(anonymous_12)
FN:197,(anonymous_13)
FN:198,(anonymous_14)
FN:214,(anonymous_15)
FN:222,(anonymous_16)
FN:239,(anonymous_17)
FN:250,(anonymous_18)
FNF:19
FNH:19
FNDA:8,buildSystemPrompt
FNDA:16,(anonymous_1)
FNDA:16,(anonymous_2)
FNDA:3,(anonymous_3)
FNDA:1,buildAdminSystemPrompt
FNDA:2,(anonymous_5)
FNDA:2,(anonymous_6)
FNDA:1,(anonymous_7)
FNDA:16,(anonymous_8)
FNDA:62,(anonymous_9)
FNDA:5,(anonymous_10)
FNDA:5,(anonymous_11)
FNDA:5,(anonymous_12)
FNDA:4,(anonymous_13)
FNDA:4,(anonymous_14)
FNDA:4,(anonymous_15)
FNDA:2,(anonymous_16)
FNDA:3,(anonymous_17)
FNDA:3,(anonymous_18)
DA:10,1
DA:16,8
DA:21,16
DA:23,8
DA:24,16
DA:27,8
DA:28,8
DA:29,3
DA:33,3
DA:36,3
DA:41,8
DA:60,1
DA:72,2
DA:74,1
DA:79,2
DA:81,1
DA:87,1
DA:88,1
DA:91,1
DA:115,1
DA:116,16
DA:117,16
DA:119,16
DA:120,2
DA:122,14
DA:123,3
DA:125,11
DA:126,1
DA:129,10
DA:130,9
DA:131,2
DA:136,7
DA:142,0
DA:145,62
DA:148,9
DA:150,9
DA:151,9
DA:153,1
DA:154,1
DA:157,9
DA:158,9
DA:160,9
DA:161,1
DA:163,9
DA:165,9
DA:167,1
DA:168,1
DA:173,1
DA:174,5
DA:175,5
DA:179,4
DA:180,1
DA:182,3
DA:184,1
DA:189,1
DA:190,5
DA:191,5
DA:195,4
DA:196,5
DA:198,4
DA:199,4
DA:207,4
DA:209,1
DA:214,1
DA:215,4
DA:216,4
DA:222,3
DA:232,3
DA:234,1
DA:239,1
DA:240,3
DA:241,3
DA:242,2
DA:243,1
DA:245,1
DA:250,1
DA:251,3
DA:252,3
DA:253,2
DA:254,1
DA:256,1
LF:81
LH:80
BRDA:21,0,0,8
BRDA:21,0,1,0
BRDA:23,1,0,8
BRDA:23,1,1,0
BRDA:24,2,0,8
BRDA:24,2,1,8
BRDA:28,3,0,3
BRDA:28,3,1,5
BRDA:33,4,0,3
BRDA:33,4,1,0
BRDA:72,5,0,1
BRDA:72,5,1,0
BRDA:79,6,0,1
BRDA:79,6,1,0
BRDA:87,7,0,1
BRDA:87,7,1,0
BRDA:88,8,0,1
BRDA:88,8,1,1
BRDA:88,8,2,1
BRDA:97,9,0,1
BRDA:97,9,1,0
BRDA:119,10,0,2
BRDA:119,10,1,14
BRDA:119,11,0,16
BRDA:119,11,1,15
BRDA:122,12,0,3
BRDA:122,12,1,11
BRDA:122,13,0,14
BRDA:122,13,1,13
BRDA:122,13,2,12
BRDA:125,14,0,1
BRDA:125,14,1,10
BRDA:130,15,0,2
BRDA:130,15,1,7
BRDA:133,16,0,2
BRDA:133,16,1,1
BRDA:136,17,0,0
BRDA:136,17,1,7
BRDA:136,18,0,7
BRDA:136,18,1,3
BRDA:150,19,0,1
BRDA:150,19,1,8
BRDA:160,20,0,1
BRDA:160,20,1,8
BRDA:179,21,0,1
BRDA:179,21,1,3
BRDA:179,22,0,4
BRDA:179,22,1,2
BRDA:182,23,0,3
BRDA:182,23,1,1
BRDA:198,24,0,4
BRDA:198,24,1,1
BRDA:201,25,0,1
BRDA:201,25,1,3
BRDA:227,26,0,2
BRDA:227,26,1,1
BRDA:242,27,0,1
BRDA:242,27,1,1
BRDA:253,28,0,1
BRDA:253,28,1,1
BRF:60
BRH:52
end_of_record
TN:
SF:controllers\contactController.js
FN:5,(anonymous_0)
FN:35,(anonymous_1)
FN:45,(anonymous_2)
FN:69,(anonymous_3)
FN:98,(anonymous_4)
FNF:5
FNH:5
FNDA:8,(anonymous_0)
FNDA:3,(anonymous_1)
FNDA:7,(anonymous_2)
FNDA:6,(anonymous_3)
FNDA:3,(anonymous_4)
DA:5,1
DA:6,8
DA:7,8
DA:9,8
DA:10,3
DA:14,5
DA:15,5
DA:16,1
DA:19,4
DA:20,2
DA:23,2
DA:25,1
DA:30,1
DA:35,1
DA:36,3
DA:37,3
DA:38,2
DA:40,1
DA:45,1
DA:46,7
DA:47,7
DA:48,7
DA:50,7
DA:51,2
DA:54,5
DA:60,4
DA:62,3
DA:64,1
DA:69,1
DA:70,6
DA:71,6
DA:73,6
DA:74,2
DA:77,4
DA:78,3
DA:80,2
DA:86,1
DA:87,1
DA:88,1
DA:89,1
DA:91,1
DA:93,2
DA:98,1
DA:99,3
DA:100,3
DA:101,2
DA:102,1
DA:104,1
LF:48
LH:48
BRDA:9,0,0,3
BRDA:9,0,1,5
BRDA:9,1,0,8
BRDA:9,1,1,7
BRDA:9,1,2,6
BRDA:15,2,0,1
BRDA:15,2,1,4
BRDA:19,3,0,2
BRDA:19,3,1,2
BRDA:50,4,0,2
BRDA:50,4,1,5
BRDA:60,5,0,1
BRDA:60,5,1,3
BRDA:73,6,0,2
BRDA:73,6,1,4
BRDA:73,7,0,6
BRDA:73,7,1,5
BRDA:78,8,0,1
BRDA:78,8,1,2
BRDA:101,9,0,1
BRDA:101,9,1,1
BRF:21
BRH:21
end_of_record
TN:
SF:controllers\couponController.js
FN:4,(anonymous_0)
FN:6,(anonymous_1)
FN:31,(anonymous_2)
FN:62,(anonymous_3)
FN:81,(anonymous_4)
FN:106,(anonymous_5)
FN:121,(anonymous_6)
FN:162,(anonymous_7)
FN:174,(anonymous_8)
FN:190,(anonymous_9)
FNF:10
FNH:10
FNDA:27,(anonymous_0)
FNDA:9,(anonymous_1)
FNDA:9,(anonymous_2)
FNDA:7,(anonymous_3)
FNDA:4,(anonymous_4)
FNDA:3,(anonymous_5)
FNDA:4,(anonymous_6)
FNDA:3,(anonymous_7)
FNDA:4,(anonymous_8)
FNDA:8,(anonymous_9)
DA:4,27
DA:6,1
DA:7,9
DA:28,9
DA:31,1
DA:32,9
DA:33,9
DA:34,8
DA:35,0
DA:37,8
DA:38,0
DA:40,8
DA:41,1
DA:43,7
DA:44,7
DA:45,0
DA:47,7
DA:48,7
DA:49,7
DA:50,7
DA:52,6
DA:53,6
DA:55,5
DA:56,0
DA:58,5
DA:62,1
DA:63,7
DA:64,7
DA:65,7
DA:66,7
DA:68,3
DA:69,3
DA:71,2
DA:72,1
DA:74,1
DA:75,1
DA:81,1
DA:82,4
DA:83,4
DA:84,4
DA:85,4
DA:86,4
DA:87,4
DA:88,0
DA:89,0
DA:92,4
DA:99,3
DA:101,1
DA:106,1
DA:107,3
DA:108,3
DA:113,2
DA:114,1
DA:116,1
DA:121,1
DA:122,4
DA:123,4
DA:124,3
DA:126,2
DA:144,2
DA:145,2
DA:147,2
DA:148,1
DA:149,1
DA:152,1
DA:153,1
DA:154,1
DA:156,1
DA:157,1
DA:162,1
DA:163,3
DA:164,3
DA:165,2
DA:166,1
DA:168,1
DA:174,1
DA:175,4
DA:176,4
DA:177,3
DA:178,2
DA:179,2
DA:180,2
DA:182,1
DA:190,1
DA:191,8
DA:192,8
DA:193,8
DA:201,2
DA:209,6
LF:89
LH:83
BRDA:4,0,0,6
BRDA:4,0,1,21
BRDA:4,1,0,0
BRDA:4,1,1,21
BRDA:8,2,0,9
BRDA:8,2,1,0
BRDA:9,3,0,9
BRDA:9,3,1,1
BRDA:10,4,0,1
BRDA:10,4,1,8
BRDA:13,5,0,3
BRDA:13,5,1,6
BRDA:13,6,0,9
BRDA:13,6,1,3
BRDA:15,7,0,1
BRDA:15,7,1,8
BRDA:15,8,0,9
BRDA:15,8,1,3
BRDA:15,8,2,3
BRDA:17,9,0,1
BRDA:17,9,1,8
BRDA:17,10,0,9
BRDA:17,10,1,3
BRDA:17,10,2,3
BRDA:19,11,0,1
BRDA:19,11,1,8
BRDA:19,12,0,9
BRDA:19,12,1,3
BRDA:19,12,2,3
BRDA:21,13,0,8
BRDA:21,13,1,1
BRDA:22,14,0,8
BRDA:22,14,1,1
BRDA:26,15,0,2
BRDA:26,15,1,7
BRDA:31,16,0,7
BRDA:31,17,0,7
BRDA:32,18,0,0
BRDA:32,18,1,9
BRDA:33,19,0,1
BRDA:33,19,1,8
BRDA:34,20,0,0
BRDA:34,20,1,8
BRDA:37,21,0,0
BRDA:37,21,1,8
BRDA:37,22,0,8
BRDA:37,22,1,8
BRDA:40,23,0,1
BRDA:40,23,1,7
BRDA:40,24,0,8
BRDA:40,24,1,8
BRDA:43,25,0,0
BRDA:43,25,1,7
BRDA:44,26,0,0
BRDA:44,26,1,7
BRDA:44,27,0,7
BRDA:44,27,1,1
BRDA:47,28,0,0
BRDA:47,28,1,7
BRDA:47,29,0,7
BRDA:47,29,1,1
BRDA:48,30,0,0
BRDA:48,30,1,7
BRDA:48,31,0,7
BRDA:48,31,1,1
BRDA:49,32,0,7
BRDA:49,32,1,0
BRDA:49,33,0,7
BRDA:49,33,1,2
BRDA:50,34,0,1
BRDA:50,34,1,6
BRDA:50,35,0,7
BRDA:50,35,1,6
BRDA:52,36,0,6
BRDA:52,36,1,0
BRDA:52,37,0,6
BRDA:52,37,1,2
BRDA:53,38,0,1
BRDA:53,38,1,5
BRDA:53,39,0,6
BRDA:53,39,1,5
BRDA:55,40,0,0
BRDA:55,40,1,5
BRDA:55,41,0,5
BRDA:55,41,1,5
BRDA:55,41,2,5
BRDA:66,42,0,4
BRDA:66,42,1,3
BRDA:69,43,0,1
BRDA:69,43,1,2
BRDA:74,44,0,0
BRDA:74,44,1,1
BRDA:85,45,0,1
BRDA:85,45,1,3
BRDA:86,46,0,1
BRDA:86,46,1,3
BRDA:87,47,0,0
BRDA:87,47,1,4
BRDA:87,48,0,4
BRDA:87,48,1,0
BRDA:113,49,0,1
BRDA:113,49,1,1
BRDA:124,50,0,1
BRDA:124,50,1,2
BRDA:127,51,0,2
BRDA:127,51,1,1
BRDA:128,52,0,2
BRDA:128,52,1,1
BRDA:129,53,0,2
BRDA:129,53,1,2
BRDA:130,54,0,2
BRDA:130,54,1,2
BRDA:131,55,0,2
BRDA:131,55,1,2
BRDA:132,56,0,2
BRDA:132,56,1,2
BRDA:133,57,0,0
BRDA:133,57,1,2
BRDA:134,58,0,0
BRDA:134,58,1,2
BRDA:135,59,0,0
BRDA:135,59,1,2
BRDA:136,60,0,2
BRDA:136,60,1,2
BRDA:137,61,0,2
BRDA:137,61,1,2
BRDA:138,62,0,2
BRDA:138,62,1,2
BRDA:139,63,0,2
BRDA:139,63,1,2
BRDA:140,64,0,2
BRDA:140,64,1,2
BRDA:141,65,0,0
BRDA:141,65,1,2
BRDA:145,66,0,0
BRDA:145,66,1,2
BRDA:147,67,0,1
BRDA:147,67,1,1
BRDA:149,68,0,1
BRDA:149,68,1,0
BRDA:156,69,0,0
BRDA:156,69,1,1
BRDA:165,70,0,1
BRDA:165,70,1,1
BRDA:177,71,0,1
BRDA:177,71,1,2
BRDA:178,72,0,1
BRDA:178,72,1,1
BRDA:197,73,0,8
BRDA:197,73,1,1
BRDA:198,74,0,8
BRDA:198,74,1,7
BRF:152
BRH:130
end_of_record
TN:
SF:controllers\descriptionController.js
FN:5,(anonymous_0)
FNF:1
FNH:1
FNDA:13,(anonymous_0)
DA:5,1
DA:6,13
DA:7,13
DA:9,13
DA:10,2
DA:13,11
DA:24,11
DA:30,11
DA:37,10
DA:43,10
DA:44,10
DA:46,10
DA:48,9
DA:49,3
DA:52,6
DA:58,5
DA:59,5
LF:17
LH:17
BRDA:9,0,0,2
BRDA:9,0,1,11
BRDA:25,1,0,11
BRDA:25,1,1,1
BRDA:26,2,0,5
BRDA:26,2,1,6
BRDA:44,3,0,9
BRDA:44,3,1,1
BRDA:48,4,0,3
BRDA:48,4,1,6
BRDA:48,5,0,9
BRDA:48,5,1,8
BRDA:48,5,2,7
BRF:13
BRH:13
end_of_record
TN:
SF:controllers\notificationController.js
FN:4,(anonymous_0)
FN:17,(anonymous_1)
FN:32,(anonymous_2)
FNF:3
FNH:3
FNDA:4,(anonymous_0)
FNDA:5,(anonymous_1)
FNDA:4,(anonymous_2)
DA:4,1
DA:5,4
DA:6,4
DA:9,3
DA:10,2
DA:12,2
DA:17,1
DA:18,5
DA:19,5
DA:24,4
DA:25,3
DA:27,1
DA:32,1
DA:33,4
DA:34,4
DA:35,3
DA:37,1
LF:17
LH:17
BRDA:24,0,0,1
BRDA:24,0,1,3
BRF:2
BRH:2
end_of_record
TN:
SF:controllers\orderController.js
FN:15,(anonymous_0)
FN:43,(anonymous_1)
FN:52,(anonymous_2)
FN:53,(anonymous_3)
FN:60,(anonymous_4)
FN:67,(anonymous_5)
FN:74,(anonymous_6)
FN:77,(anonymous_7)
FN:93,(anonymous_8)
FN:94,(anonymous_9)
FN:187,(anonymous_10)
FN:201,(anonymous_11)
FN:215,(anonymous_12)
FN:216,(anonymous_13)
FN:304,(anonymous_14)
FN:318,(anonymous_15)
FN:371,(anonymous_16)
FN:385,(anonymous_17)
FN:402,(anonymous_18)
FN:432,(anonymous_19)
FN:439,(anonymous_20)
FN:452,(anonymous_21)
FN:461,(anonymous_22)
FN:472,(anonymous_23)
FN:490,(anonymous_24)
FN:510,(anonymous_25)
FN:523,(anonymous_26)
FNF:27
FNH:1
FNDA:0,(anonymous_0)
FNDA:0,(anonymous_1)
FNDA:0,(anonymous_2)
FNDA:0,(anonymous_3)
FNDA:0,(anonymous_4)
FNDA:0,(anonymous_5)
FNDA:0,(anonymous_6)
FNDA:0,(anonymous_7)
FNDA:0,(anonymous_8)
FNDA:0,(anonymous_9)
FNDA:0,(anonymous_10)
FNDA:0,(anonymous_11)
FNDA:0,(anonymous_12)
FNDA:0,(anonymous_13)
FNDA:0,(anonymous_14)
FNDA:0,(anonymous_15)
FNDA:0,(anonymous_16)
FNDA:0,(anonymous_17)
FNDA:10,(anonymous_18)
FNDA:0,(anonymous_19)
FNDA:0,(anonymous_20)
FNDA:0,(anonymous_21)
FNDA:0,(anonymous_22)
FNDA:0,(anonymous_23)
FNDA:0,(anonymous_24)
FNDA:0,(anonymous_25)
FNDA:0,(anonymous_26)
DA:15,1
DA:17,0
DA:18,0
DA:19,0
DA:20,0
DA:21,0
DA:23,0
DA:27,0
DA:28,0
DA:29,0
DA:30,0
DA:34,0
DA:37,0
DA:39,0
DA:43,1
DA:44,0
DA:45,0
DA:46,0
DA:47,0
DA:48,0
DA:49,0
DA:52,1
DA:53,0
DA:54,0
DA:60,1
DA:61,0
DA:62,0
DA:63,0
DA:74,1
DA:77,1
DA:78,0
DA:79,0
DA:82,0
DA:84,0
DA:85,0
DA:88,0
DA:89,0
DA:92,0
DA:93,0
DA:94,0
DA:96,0
DA:97,0
DA:98,0
DA:99,0
DA:100,0
DA:102,0
DA:103,0
DA:104,0
DA:105,0
DA:106,0
DA:109,0
DA:110,0
DA:111,0
DA:117,0
DA:122,0
DA:123,0
DA:125,0
DA:126,0
DA:128,0
DA:129,0
DA:130,0
DA:136,0
DA:141,0
DA:142,0
DA:143,0
DA:144,0
DA:150,0
DA:151,0
DA:154,0
DA:155,0
DA:156,0
DA:157,0
DA:160,0
DA:176,0
DA:177,0
DA:180,0
DA:182,0
DA:191,0
DA:193,0
DA:195,0
DA:196,0
DA:201,1
DA:202,0
DA:204,0
DA:205,0
DA:207,0
DA:208,0
DA:210,0
DA:211,0
DA:214,0
DA:215,0
DA:216,0
DA:218,0
DA:219,0
DA:220,0
DA:221,0
DA:222,0
DA:224,0
DA:225,0
DA:226,0
DA:227,0
DA:230,0
DA:231,0
DA:232,0
DA:236,0
DA:241,0
DA:242,0
DA:244,0
DA:245,0
DA:247,0
DA:248,0
DA:249,0
DA:255,0
DA:258,0
DA:259,0
DA:260,0
DA:261,0
DA:267,0
DA:268,0
DA:271,0
DA:272,0
DA:273,0
DA:274,0
DA:277,0
DA:295,0
DA:296,0
DA:299,0
DA:306,0
DA:308,0
DA:309,0
DA:318,1
DA:319,0
DA:320,0
DA:322,0
DA:323,0
DA:326,0
DA:332,0
DA:334,0
DA:336,0
DA:338,0
DA:339,0
DA:340,0
DA:341,0
DA:343,0
DA:348,0
DA:349,0
DA:350,0
DA:354,0
DA:359,0
DA:360,0
DA:363,0
DA:365,0
DA:366,0
DA:371,1
DA:372,0
DA:373,0
DA:374,0
DA:378,0
DA:380,0
DA:385,1
DA:386,0
DA:387,0
DA:390,0
DA:392,0
DA:393,0
DA:395,0
DA:397,0
DA:402,1
DA:403,10
DA:404,10
DA:405,9
DA:407,8
DA:408,8
DA:409,1
DA:412,7
DA:414,7
DA:415,7
DA:416,1
DA:418,7
DA:422,7
DA:425,7
DA:427,7
DA:428,6
DA:434,6
DA:435,1
DA:445,7
DA:446,6
DA:454,6
DA:455,1
DA:465,7
DA:467,1
DA:472,1
DA:473,0
DA:474,0
DA:475,0
DA:477,0
DA:478,0
DA:481,0
DA:482,0
DA:487,0
DA:488,0
DA:489,0
DA:490,0
DA:491,0
DA:492,0
DA:494,0
DA:501,0
DA:502,0
DA:503,0
DA:505,0
DA:510,1
DA:511,0
DA:512,0
DA:513,0
DA:517,0
DA:520,0
DA:524,0
DA:525,0
DA:529,0
LF:219
LH:36
BRDA:18,0,0,0
BRDA:18,0,1,0
BRDA:18,1,0,0
BRDA:18,1,1,0
BRDA:20,2,0,0
BRDA:20,2,1,0
BRDA:20,3,0,0
BRDA:20,3,1,0
BRDA:28,4,0,0
BRDA:28,4,1,0
BRDA:28,4,2,0
BRDA:29,5,0,0
BRDA:29,5,1,0
BRDA:29,6,0,0
BRDA:29,6,1,0
BRDA:54,7,0,0
BRDA:54,7,1,0
BRDA:62,8,0,0
BRDA:62,8,1,0
BRDA:62,9,0,0
BRDA:62,9,1,0
BRDA:78,10,0,0
BRDA:78,10,1,0
BRDA:82,11,0,0
BRDA:84,12,0,0
BRDA:84,12,1,0
BRDA:84,13,0,0
BRDA:84,13,1,0
BRDA:84,13,2,0
BRDA:84,13,3,0
BRDA:84,13,4,0
BRDA:88,14,0,0
BRDA:88,14,1,0
BRDA:88,15,0,0
BRDA:88,15,1,0
BRDA:103,16,0,0
BRDA:103,16,1,0
BRDA:104,17,0,0
BRDA:104,17,1,0
BRDA:105,18,0,0
BRDA:105,18,1,0
BRDA:105,19,0,0
BRDA:105,19,1,0
BRDA:110,20,0,0
BRDA:110,20,1,0
BRDA:110,21,0,0
BRDA:110,21,1,0
BRDA:122,22,0,0
BRDA:122,22,1,0
BRDA:143,23,0,0
BRDA:143,23,1,0
BRDA:167,24,0,0
BRDA:167,24,1,0
BRDA:176,25,0,0
BRDA:176,25,1,0
BRDA:202,26,0,0
BRDA:204,27,0,0
BRDA:204,27,1,0
BRDA:204,28,0,0
BRDA:204,28,1,0
BRDA:204,28,2,0
BRDA:204,28,3,0
BRDA:204,28,4,0
BRDA:207,29,0,0
BRDA:207,29,1,0
BRDA:207,30,0,0
BRDA:207,30,1,0
BRDA:207,30,2,0
BRDA:207,30,3,0
BRDA:210,31,0,0
BRDA:210,31,1,0
BRDA:210,32,0,0
BRDA:210,32,1,0
BRDA:225,33,0,0
BRDA:225,33,1,0
BRDA:226,34,0,0
BRDA:226,34,1,0
BRDA:226,35,0,0
BRDA:226,35,1,0
BRDA:231,36,0,0
BRDA:231,36,1,0
BRDA:231,37,0,0
BRDA:231,37,1,0
BRDA:241,38,0,0
BRDA:241,38,1,0
BRDA:260,39,0,0
BRDA:260,39,1,0
BRDA:286,40,0,0
BRDA:286,40,1,0
BRDA:295,41,0,0
BRDA:295,41,1,0
BRDA:322,42,0,0
BRDA:322,42,1,0
BRDA:322,43,0,0
BRDA:322,43,1,0
BRDA:322,43,2,0
BRDA:332,44,0,0
BRDA:332,44,1,0
BRDA:338,45,0,0
BRDA:338,45,1,0
BRDA:340,46,0,0
BRDA:340,46,1,0
BRDA:349,47,0,0
BRDA:349,47,1,0
BRDA:359,48,0,0
BRDA:359,48,1,0
BRDA:359,49,0,0
BRDA:359,49,1,0
BRDA:373,50,0,0
BRDA:373,50,1,0
BRDA:390,51,0,0
BRDA:390,51,1,0
BRDA:392,52,0,0
BRDA:392,52,1,0
BRDA:392,53,0,0
BRDA:392,53,1,0
BRDA:392,53,2,0
BRDA:405,54,0,1
BRDA:405,54,1,8
BRDA:408,55,0,1
BRDA:408,55,1,7
BRDA:414,56,0,7
BRDA:414,56,1,2
BRDA:414,56,2,2
BRDA:415,57,0,1
BRDA:415,57,1,6
BRDA:422,58,0,1
BRDA:422,58,1,6
BRDA:425,59,0,1
BRDA:425,59,1,6
BRDA:427,60,0,6
BRDA:427,60,1,1
BRDA:427,61,0,7
BRDA:427,61,1,7
BRDA:427,61,2,6
BRDA:434,62,0,1
BRDA:434,62,1,5
BRDA:445,63,0,6
BRDA:445,63,1,1
BRDA:445,64,0,7
BRDA:445,64,1,6
BRDA:454,65,0,1
BRDA:454,65,1,5
BRDA:475,66,0,0
BRDA:475,66,1,0
BRDA:477,67,0,0
BRDA:477,67,1,0
BRDA:477,68,0,0
BRDA:477,68,1,0
BRDA:481,69,0,0
BRDA:481,69,1,0
BRDA:488,70,0,0
BRDA:488,70,1,0
BRDA:489,71,0,0
BRDA:489,71,1,0
BRDA:491,72,0,0
BRDA:491,72,1,0
BRDA:522,73,0,0
BRDA:522,73,1,0
BRF:159
BRH:26
end_of_record
TN:
SF:controllers\productController.js
FN:6,(anonymous_0)
FN:16,(anonymous_1)
FN:26,(anonymous_2)
FN:29,(anonymous_3)
FN:96,(anonymous_4)
FN:99,(anonymous_5)
FN:107,(anonymous_6)
FN:147,(anonymous_7)
FN:159,(anonymous_8)
FN:173,(anonymous_9)
FN:183,(anonymous_10)
FN:201,(anonymous_11)
FN:221,(anonymous_12)
FN:258,(anonymous_13)
FNF:14
FNH:14
FNDA:22,(anonymous_0)
FNDA:6,(anonymous_1)
FNDA:13,(anonymous_2)
FNDA:24,(anonymous_3)
FNDA:4,(anonymous_4)
FNDA:6,(anonymous_5)
FNDA:3,(anonymous_6)
FNDA:2,(anonymous_7)
FNDA:5,(anonymous_8)
FNDA:3,(anonymous_9)
FNDA:4,(anonymous_10)
FNDA:4,(anonymous_11)
FNDA:7,(anonymous_12)
FNDA:12,(anonymous_13)
DA:6,22
DA:11,1
DA:16,1
DA:17,6
DA:18,6
DA:19,48
DA:21,6
DA:26,13
DA:29,1
DA:30,24
DA:35,24
DA:37,24
DA:40,24
DA:42,24
DA:44,4
DA:45,4
DA:52,24
DA:53,2
DA:54,1
DA:56,1
DA:58,23
DA:59,5
DA:60,5
DA:61,3
DA:62,3
DA:63,2
DA:65,4
DA:66,3
DA:67,3
DA:68,2
DA:71,21
DA:73,21
DA:76,20
DA:77,2
DA:78,2
DA:79,1
DA:80,1
DA:81,1
DA:82,1
DA:83,1
DA:84,1
DA:85,1
DA:88,18
DA:89,18
DA:90,18
DA:91,2
DA:93,16
DA:94,16
DA:96,16
DA:97,4
DA:99,4
DA:100,6
DA:101,6
DA:102,6
DA:103,6
DA:104,6
DA:105,6
DA:107,4
DA:108,3
DA:109,3
DA:110,2
DA:115,16
DA:118,4
DA:121,4
DA:122,4
DA:124,12
DA:125,12
DA:126,11
DA:127,10
DA:128,12
DA:129,12
DA:132,16
DA:142,1
DA:147,1
DA:148,2
DA:149,2
DA:152,1
DA:154,1
DA:159,1
DA:160,5
DA:161,5
DA:162,1
DA:164,4
DA:165,3
DA:166,1
DA:168,1
DA:173,1
DA:174,3
DA:175,3
DA:176,2
DA:178,1
DA:183,1
DA:184,4
DA:185,4
DA:186,1
DA:188,3
DA:193,2
DA:194,1
DA:196,1
DA:201,1
DA:202,4
DA:203,4
DA:204,1
DA:206,3
DA:211,2
DA:212,1
DA:214,1
DA:221,1
DA:222,7
DA:223,7
DA:224,7
DA:226,7
DA:227,1
DA:231,6
DA:232,5
DA:235,4
DA:249,4
DA:251,1
DA:258,1
DA:259,12
DA:260,12
DA:261,12
DA:262,3
DA:265,9
DA:268,9
DA:280,8
DA:290,7
DA:292,2
LF:128
LH:128
BRDA:19,0,0,13
BRDA:19,0,1,35
BRDA:34,1,0,17
BRDA:34,2,0,17
BRDA:42,3,0,4
BRDA:42,3,1,20
BRDA:52,4,0,2
BRDA:52,4,1,22
BRDA:53,5,0,1
BRDA:53,5,1,1
BRDA:58,6,0,5
BRDA:58,6,1,18
BRDA:58,7,0,23
BRDA:58,7,1,20
BRDA:60,8,0,3
BRDA:60,8,1,2
BRDA:62,9,0,1
BRDA:62,9,1,2
BRDA:65,10,0,3
BRDA:65,10,1,1
BRDA:67,11,0,1
BRDA:67,11,1,2
BRDA:71,12,0,1
BRDA:71,12,1,20
BRDA:76,13,0,2
BRDA:76,13,1,18
BRDA:78,14,0,1
BRDA:78,14,1,1
BRDA:80,15,0,0
BRDA:80,15,1,1
BRDA:81,16,0,0
BRDA:81,16,1,1
BRDA:90,17,0,2
BRDA:90,17,1,16
BRDA:90,18,0,18
BRDA:90,18,1,17
BRDA:100,19,0,6
BRDA:100,19,1,0
BRDA:101,20,0,6
BRDA:101,20,1,2
BRDA:103,21,0,4
BRDA:103,21,1,2
BRDA:104,22,0,2
BRDA:104,22,1,4
BRDA:109,23,0,1
BRDA:109,23,1,2
BRDA:109,24,0,0
BRDA:109,24,1,1
BRDA:109,25,0,1
BRDA:109,25,1,0
BRDA:115,26,0,4
BRDA:115,26,1,12
BRDA:125,27,0,1
BRDA:125,27,1,11
BRDA:126,28,0,1
BRDA:126,28,1,10
BRDA:161,29,0,1
BRDA:161,29,1,4
BRDA:165,30,0,2
BRDA:165,30,1,1
BRDA:165,31,0,3
BRDA:165,31,1,2
BRDA:185,32,0,1
BRDA:185,32,1,3
BRDA:193,33,0,1
BRDA:193,33,1,1
BRDA:203,34,0,1
BRDA:203,34,1,3
BRDA:211,35,0,1
BRDA:211,35,1,1
BRDA:224,36,0,7
BRDA:224,36,1,5
BRDA:226,37,0,1
BRDA:226,37,1,6
BRDA:232,38,0,1
BRDA:232,38,1,4
BRDA:261,39,0,3
BRDA:261,39,1,9
BRDA:261,40,0,12
BRDA:261,40,1,9
BRF:80
BRH:75
end_of_record
TN:
SF:controllers\settingsController.js
FN:6,(anonymous_0)
FNF:1
FNH:1
FNDA:6,(anonymous_0)
DA:6,1
DA:7,6
DA:8,6
DA:9,5
DA:16,1
LF:5
LH:5
BRF:0
BRH:0
end_of_record
TN:
SF:controllers\wishlistController.js
FN:4,(anonymous_0)
FN:16,(anonymous_1)
FN:33,(anonymous_2)
FN:47,(anonymous_3)
FNF:4
FNH:4
FNDA:9,(anonymous_0)
FNDA:12,(anonymous_1)
FNDA:4,(anonymous_2)
FNDA:5,(anonymous_3)
DA:4,1
DA:5,9
DA:6,9
DA:9,7
DA:11,2
DA:16,1
DA:17,12
DA:18,12
DA:19,12
DA:21,9
DA:22,8
DA:24,7
DA:25,6
DA:26,5
DA:28,3
DA:33,1
DA:34,4
DA:35,4
DA:39,3
DA:40,2
DA:42,1
DA:47,1
DA:48,5
DA:49,5
DA:50,4
DA:52,1
LF:26
LH:26
BRDA:19,0,0,3
BRDA:19,0,1,9
BRDA:22,1,0,1
BRDA:22,1,1,7
BRDA:39,2,0,1
BRDA:39,2,1,2
BRF:6
BRH:6
end_of_record
TN:
SF:coverage\block-navigation.js
FN:2,init
FN:24,toggleClass
FN:31,makeCurrent
FN:41,goToPrevious
FN:52,goToNext
FN:65,jump
FNF:6
FNH:0
FNDA:0,init
FNDA:0,toggleClass
FNDA:0,makeCurrent
FNDA:0,goToPrevious
FNDA:0,goToNext
FNDA:0,jump
DA:2,0
DA:4,0
DA:7,0
DA:10,0
DA:14,0
DA:20,0
DA:25,0
DA:28,0
DA:32,0
DA:33,0
DA:34,0
DA:42,0
DA:43,0
DA:44,0
DA:45,0
DA:46,0
DA:49,0
DA:53,0
DA:55,0
DA:59,0
DA:62,0
DA:65,0
DA:66,0
DA:71,0
DA:74,0
DA:77,0
DA:78,0
DA:82,0
DA:83,0
DA:87,0
LF:30
LH:0
BRDA:43,0,0,0
BRDA:43,0,1,0
BRDA:43,1,0,0
BRDA:43,1,1,0
BRDA:45,2,0,0
BRDA:45,2,1,0
BRDA:55,3,0,0
BRDA:55,3,1,0
BRDA:56,4,0,0
BRDA:56,4,1,0
BRDA:66,5,0,0
BRDA:66,5,1,0
BRDA:67,6,0,0
BRDA:67,6,1,0
BRDA:74,7,0,0
BRDA:74,7,1,0
BRDA:74,7,2,0
BRDA:74,7,3,0
BRDA:74,7,4,0
BRF:19
BRH:0
end_of_record
TN:
SF:coverage\prettify.js
FN:2,(anonymous_0)
FN:2,k
FN:2,ab
FN:2,T
FN:2,X
FN:2,(anonymous_5)
FN:2,W
FN:2,(anonymous_7)
FN:2,a
FN:2,aa
FN:2,B
FN:2,o
FN:2,g
FN:2,(anonymous_13)
FN:2,(anonymous_14)
FN:2,i
FN:2,Q
FN:2,ae
FN:2,ad
FN:2,ai
FN:2,D
FN:2,c
FN:2,q
FN:2,d
FN:2,y
FN:2,b
FN:2,Y
FN:2,(anonymous_27)
FN:2,U
FNF:29
FNH:0
FNDA:0,(anonymous_0)
FNDA:0,k
FNDA:0,ab
FNDA:0,T
FNDA:0,X
FNDA:0,(anonymous_5)
FNDA:0,W
FNDA:0,(anonymous_7)
FNDA:0,a
FNDA:0,aa
FNDA:0,B
FNDA:0,o
FNDA:0,g
FNDA:0,(anonymous_13)
FNDA:0,(anonymous_14)
FNDA:0,i
FNDA:0,Q
FNDA:0,ae
FNDA:0,ad
FNDA:0,ai
FNDA:0,D
FNDA:0,c
FNDA:0,q
FNDA:0,d
FNDA:0,y
FNDA:0,b
FNDA:0,Y
FNDA:0,(anonymous_27)
FNDA:0,U
DA:2,0
LF:1
LH:0
BRDA:2,0,0,0
BRDA:2,0,1,0
BRDA:2,1,0,0
BRDA:2,1,1,0
BRDA:2,2,0,0
BRDA:2,2,1,0
BRDA:2,3,0,0
BRDA:2,3,1,0
BRDA:2,4,0,0
BRDA:2,4,1,0
BRDA:2,5,0,0
BRDA:2,5,1,0
BRDA:2,6,0,0
BRDA:2,6,1,0
BRDA:2,7,0,0
BRDA:2,7,1,0
BRDA:2,8,0,0
BRDA:2,8,1,0
BRDA:2,9,0,0
BRDA:2,9,1,0
BRDA:2,10,0,0
BRDA:2,10,1,0
BRDA:2,11,0,0
BRDA:2,11,1,0
BRDA:2,11,2,0
BRDA:2,11,3,0
BRDA:2,12,0,0
BRDA:2,12,1,0
BRDA:2,13,0,0
BRDA:2,13,1,0
BRDA:2,14,0,0
BRDA:2,14,1,0
BRDA:2,15,0,0
BRDA:2,15,1,0
BRDA:2,16,0,0
BRDA:2,16,1,0
BRDA:2,17,0,0
BRDA:2,17,1,0
BRDA:2,18,0,0
BRDA:2,18,1,0
BRDA:2,19,0,0
BRDA:2,19,1,0
BRDA:2,20,0,0
BRDA:2,20,1,0
BRDA:2,21,0,0
BRDA:2,21,1,0
BRDA:2,22,0,0
BRDA:2,22,1,0
BRDA:2,23,0,0
BRDA:2,23,1,0
BRDA:2,24,0,0
BRDA:2,24,1,0
BRDA:2,25,0,0
BRDA:2,25,1,0
BRDA:2,26,0,0
BRDA:2,26,1,0
BRDA:2,27,0,0
BRDA:2,27,1,0
BRDA:2,28,0,0
BRDA:2,28,1,0
BRDA:2,29,0,0
BRDA:2,29,1,0
BRDA:2,30,0,0
BRDA:2,30,1,0
BRDA:2,31,0,0
BRDA:2,31,1,0
BRDA:2,32,0,0
BRDA:2,32,1,0
BRDA:2,33,0,0
BRDA:2,33,1,0
BRDA:2,34,0,0
BRDA:2,34,1,0
BRDA:2,35,0,0
BRDA:2,35,1,0
BRDA:2,36,0,0
BRDA:2,36,1,0
BRDA:2,37,0,0
BRDA:2,37,1,0
BRDA:2,38,0,0
BRDA:2,38,1,0
BRDA:2,39,0,0
BRDA:2,39,1,0
BRDA:2,40,0,0
BRDA:2,40,1,0
BRDA:2,41,0,0
BRDA:2,41,1,0
BRDA:2,42,0,0
BRDA:2,42,1,0
BRDA:2,43,0,0
BRDA:2,43,1,0
BRDA:2,44,0,0
BRDA:2,44,1,0
BRDA:2,45,0,0
BRDA:2,45,1,0
BRDA:2,46,0,0
BRDA:2,46,1,0
BRDA:2,47,0,0
BRDA:2,47,1,0
BRDA:2,48,0,0
BRDA:2,48,1,0
BRDA:2,49,0,0
BRDA:2,49,1,0
BRDA:2,50,0,0
BRDA:2,50,1,0
BRDA:2,50,2,0
BRDA:2,51,0,0
BRDA:2,51,1,0
BRDA:2,52,0,0
BRDA:2,52,1,0
BRDA:2,53,0,0
BRDA:2,53,1,0
BRDA:2,54,0,0
BRDA:2,54,1,0
BRDA:2,55,0,0
BRDA:2,55,1,0
BRDA:2,56,0,0
BRDA:2,56,1,0
BRDA:2,57,0,0
BRDA:2,57,1,0
BRDA:2,58,0,0
BRDA:2,58,1,0
BRDA:2,59,0,0
BRDA:2,59,1,0
BRDA:2,60,0,0
BRDA:2,60,1,0
BRDA:2,61,0,0
BRDA:2,61,1,0
BRDA:2,62,0,0
BRDA:2,62,1,0
BRDA:2,63,0,0
BRDA:2,63,1,0
BRDA:2,64,0,0
BRDA:2,64,1,0
BRDA:2,65,0,0
BRDA:2,65,1,0
BRDA:2,66,0,0
BRDA:2,66,1,0
BRDA:2,67,0,0
BRDA:2,67,1,0
BRDA:2,68,0,0
BRDA:2,68,1,0
BRDA:2,69,0,0
BRDA:2,69,1,0
BRDA:2,70,0,0
BRDA:2,70,1,0
BRDA:2,71,0,0
BRDA:2,71,1,0
BRDA:2,72,0,0
BRDA:2,72,1,0
BRDA:2,73,0,0
BRDA:2,73,1,0
BRDA:2,74,0,0
BRDA:2,74,1,0
BRDA:2,75,0,0
BRDA:2,75,1,0
BRDA:2,76,0,0
BRDA:2,76,1,0
BRDA:2,77,0,0
BRDA:2,77,1,0
BRDA:2,78,0,0
BRDA:2,78,1,0
BRDA:2,79,0,0
BRDA:2,79,1,0
BRDA:2,80,0,0
BRDA:2,80,1,0
BRDA:2,81,0,0
BRDA:2,81,1,0
BRDA:2,82,0,0
BRDA:2,82,1,0
BRDA:2,83,0,0
BRDA:2,83,1,0
BRDA:2,84,0,0
BRDA:2,84,1,0
BRDA:2,85,0,0
BRDA:2,85,1,0
BRDA:2,86,0,0
BRDA:2,86,1,0
BRDA:2,87,0,0
BRDA:2,87,1,0
BRDA:2,88,0,0
BRDA:2,88,1,0
BRDA:2,89,0,0
BRDA:2,89,1,0
BRDA:2,89,2,0
BRDA:2,90,0,0
BRDA:2,90,1,0
BRDA:2,91,0,0
BRDA:2,91,1,0
BRDA:2,92,0,0
BRDA:2,92,1,0
BRDA:2,93,0,0
BRDA:2,93,1,0
BRDA:2,94,0,0
BRDA:2,94,1,0
BRDA:2,95,0,0
BRDA:2,95,1,0
BRDA:2,96,0,0
BRDA:2,96,1,0
BRDA:2,97,0,0
BRDA:2,97,1,0
BRDA:2,98,0,0
BRDA:2,98,1,0
BRDA:2,99,0,0
BRDA:2,99,1,0
BRDA:2,100,0,0
BRDA:2,100,1,0
BRDA:2,101,0,0
BRDA:2,101,1,0
BRDA:2,102,0,0
BRDA:2,102,1,0
BRDA:2,103,0,0
BRDA:2,103,1,0
BRDA:2,104,0,0
BRDA:2,104,1,0
BRDA:2,105,0,0
BRDA:2,105,1,0
BRDA:2,106,0,0
BRDA:2,106,1,0
BRDA:2,107,0,0
BRDA:2,107,1,0
BRDA:2,108,0,0
BRDA:2,108,1,0
BRDA:2,109,0,0
BRDA:2,109,1,0
BRDA:2,110,0,0
BRDA:2,110,1,0
BRDA:2,111,0,0
BRDA:2,111,1,0
BRDA:2,112,0,0
BRDA:2,112,1,0
BRDA:2,113,0,0
BRDA:2,113,1,0
BRDA:2,114,0,0
BRDA:2,114,1,0
BRDA:2,115,0,0
BRDA:2,115,1,0
BRDA:2,116,0,0
BRDA:2,116,1,0
BRDA:2,117,0,0
BRDA:2,117,1,0
BRDA:2,118,0,0
BRDA:2,118,1,0
BRDA:2,119,0,0
BRDA:2,119,1,0
BRDA:2,120,0,0
BRDA:2,120,1,0
BRDA:2,121,0,0
BRDA:2,121,1,0
BRDA:2,122,0,0
BRDA:2,122,1,0
BRDA:2,123,0,0
BRDA:2,123,1,0
BRDA:2,124,0,0
BRDA:2,124,1,0
BRDA:2,125,0,0
BRDA:2,125,1,0
BRDA:2,126,0,0
BRDA:2,126,1,0
BRDA:2,127,0,0
BRDA:2,127,1,0
BRDA:2,128,0,0
BRDA:2,128,1,0
BRDA:2,128,2,0
BRDA:2,129,0,0
BRDA:2,129,1,0
BRDA:2,130,0,0
BRDA:2,130,1,0
BRDA:2,131,0,0
BRDA:2,131,1,0
BRDA:2,131,2,0
BRDA:2,131,3,0
BRDA:2,131,4,0
BRDA:2,132,0,0
BRDA:2,132,1,0
BRDA:2,133,0,0
BRDA:2,133,1,0
BRDA:2,134,0,0
BRDA:2,134,1,0
BRDA:2,135,0,0
BRDA:2,135,1,0
BRDA:2,136,0,0
BRDA:2,136,1,0
BRDA:2,137,0,0
BRDA:2,137,1,0
BRDA:2,138,0,0
BRDA:2,138,1,0
BRF:286
BRH:0
end_of_record
TN:
SF:coverage\sorter.js
FN:2,(anonymous_0)
FN:11,getTable
FN:15,getTableHeader
FN:19,getTableBody
FN:23,getNthColumn
FN:27,onFilterInput
FN:59,addSearchBox
FN:67,loadColumns
FN:92,loadRowData
FN:111,loadData
FN:120,sortByIndex
FN:122,(anonymous_11)
FN:134,(anonymous_12)
FN:151,removeSortIndicators
FN:159,addSortIndicators
FN:165,enableUI
FN:168,ithSorter
FN:171,(anonymous_17)
FN:198,(anonymous_18)
FNF:19
FNH:0
FNDA:0,(anonymous_0)
FNDA:0,getTable
FNDA:0,getTableHeader
FNDA:0,getTableBody
FNDA:0,getNthColumn
FNDA:0,onFilterInput
FNDA:0,addSearchBox
FNDA:0,loadColumns
FNDA:0,loadRowData
FNDA:0,loadData
FNDA:0,sortByIndex
FNDA:0,(anonymous_11)
FNDA:0,(anonymous_12)
FNDA:0,removeSortIndicators
FNDA:0,addSortIndicators
FNDA:0,enableUI
FNDA:0,ithSorter
FNDA:0,(anonymous_17)
FNDA:0,(anonymous_18)
DA:2,0
DA:5,0
DA:12,0
DA:16,0
DA:20,0
DA:24,0
DA:28,0
DA:29,0
DA:34,0
DA:35,0
DA:37,0
DA:40,0
DA:41,0
DA:42,0
DA:44,0
DA:46,0
DA:49,0
DA:54,0
DA:60,0
DA:61,0
DA:62,0
DA:63,0
DA:68,0
DA:70,0
DA:74,0
DA:75,0
DA:76,0
DA:81,0
DA:82,0
DA:83,0
DA:84,0
DA:88,0
DA:93,0
DA:96,0
DA:99,0
DA:100,0
DA:101,0
DA:102,0
DA:103,0
DA:104,0
DA:106,0
DA:108,0
DA:112,0
DA:115,0
DA:116,0
DA:121,0
DA:122,0
DA:123,0
DA:124,0
DA:125,0
DA:127,0
DA:128,0
DA:129,0
DA:130,0
DA:133,0
DA:134,0
DA:135,0
DA:139,0
DA:140,0
DA:141,0
DA:144,0
DA:146,0
DA:147,0
DA:152,0
DA:153,0
DA:155,0
DA:156,0
DA:160,0
DA:168,0
DA:169,0
DA:171,0
DA:172,0
DA:174,0
DA:175,0
DA:177,0
DA:178,0
DA:179,0
DA:180,0
DA:181,0
DA:184,0
DA:185,0
DA:188,0
DA:189,0
DA:190,0
DA:192,0
DA:198,0
DA:199,0
DA:200,0
DA:202,0
DA:203,0
DA:204,0
DA:205,0
DA:206,0
DA:210,0
LF:94
LH:0
BRDA:44,0,0,0
BRDA:44,0,1,0
BRDA:54,1,0,0
BRDA:54,1,1,0
BRDA:79,2,0,0
BRDA:79,2,1,0
BRDA:82,3,0,0
BRDA:82,3,1,0
BRDA:103,4,0,0
BRDA:103,4,1,0
BRDA:125,5,0,0
BRDA:125,5,1,0
BRDA:125,6,0,0
BRDA:125,6,1,0
BRDA:133,7,0,0
BRDA:133,7,1,0
BRDA:160,8,0,0
BRDA:160,8,1,0
BRDA:174,9,0,0
BRDA:174,9,1,0
BRDA:185,10,0,0
BRDA:185,10,1,0
BRDA:189,11,0,0
BRDA:189,11,1,0
BRDA:199,12,0,0
BRDA:199,12,1,0
BRF:26
BRH:0
end_of_record
TN:
SF:coverage\lcov-report\block-navigation.js
FN:2,init
FN:24,toggleClass
FN:31,makeCurrent
FN:41,goToPrevious
FN:52,goToNext
FN:65,jump
FNF:6
FNH:0
FNDA:0,init
FNDA:0,toggleClass
FNDA:0,makeCurrent
FNDA:0,goToPrevious
FNDA:0,goToNext
FNDA:0,jump
DA:2,0
DA:4,0
DA:7,0
DA:10,0
DA:14,0
DA:20,0
DA:25,0
DA:28,0
DA:32,0
DA:33,0
DA:34,0
DA:42,0
DA:43,0
DA:44,0
DA:45,0
DA:46,0
DA:49,0
DA:53,0
DA:55,0
DA:59,0
DA:62,0
DA:65,0
DA:66,0
DA:71,0
DA:74,0
DA:77,0
DA:78,0
DA:82,0
DA:83,0
DA:87,0
LF:30
LH:0
BRDA:43,0,0,0
BRDA:43,0,1,0
BRDA:43,1,0,0
BRDA:43,1,1,0
BRDA:45,2,0,0
BRDA:45,2,1,0
BRDA:55,3,0,0
BRDA:55,3,1,0
BRDA:56,4,0,0
BRDA:56,4,1,0
BRDA:66,5,0,0
BRDA:66,5,1,0
BRDA:67,6,0,0
BRDA:67,6,1,0
BRDA:74,7,0,0
BRDA:74,7,1,0
BRDA:74,7,2,0
BRDA:74,7,3,0
BRDA:74,7,4,0
BRF:19
BRH:0
end_of_record
TN:
SF:coverage\lcov-report\prettify.js
FN:2,(anonymous_0)
FN:2,k
FN:2,ab
FN:2,T
FN:2,X
FN:2,(anonymous_5)
FN:2,W
FN:2,(anonymous_7)
FN:2,a
FN:2,aa
FN:2,B
FN:2,o
FN:2,g
FN:2,(anonymous_13)
FN:2,(anonymous_14)
FN:2,i
FN:2,Q
FN:2,ae
FN:2,ad
FN:2,ai
FN:2,D
FN:2,c
FN:2,q
FN:2,d
FN:2,y
FN:2,b
FN:2,Y
FN:2,(anonymous_27)
FN:2,U
FNF:29
FNH:0
FNDA:0,(anonymous_0)
FNDA:0,k
FNDA:0,ab
FNDA:0,T
FNDA:0,X
FNDA:0,(anonymous_5)
FNDA:0,W
FNDA:0,(anonymous_7)
FNDA:0,a
FNDA:0,aa
FNDA:0,B
FNDA:0,o
FNDA:0,g
FNDA:0,(anonymous_13)
FNDA:0,(anonymous_14)
FNDA:0,i
FNDA:0,Q
FNDA:0,ae
FNDA:0,ad
FNDA:0,ai
FNDA:0,D
FNDA:0,c
FNDA:0,q
FNDA:0,d
FNDA:0,y
FNDA:0,b
FNDA:0,Y
FNDA:0,(anonymous_27)
FNDA:0,U
DA:2,0
LF:1
LH:0
BRDA:2,0,0,0
BRDA:2,0,1,0
BRDA:2,1,0,0
BRDA:2,1,1,0
BRDA:2,2,0,0
BRDA:2,2,1,0
BRDA:2,3,0,0
BRDA:2,3,1,0
BRDA:2,4,0,0
BRDA:2,4,1,0
BRDA:2,5,0,0
BRDA:2,5,1,0
BRDA:2,6,0,0
BRDA:2,6,1,0
BRDA:2,7,0,0
BRDA:2,7,1,0
BRDA:2,8,0,0
BRDA:2,8,1,0
BRDA:2,9,0,0
BRDA:2,9,1,0
BRDA:2,10,0,0
BRDA:2,10,1,0
BRDA:2,11,0,0
BRDA:2,11,1,0
BRDA:2,11,2,0
BRDA:2,11,3,0
BRDA:2,12,0,0
BRDA:2,12,1,0
BRDA:2,13,0,0
BRDA:2,13,1,0
BRDA:2,14,0,0
BRDA:2,14,1,0
BRDA:2,15,0,0
BRDA:2,15,1,0
BRDA:2,16,0,0
BRDA:2,16,1,0
BRDA:2,17,0,0
BRDA:2,17,1,0
BRDA:2,18,0,0
BRDA:2,18,1,0
BRDA:2,19,0,0
BRDA:2,19,1,0
BRDA:2,20,0,0
BRDA:2,20,1,0
BRDA:2,21,0,0
BRDA:2,21,1,0
BRDA:2,22,0,0
BRDA:2,22,1,0
BRDA:2,23,0,0
BRDA:2,23,1,0
BRDA:2,24,0,0
BRDA:2,24,1,0
BRDA:2,25,0,0
BRDA:2,25,1,0
BRDA:2,26,0,0
BRDA:2,26,1,0
BRDA:2,27,0,0
BRDA:2,27,1,0
BRDA:2,28,0,0
BRDA:2,28,1,0
BRDA:2,29,0,0
BRDA:2,29,1,0
BRDA:2,30,0,0
BRDA:2,30,1,0
BRDA:2,31,0,0
BRDA:2,31,1,0
BRDA:2,32,0,0
BRDA:2,32,1,0
BRDA:2,33,0,0
BRDA:2,33,1,0
BRDA:2,34,0,0
BRDA:2,34,1,0
BRDA:2,35,0,0
BRDA:2,35,1,0
BRDA:2,36,0,0
BRDA:2,36,1,0
BRDA:2,37,0,0
BRDA:2,37,1,0
BRDA:2,38,0,0
BRDA:2,38,1,0
BRDA:2,39,0,0
BRDA:2,39,1,0
BRDA:2,40,0,0
BRDA:2,40,1,0
BRDA:2,41,0,0
BRDA:2,41,1,0
BRDA:2,42,0,0
BRDA:2,42,1,0
BRDA:2,43,0,0
BRDA:2,43,1,0
BRDA:2,44,0,0
BRDA:2,44,1,0
BRDA:2,45,0,0
BRDA:2,45,1,0
BRDA:2,46,0,0
BRDA:2,46,1,0
BRDA:2,47,0,0
BRDA:2,47,1,0
BRDA:2,48,0,0
BRDA:2,48,1,0
BRDA:2,49,0,0
BRDA:2,49,1,0
BRDA:2,50,0,0
BRDA:2,50,1,0
BRDA:2,50,2,0
BRDA:2,51,0,0
BRDA:2,51,1,0
BRDA:2,52,0,0
BRDA:2,52,1,0
BRDA:2,53,0,0
BRDA:2,53,1,0
BRDA:2,54,0,0
BRDA:2,54,1,0
BRDA:2,55,0,0
BRDA:2,55,1,0
BRDA:2,56,0,0
BRDA:2,56,1,0
BRDA:2,57,0,0
BRDA:2,57,1,0
BRDA:2,58,0,0
BRDA:2,58,1,0
BRDA:2,59,0,0
BRDA:2,59,1,0
BRDA:2,60,0,0
BRDA:2,60,1,0
BRDA:2,61,0,0
BRDA:2,61,1,0
BRDA:2,62,0,0
BRDA:2,62,1,0
BRDA:2,63,0,0
BRDA:2,63,1,0
BRDA:2,64,0,0
BRDA:2,64,1,0
BRDA:2,65,0,0
BRDA:2,65,1,0
BRDA:2,66,0,0
BRDA:2,66,1,0
BRDA:2,67,0,0
BRDA:2,67,1,0
BRDA:2,68,0,0
BRDA:2,68,1,0
BRDA:2,69,0,0
BRDA:2,69,1,0
BRDA:2,70,0,0
BRDA:2,70,1,0
BRDA:2,71,0,0
BRDA:2,71,1,0
BRDA:2,72,0,0
BRDA:2,72,1,0
BRDA:2,73,0,0
BRDA:2,73,1,0
BRDA:2,74,0,0
BRDA:2,74,1,0
BRDA:2,75,0,0
BRDA:2,75,1,0
BRDA:2,76,0,0
BRDA:2,76,1,0
BRDA:2,77,0,0
BRDA:2,77,1,0
BRDA:2,78,0,0
BRDA:2,78,1,0
BRDA:2,79,0,0
BRDA:2,79,1,0
BRDA:2,80,0,0
BRDA:2,80,1,0
BRDA:2,81,0,0
BRDA:2,81,1,0
BRDA:2,82,0,0
BRDA:2,82,1,0
BRDA:2,83,0,0
BRDA:2,83,1,0
BRDA:2,84,0,0
BRDA:2,84,1,0
BRDA:2,85,0,0
BRDA:2,85,1,0
BRDA:2,86,0,0
BRDA:2,86,1,0
BRDA:2,87,0,0
BRDA:2,87,1,0
BRDA:2,88,0,0
BRDA:2,88,1,0
BRDA:2,89,0,0
BRDA:2,89,1,0
BRDA:2,89,2,0
BRDA:2,90,0,0
BRDA:2,90,1,0
BRDA:2,91,0,0
BRDA:2,91,1,0
BRDA:2,92,0,0
BRDA:2,92,1,0
BRDA:2,93,0,0
BRDA:2,93,1,0
BRDA:2,94,0,0
BRDA:2,94,1,0
BRDA:2,95,0,0
BRDA:2,95,1,0
BRDA:2,96,0,0
BRDA:2,96,1,0
BRDA:2,97,0,0
BRDA:2,97,1,0
BRDA:2,98,0,0
BRDA:2,98,1,0
BRDA:2,99,0,0
BRDA:2,99,1,0
BRDA:2,100,0,0
BRDA:2,100,1,0
BRDA:2,101,0,0
BRDA:2,101,1,0
BRDA:2,102,0,0
BRDA:2,102,1,0
BRDA:2,103,0,0
BRDA:2,103,1,0
BRDA:2,104,0,0
BRDA:2,104,1,0
BRDA:2,105,0,0
BRDA:2,105,1,0
BRDA:2,106,0,0
BRDA:2,106,1,0
BRDA:2,107,0,0
BRDA:2,107,1,0
BRDA:2,108,0,0
BRDA:2,108,1,0
BRDA:2,109,0,0
BRDA:2,109,1,0
BRDA:2,110,0,0
BRDA:2,110,1,0
BRDA:2,111,0,0
BRDA:2,111,1,0
BRDA:2,112,0,0
BRDA:2,112,1,0
BRDA:2,113,0,0
BRDA:2,113,1,0
BRDA:2,114,0,0
BRDA:2,114,1,0
BRDA:2,115,0,0
BRDA:2,115,1,0
BRDA:2,116,0,0
BRDA:2,116,1,0
BRDA:2,117,0,0
BRDA:2,117,1,0
BRDA:2,118,0,0
BRDA:2,118,1,0
BRDA:2,119,0,0
BRDA:2,119,1,0
BRDA:2,120,0,0
BRDA:2,120,1,0
BRDA:2,121,0,0
BRDA:2,121,1,0
BRDA:2,122,0,0
BRDA:2,122,1,0
BRDA:2,123,0,0
BRDA:2,123,1,0
BRDA:2,124,0,0
BRDA:2,124,1,0
BRDA:2,125,0,0
BRDA:2,125,1,0
BRDA:2,126,0,0
BRDA:2,126,1,0
BRDA:2,127,0,0
BRDA:2,127,1,0
BRDA:2,128,0,0
BRDA:2,128,1,0
BRDA:2,128,2,0
BRDA:2,129,0,0
BRDA:2,129,1,0
BRDA:2,130,0,0
BRDA:2,130,1,0
BRDA:2,131,0,0
BRDA:2,131,1,0
BRDA:2,131,2,0
BRDA:2,131,3,0
BRDA:2,131,4,0
BRDA:2,132,0,0
BRDA:2,132,1,0
BRDA:2,133,0,0
BRDA:2,133,1,0
BRDA:2,134,0,0
BRDA:2,134,1,0
BRDA:2,135,0,0
BRDA:2,135,1,0
BRDA:2,136,0,0
BRDA:2,136,1,0
BRDA:2,137,0,0
BRDA:2,137,1,0
BRDA:2,138,0,0
BRDA:2,138,1,0
BRF:286
BRH:0
end_of_record
TN:
SF:coverage\lcov-report\sorter.js
FN:2,(anonymous_0)
FN:11,getTable
FN:15,getTableHeader
FN:19,getTableBody
FN:23,getNthColumn
FN:27,onFilterInput
FN:59,addSearchBox
FN:67,loadColumns
FN:92,loadRowData
FN:111,loadData
FN:120,sortByIndex
FN:122,(anonymous_11)
FN:134,(anonymous_12)
FN:151,removeSortIndicators
FN:159,addSortIndicators
FN:165,enableUI
FN:168,ithSorter
FN:171,(anonymous_17)
FN:198,(anonymous_18)
FNF:19
FNH:0
FNDA:0,(anonymous_0)
FNDA:0,getTable
FNDA:0,getTableHeader
FNDA:0,getTableBody
FNDA:0,getNthColumn
FNDA:0,onFilterInput
FNDA:0,addSearchBox
FNDA:0,loadColumns
FNDA:0,loadRowData
FNDA:0,loadData
FNDA:0,sortByIndex
FNDA:0,(anonymous_11)
FNDA:0,(anonymous_12)
FNDA:0,removeSortIndicators
FNDA:0,addSortIndicators
FNDA:0,enableUI
FNDA:0,ithSorter
FNDA:0,(anonymous_17)
FNDA:0,(anonymous_18)
DA:2,0
DA:5,0
DA:12,0
DA:16,0
DA:20,0
DA:24,0
DA:28,0
DA:29,0
DA:34,0
DA:35,0
DA:37,0
DA:40,0
DA:41,0
DA:42,0
DA:44,0
DA:46,0
DA:49,0
DA:54,0
DA:60,0
DA:61,0
DA:62,0
DA:63,0
DA:68,0
DA:70,0
DA:74,0
DA:75,0
DA:76,0
DA:81,0
DA:82,0
DA:83,0
DA:84,0
DA:88,0
DA:93,0
DA:96,0
DA:99,0
DA:100,0
DA:101,0
DA:102,0
DA:103,0
DA:104,0
DA:106,0
DA:108,0
DA:112,0
DA:115,0
DA:116,0
DA:121,0
DA:122,0
DA:123,0
DA:124,0
DA:125,0
DA:127,0
DA:128,0
DA:129,0
DA:130,0
DA:133,0
DA:134,0
DA:135,0
DA:139,0
DA:140,0
DA:141,0
DA:144,0
DA:146,0
DA:147,0
DA:152,0
DA:153,0
DA:155,0
DA:156,0
DA:160,0
DA:168,0
DA:169,0
DA:171,0
DA:172,0
DA:174,0
DA:175,0
DA:177,0
DA:178,0
DA:179,0
DA:180,0
DA:181,0
DA:184,0
DA:185,0
DA:188,0
DA:189,0
DA:190,0
DA:192,0
DA:198,0
DA:199,0
DA:200,0
DA:202,0
DA:203,0
DA:204,0
DA:205,0
DA:206,0
DA:210,0
LF:94
LH:0
BRDA:44,0,0,0
BRDA:44,0,1,0
BRDA:54,1,0,0
BRDA:54,1,1,0
BRDA:79,2,0,0
BRDA:79,2,1,0
BRDA:82,3,0,0
BRDA:82,3,1,0
BRDA:103,4,0,0
BRDA:103,4,1,0
BRDA:125,5,0,0
BRDA:125,5,1,0
BRDA:125,6,0,0
BRDA:125,6,1,0
BRDA:133,7,0,0
BRDA:133,7,1,0
BRDA:160,8,0,0
BRDA:160,8,1,0
BRDA:174,9,0,0
BRDA:174,9,1,0
BRDA:185,10,0,0
BRDA:185,10,1,0
BRDA:189,11,0,0
BRDA:189,11,1,0
BRDA:199,12,0,0
BRDA:199,12,1,0
BRF:26
BRH:0
end_of_record
TN:
SF:middleware\authMiddleware.js
FN:4,(anonymous_0)
FN:34,(anonymous_1)
FN:50,(anonymous_2)
FNF:3
FNH:3
FNDA:9,(anonymous_0)
FNDA:7,(anonymous_1)
FNDA:5,(anonymous_2)
DA:4,1
DA:6,9
DA:8,9
DA:9,7
DA:10,7
DA:11,7
DA:12,4
DA:13,1
DA:15,3
DA:16,2
DA:17,1
DA:19,1
DA:21,4
DA:22,1
DA:24,3
DA:27,2
DA:34,1
DA:35,7
DA:36,7
DA:38,5
DA:39,5
DA:40,5
DA:41,3
DA:42,2
DA:47,5
DA:50,1
DA:51,5
DA:52,1
DA:54,4
LF:29
LH:29
BRDA:8,0,0,7
BRDA:8,0,1,2
BRDA:8,1,0,9
BRDA:8,1,1,8
BRDA:12,2,0,1
BRDA:12,2,1,3
BRDA:16,3,0,1
BRDA:16,3,1,1
BRDA:21,4,0,1
BRDA:21,4,1,3
BRDA:36,5,0,2
BRDA:36,5,1,5
BRDA:36,6,0,7
BRDA:36,6,1,6
BRDA:41,7,0,2
BRDA:41,7,1,1
BRDA:51,8,0,1
BRDA:51,8,1,4
BRDA:51,9,0,5
BRDA:51,9,1,4
BRF:20
BRH:20
end_of_record
TN:
SF:middleware\rateLimiters.js
FNF:0
FNH:0
DA:4,1
DA:14,1
DA:24,1
DA:35,1
DA:46,1
LF:5
LH:5
BRF:0
BRH:0
end_of_record
TN:
SF:middleware\sanitize.js
FN:5,(anonymous_0)
FN:7,(anonymous_1)
FN:22,(anonymous_2)
FNF:3
FNH:3
FNDA:78,(anonymous_0)
FNDA:83,(anonymous_1)
FNDA:25,(anonymous_2)
DA:5,78
DA:7,1
DA:8,83
DA:9,5
DA:11,78
DA:12,44
DA:13,44
DA:14,78
DA:15,46
DA:17,44
DA:19,34
DA:22,1
DA:23,25
DA:24,25
DA:25,25
DA:26,25
LF:16
LH:16
BRDA:5,0,0,78
BRDA:5,0,1,77
BRDA:5,0,2,44
BRDA:8,1,0,5
BRDA:8,1,1,78
BRDA:11,2,0,44
BRDA:11,2,1,34
BRDA:14,3,0,32
BRDA:14,3,1,46
BRDA:14,4,0,78
BRDA:14,4,1,59
BRDA:23,5,0,19
BRDA:23,5,1,6
BRDA:24,6,0,5
BRDA:24,6,1,20
BRDA:25,7,0,4
BRDA:25,7,1,21
BRF:17
BRH:17
end_of_record
TN:
SF:middleware\upload.js
FN:19,(anonymous_0)
FN:20,(anonymous_1)
FN:26,(anonymous_2)
FNF:3
FNH:3
FNDA:1,(anonymous_0)
FNDA:9,(anonymous_1)
FNDA:18,(anonymous_2)
DA:7,1
DA:12,1
DA:13,1
DA:15,1
DA:16,1
DA:18,1
DA:19,1
DA:21,9
DA:22,9
DA:26,1
DA:27,18
DA:28,18
DA:29,5
DA:31,13
DA:34,1
LF:15
LH:15
BRDA:28,0,0,5
BRDA:28,0,1,13
BRDA:28,1,0,18
BRDA:28,1,1,14
BRF:4
BRH:4
end_of_record
TN:
SF:models\CartItem.js
FNF:0
FNH:0
DA:3,1
DA:12,1
DA:14,1
LF:3
LH:3
BRF:0
BRH:0
end_of_record
TN:
SF:models\Category.js
FNF:0
FNH:0
DA:3,1
DA:17,1
LF:2
LH:2
BRF:0
BRH:0
end_of_record
TN:
SF:models\Contact.js
FNF:0
FNH:0
DA:3,1
LF:1
LH:1
BRF:0
BRH:0
end_of_record
TN:
SF:models\Conversation.js
FNF:0
FNH:0
DA:3,1
DA:11,1
DA:20,1
LF:3
LH:3
BRF:0
BRH:0
end_of_record
TN:
SF:models\Coupon.js
FNF:0
FNH:0
DA:6,1
DA:15,1
DA:48,1
LF:3
LH:3
BRF:0
BRH:0
end_of_record
TN:
SF:models\Notification.js
FNF:0
FNH:0
DA:3,1
DA:19,1
LF:2
LH:2
BRF:0
BRH:0
end_of_record
TN:
SF:models\Order.js
FNF:0
FNH:0
DA:4,1
DA:11,1
DA:18,1
DA:66,1
LF:4
LH:4
BRF:0
BRH:0
end_of_record
TN:
SF:models\Product.js
FNF:0
FNH:0
DA:3,1
DA:33,1
LF:2
LH:2
BRF:0
BRH:0
end_of_record
TN:
SF:models\Review.js
FNF:0
FNH:0
DA:4,1
DA:50,1
DA:51,1
DA:53,1
LF:4
LH:4
BRF:0
BRH:0
end_of_record
TN:
SF:models\Setting.js
FN:19,(anonymous_0)
FNF:1
FNH:0
FNDA:0,(anonymous_0)
DA:5,1
DA:19,1
DA:20,0
DA:21,0
DA:22,0
DA:25,1
LF:6
LH:3
BRDA:21,0,0,0
BRDA:21,0,1,0
BRF:2
BRH:0
end_of_record
TN:
SF:models\User.js
FN:64,(anonymous_0)
FN:71,(anonymous_1)
FN:75,(anonymous_2)
FN:82,(anonymous_3)
FN:96,(anonymous_4)
FNF:5
FNH:4
FNDA:0,(anonymous_0)
FNDA:2,(anonymous_1)
FNDA:4,(anonymous_2)
FNDA:5,(anonymous_3)
FNDA:2,(anonymous_4)
DA:4,1
DA:16,1
DA:25,1
DA:64,1
DA:65,0
DA:66,0
DA:67,0
DA:68,0
DA:71,1
DA:72,2
DA:75,1
DA:76,4
DA:79,1
DA:80,1
DA:82,1
DA:84,5
DA:85,1
DA:86,1
DA:88,4
DA:89,4
DA:90,1
DA:93,5
DA:96,1
DA:97,2
DA:98,1
DA:99,1
DA:100,1
DA:104,1
LF:28
LH:24
BRDA:65,0,0,0
BRDA:65,0,1,0
BRDA:76,1,0,4
BRDA:76,1,1,2
BRDA:84,2,0,1
BRDA:84,2,1,4
BRDA:84,3,0,5
BRDA:84,3,1,1
BRDA:88,4,0,4
BRDA:88,4,1,1
BRDA:89,5,0,1
BRDA:89,5,1,3
BRDA:97,6,0,1
BRDA:97,6,1,1
BRDA:97,7,0,2
BRDA:97,7,1,1
BRF:16
BRH:14
end_of_record
TN:
SF:models\Wishlist.js
FNF:0
FNH:0
DA:3,1
DA:12,1
LF:2
LH:2
BRF:0
BRH:0
end_of_record
TN:
SF:routes\adminRoutes.js
FNF:0
FNH:0
DA:20,1
DA:22,1
DA:23,1
DA:24,1
DA:25,1
DA:26,1
DA:27,1
DA:28,1
DA:29,1
DA:30,1
DA:31,1
DA:32,1
DA:33,1
DA:36,1
LF:14
LH:14
BRF:0
BRH:0
end_of_record
TN:
SF:routes\authRoutes.js
FNF:0
FNH:0
DA:23,1
DA:26,1
DA:27,1
DA:28,1
DA:29,1
DA:30,1
DA:31,1
DA:32,1
DA:33,1
DA:34,1
DA:37,1
DA:38,1
DA:41,1
DA:42,1
DA:45,1
DA:46,1
DA:49,1
DA:50,1
DA:51,1
LF:19
LH:19
BRF:0
BRH:0
end_of_record
TN:
SF:routes\cartRoutes.js
FNF:0
FNH:0
DA:10,1
DA:12,1
DA:14,1
DA:15,1
DA:16,1
DA:17,1
LF:6
LH:6
BRF:0
BRH:0
end_of_record
TN:
SF:routes\categoryRoutes.js
FNF:0
FNH:0
DA:10,1
DA:12,1
DA:13,1
DA:14,1
DA:15,1
LF:5
LH:5
BRF:0
BRH:0
end_of_record
TN:
SF:routes\chatRoutes.js
FNF:0
FNH:0
DA:6,0
DA:11,0
DA:17,0
DA:21,0
LF:4
LH:0
BRF:0
BRH:0
end_of_record
TN:
SF:routes\contactRoutes.js
FNF:0
FNH:0
DA:11,0
DA:14,0
DA:17,0
DA:18,0
DA:19,0
DA:20,0
LF:6
LH:0
BRF:0
BRH:0
end_of_record
TN:
SF:routes\couponRoutes.js
FNF:0
FNH:0
DA:14,1
DA:15,1
DA:16,1
DA:17,1
DA:18,1
DA:19,1
DA:20,1
DA:21,1
DA:24,1
DA:28,1
LF:10
LH:10
BRF:0
BRH:0
end_of_record
TN:
SF:routes\notificationRoutes.js
FNF:0
FNH:0
DA:9,1
DA:11,1
DA:13,1
DA:14,1
DA:15,1
LF:5
LH:5
BRF:0
BRH:0
end_of_record
TN:
SF:routes\orderRoutes.js
FNF:0
FNH:0
DA:15,1
DA:18,1
DA:19,1
DA:21,1
DA:23,1
DA:24,1
DA:25,1
DA:26,1
DA:27,1
DA:28,1
DA:29,1
LF:11
LH:11
BRF:0
BRH:0
end_of_record
TN:
SF:routes\productRoutes.js
FNF:0
FNH:0
DA:15,1
DA:19,1
DA:22,1
DA:26,1
DA:28,1
DA:29,1
DA:31,1
DA:32,1
DA:33,1
LF:9
LH:9
BRF:0
BRH:0
end_of_record
TN:
SF:routes\reviewRoutes.js
FN:10,(anonymous_0)
FN:15,(anonymous_1)
FN:30,(anonymous_2)
FN:55,(anonymous_3)
FN:81,(anonymous_4)
FN:167,(anonymous_5)
FNF:6
FNH:6
FNDA:13,(anonymous_0)
FNDA:20,(anonymous_1)
FNDA:6,(anonymous_2)
FNDA:11,(anonymous_3)
FNDA:25,(anonymous_4)
FNDA:13,(anonymous_5)
DA:8,1
DA:10,13
DA:15,1
DA:16,20
DA:17,20
DA:18,7
DA:19,13
DA:20,13
DA:21,13
DA:23,0
DA:25,20
DA:30,1
DA:31,6
DA:32,6
DA:34,6
DA:38,5
DA:39,5
DA:40,5
DA:42,5
DA:48,1
DA:55,1
DA:56,11
DA:57,11
DA:58,11
DA:60,11
DA:61,4
DA:62,4
DA:63,4
DA:66,7
DA:67,2
DA:69,5
DA:70,5
DA:71,4
DA:72,4
DA:74,1
DA:81,1
DA:82,25
DA:83,25
DA:84,25
DA:87,25
DA:88,3
DA:90,22
DA:91,1
DA:95,21
DA:96,20
DA:97,1
DA:101,19
DA:102,19
DA:103,19
DA:105,19
DA:107,5
DA:108,5
DA:111,5
DA:115,5
DA:116,1
DA:119,4
DA:120,4
DA:121,2
DA:125,14
DA:126,2
DA:130,12
DA:131,1
DA:134,11
DA:135,11
DA:138,11
DA:142,11
DA:143,1
DA:148,10
DA:149,10
DA:150,2
DA:155,10
DA:166,8
DA:167,13
DA:168,8
DA:170,8
DA:171,8
DA:172,8
DA:174,8
DA:181,3
DA:182,1
DA:186,2
LF:81
LH:80
BRDA:17,0,0,7
BRDA:17,0,1,13
BRDA:19,1,0,13
BRDA:19,1,1,0
BRDA:39,2,0,5
BRDA:39,2,1,1
BRDA:40,3,0,5
BRDA:40,3,1,1
BRDA:60,4,0,4
BRDA:60,4,1,7
BRDA:62,5,0,4
BRDA:62,5,1,3
BRDA:63,6,0,1
BRDA:63,6,1,3
BRDA:63,7,0,2
BRDA:63,7,1,1
BRDA:66,8,0,2
BRDA:66,8,1,5
BRDA:66,9,0,7
BRDA:66,9,1,6
BRDA:71,10,0,4
BRDA:71,10,1,3
BRDA:72,11,0,1
BRDA:72,11,1,3
BRDA:72,12,0,2
BRDA:72,12,1,1
BRDA:87,13,0,3
BRDA:87,13,1,22
BRDA:87,14,0,25
BRDA:87,14,1,23
BRDA:90,15,0,1
BRDA:90,15,1,21
BRDA:90,16,0,22
BRDA:90,16,1,22
BRDA:96,17,0,1
BRDA:96,17,1,19
BRDA:105,18,0,5
BRDA:105,18,1,14
BRDA:108,19,0,5
BRDA:108,19,1,1
BRDA:115,20,0,1
BRDA:115,20,1,4
BRDA:120,21,0,2
BRDA:120,21,1,2
BRDA:125,22,0,2
BRDA:125,22,1,12
BRDA:125,23,0,14
BRDA:125,23,1,13
BRDA:130,24,0,1
BRDA:130,24,1,11
BRDA:130,25,0,12
BRDA:130,25,1,12
BRDA:142,26,0,1
BRDA:142,26,1,10
BRDA:149,27,0,2
BRDA:149,27,1,8
BRDA:158,28,0,8
BRDA:158,28,1,2
BRDA:159,29,0,10
BRDA:159,29,1,2
BRDA:181,30,0,1
BRDA:181,30,1,2
BRF:62
BRH:61
end_of_record
TN:
SF:routes\settingsRoutes.js
FNF:0
FNH:0
DA:4,1
DA:6,1
LF:2
LH:2
BRF:0
BRH:0
end_of_record
TN:
SF:routes\uploadRoutes.js
FN:12,(anonymous_0)
FN:13,(anonymous_1)
FN:24,(anonymous_2)
FN:33,(anonymous_3)
FNF:4
FNH:4
FNDA:3,(anonymous_0)
FNDA:3,(anonymous_1)
FNDA:3,(anonymous_2)
FNDA:2,(anonymous_3)
DA:7,1
DA:12,1
DA:13,3
DA:14,3
DA:15,2
DA:16,1
DA:24,1
DA:25,3
DA:26,3
DA:27,1
DA:29,2
DA:30,2
DA:31,0
DA:33,2
DA:34,2
DA:35,1
LF:16
LH:15
BRDA:14,0,0,1
BRDA:14,0,1,2
BRDA:14,1,0,1
BRDA:14,1,1,0
BRDA:15,2,0,1
BRDA:15,2,1,1
BRDA:25,3,0,3
BRDA:25,3,1,0
BRDA:26,4,0,1
BRDA:26,4,1,2
BRDA:26,5,0,3
BRDA:26,5,1,3
BRDA:30,6,0,0
BRDA:30,6,1,2
BRDA:34,7,0,1
BRDA:34,7,1,1
BRDA:34,8,0,2
BRDA:34,8,1,1
BRF:18
BRH:15
end_of_record
TN:
SF:routes\wishlistRoutes.js
FNF:0
FNH:0
DA:10,1
DA:12,1
DA:14,1
DA:15,1
DA:16,1
DA:17,1
LF:6
LH:6
BRF:0
BRH:0
end_of_record
TN:
SF:services\aiService.js
FN:7,getClient
FN:13,(anonymous_1)
FN:13,(anonymous_2)
FN:17,(anonymous_3)
FN:24,getChatCompletion
FN:33,(anonymous_5)
FNF:6
FNH:6
FNDA:9,getClient
FNDA:4,(anonymous_1)
FNDA:4,(anonymous_2)
FNDA:5,(anonymous_3)
FNDA:9,getChatCompletion
FNDA:2,(anonymous_5)
DA:4,1
DA:6,1
DA:8,9
DA:9,8
DA:10,8
DA:13,4
DA:17,1
DA:18,5
DA:19,5
DA:25,9
DA:26,9
DA:27,1
DA:30,8
DA:33,2
DA:40,8
DA:42,8
DA:43,12
DA:44,12
DA:50,6
DA:52,6
DA:53,6
DA:54,4
DA:57,0
LF:23
LH:22
BRDA:8,0,0,1
BRDA:8,0,1,8
BRDA:9,1,0,1
BRDA:9,1,1,7
BRDA:18,2,0,5
BRDA:18,2,1,0
BRDA:19,3,0,5
BRDA:19,3,1,4
BRDA:19,3,2,3
BRDA:24,4,0,1
BRDA:26,5,0,1
BRDA:26,5,1,8
BRDA:34,6,0,1
BRDA:34,6,1,1
BRDA:53,7,0,2
BRDA:53,7,1,4
BRDA:53,8,0,6
BRDA:53,8,1,5
BRF:18
BRH:17
end_of_record
TN:
SF:utils\couponEngine.js
FN:18,findAndValidateCoupon
FN:49,(anonymous_1)
FN:69,(anonymous_2)
FN:71,(anonymous_3)
FN:77,(anonymous_4)
FN:79,(anonymous_5)
FN:106,recordCouponUsage
FN:108,(anonymous_7)
FNF:8
FNH:8
FNDA:48,findAndValidateCoupon
FNDA:6,(anonymous_1)
FNDA:2,(anonymous_2)
FNDA:12,(anonymous_3)
FNDA:7,(anonymous_4)
FNDA:5,(anonymous_5)
FNDA:10,recordCouponUsage
FNDA:6,(anonymous_7)
DA:19,48
DA:20,3
DA:22,45
DA:23,45
DA:24,3
DA:27,42
DA:28,42
DA:29,1
DA:32,41
DA:33,1
DA:36,40
DA:37,40
DA:38,1
DA:40,39
DA:41,1
DA:44,38
DA:45,2
DA:48,36
DA:49,36
DA:50,6
DA:53,36
DA:54,3
DA:58,33
DA:59,1
DA:66,32
DA:67,10
DA:68,10
DA:69,10
DA:71,10
DA:72,12
DA:73,12
DA:74,12
DA:75,10
DA:76,9
DA:77,7
DA:78,9
DA:79,5
DA:80,9
DA:83,10
DA:84,4
DA:88,28
DA:89,28
DA:90,25
DA:91,25
DA:92,2
DA:95,3
DA:98,28
DA:99,28
DA:101,28
DA:107,10
DA:108,10
DA:109,6
DA:112,10
DA:113,4
DA:115,6
DA:121,10
LF:56
LH:56
BRDA:19,0,0,3
BRDA:19,0,1,45
BRDA:19,1,0,48
BRDA:19,1,1,46
BRDA:23,2,0,3
BRDA:23,2,1,42
BRDA:23,3,0,45
BRDA:23,3,1,43
BRDA:28,4,0,1
BRDA:28,4,1,41
BRDA:32,5,0,1
BRDA:32,5,1,40
BRDA:37,6,0,1
BRDA:37,6,1,39
BRDA:40,7,0,1
BRDA:40,7,1,38
BRDA:44,8,0,2
BRDA:44,8,1,36
BRDA:44,9,0,38
BRDA:44,9,1,37
BRDA:48,10,0,36
BRDA:48,10,1,0
BRDA:50,11,0,6
BRDA:50,11,1,3
BRDA:50,11,2,3
BRDA:50,11,3,4
BRDA:50,11,4,3
BRDA:50,11,5,3
BRDA:50,11,6,3
BRDA:53,12,0,3
BRDA:53,12,1,33
BRDA:53,13,0,36
BRDA:53,13,1,5
BRDA:58,14,0,1
BRDA:58,14,1,32
BRDA:58,15,0,33
BRDA:58,15,1,30
BRDA:66,16,0,10
BRDA:66,16,1,22
BRDA:66,17,0,32
BRDA:66,17,1,10
BRDA:69,18,0,10
BRDA:69,18,1,0
BRDA:72,19,0,12
BRDA:72,19,1,0
BRDA:73,20,0,12
BRDA:73,20,1,0
BRDA:74,21,0,2
BRDA:74,21,1,10
BRDA:74,22,0,12
BRDA:74,22,1,12
BRDA:75,23,0,1
BRDA:75,23,1,9
BRDA:75,24,0,10
BRDA:75,24,1,3
BRDA:76,25,0,9
BRDA:76,25,1,7
BRDA:76,25,2,7
BRDA:78,26,0,9
BRDA:78,26,1,5
BRDA:78,26,2,5
BRDA:80,27,0,9
BRDA:80,27,1,6
BRDA:83,28,0,4
BRDA:83,28,1,6
BRDA:89,29,0,25
BRDA:89,29,1,3
BRDA:91,30,0,2
BRDA:91,30,1,23
BRDA:109,31,0,6
BRDA:109,31,1,3
BRDA:109,31,2,3
BRDA:109,31,3,4
BRDA:109,31,4,3
BRDA:109,31,5,3
BRDA:109,31,6,3
BRDA:112,32,0,4
BRDA:112,32,1,6
BRDA:116,33,0,6
BRDA:116,33,1,2
BRDA:117,34,0,4
BRDA:117,34,1,2
BRDA:117,35,0,2
BRDA:117,35,1,0
BRF:84
BRH:79
end_of_record
TN:
SF:utils\ensureAdmin.js
FN:9,ensureAdminUser
FNF:1
FNH:1
FNDA:3,ensureAdminUser
DA:10,3
DA:11,3
DA:21,2
DA:23,2
DA:24,1
DA:29,1
DA:32,1
DA:33,1
DA:43,1
LF:9
LH:9
BRDA:11,0,0,1
BRDA:11,0,1,2
BRDA:16,1,0,1
BRDA:17,2,0,1
BRDA:23,3,0,1
BRDA:23,3,1,1
BRDA:23,4,0,2
BRDA:23,4,1,1
BRDA:23,4,2,1
BRDA:23,4,3,1
BRF:10
BRH:10
end_of_record
TN:
SF:utils\mailer.js
FN:35,sendMail
FN:65,sendOrderStatusEmail
FN:77,sendPaymentConfirmedEmail
FN:88,sendVerificationOtpEmail
FN:99,sendContactReplyEmail
FNF:5
FNH:5
FNDA:9,sendMail
FNDA:2,sendOrderStatusEmail
FNDA:2,sendPaymentConfirmedEmail
FNDA:4,sendVerificationOtpEmail
FNDA:2,sendContactReplyEmail
DA:18,11
DA:20,11
DA:21,11
DA:22,10
DA:36,9
DA:37,1
DA:38,1
DA:40,8
DA:41,8
DA:48,7
DA:50,1
DA:51,1
DA:56,11
DA:66,2
DA:67,2
DA:68,2
DA:70,2
DA:74,2
DA:78,2
DA:79,2
DA:81,2
DA:84,2
DA:89,4
DA:90,3
DA:92,3
DA:95,3
DA:100,2
DA:101,2
DA:103,2
DA:109,2
LF:30
LH:30
BRDA:18,0,0,11
BRDA:18,0,1,10
BRDA:21,1,0,10
BRDA:21,1,1,1
BRDA:36,2,0,1
BRDA:36,2,1,8
BRDA:66,3,0,0
BRDA:66,3,1,2
BRDA:67,4,0,2
BRDA:67,4,1,1
BRDA:71,5,0,2
BRDA:71,5,1,1
BRDA:78,6,0,0
BRDA:78,6,1,2
BRDA:79,7,0,2
BRDA:79,7,1,1
BRDA:82,8,0,2
BRDA:82,8,1,1
BRDA:89,9,0,1
BRDA:89,9,1,3
BRDA:100,10,0,0
BRDA:100,10,1,2
BRDA:103,11,0,2
BRDA:103,11,1,1
BRF:24
BRH:21
end_of_record
TN:
SF:utils\notifyAdmins.js
FN:9,(anonymous_0)
FN:13,(anonymous_1)
FNF:2
FNH:2
FNDA:3,(anonymous_0)
FNDA:3,(anonymous_1)
DA:9,1
DA:10,3
DA:11,3
DA:12,2
DA:13,3
LF:5
LH:5
BRDA:9,0,0,2
BRDA:11,1,0,1
BRDA:11,1,1,2
BRF:3
BRH:3
end_of_record
TN:
SF:utils\otp.js
FN:3,generateOtp
FN:7,hashOtp
FN:11,compareOtp
FNF:3
FNH:3
FNDA:2,generateOtp
FNDA:1,hashOtp
FNDA:4,compareOtp
DA:4,2
DA:8,1
DA:12,4
DA:13,2
DA:16,1
LF:5
LH:5
BRDA:12,0,0,2
BRDA:12,0,1,2
BRF:2
BRH:2
end_of_record
TN:
SF:utils\securityQuestions.js
FN:10,(anonymous_0)
FNF:1
FNH:1
FNDA:10,(anonymous_0)
DA:1,2
DA:10,10
LF:2
LH:2
BRDA:10,0,0,10
BRDA:10,0,1,3
BRF:2
BRH:2
end_of_record
TN:
SF:utils\tokens.js
FN:6,(anonymous_0)
FN:10,(anonymous_1)
FN:16,(anonymous_2)
FN:17,(anonymous_3)
FN:23,(anonymous_4)
FNF:5
FNH:5
FNDA:2,(anonymous_0)
FNDA:1,(anonymous_1)
FNDA:3,(anonymous_2)
FNDA:5,(anonymous_3)
FNDA:4,(anonymous_4)
DA:5,1
DA:6,1
DA:7,2
DA:10,1
DA:11,1
DA:16,3
DA:17,5
DA:19,1
DA:21,1
DA:23,4
LF:10
LH:10
BRDA:5,0,0,1
BRDA:5,0,1,1
BRF:2
BRH:2
end_of_record
TN:
SF:utils\validators.js
FN:2,(anonymous_0)
FN:3,(anonymous_1)
FN:4,(anonymous_2)
FN:5,(anonymous_3)
FN:6,(anonymous_4)
FN:9,validatePasswordStrength
FN:11,(anonymous_6)
FNF:7
FNH:7
FNDA:18,(anonymous_0)
FNDA:16,(anonymous_1)
FNDA:15,(anonymous_2)
FNDA:14,(anonymous_3)
FNDA:13,(anonymous_4)
FNDA:19,validatePasswordStrength
FNDA:66,(anonymous_6)
DA:1,1
DA:2,18
DA:3,16
DA:4,15
DA:5,14
DA:6,13
DA:10,19
DA:11,66
DA:12,16
DA:13,6
DA:15,10
LF:11
LH:11
BRDA:10,0,0,3
BRDA:10,0,1,16
BRDA:12,1,0,6
BRDA:12,1,1,10
BRF:4
BRH:4
end_of_record
